[Info  - 7:17:14 AM] Language server connection initialized.
[Info  - 7:17:15 AM] Setting workspaceFolders [{"uri":"file:///var/www/html/recursos","name":"recursos"}].
[Info  - 7:17:15 AM] Configuration change triggerd, validating all open documents.
[Info  - 7:17:15 AM] Created controller with settings '{"enabled":true,"command":"php /root/.vscode/extensions/ecodes.vscode-phpmd-1.2.0/phpmd/phpmd.phar","rules":"cleancode,codesize,controversial,design,unusedcode,naming","verbose":false,"clearOnClose":true}' and environment '{"workspaceFolders":[{"uri":"file:///var/www/html/recursos","name":"recursos"}],"homeDir":"/root"}'
[Info  - 7:17:16 AM] New document opened, starting validation.
[Info  - 7:17:27 AM] Document closed, clearing messages.
[Info  - 7:17:28 AM] Clearing diagnostics for file:///var/www/html/recursos/models/ReporteGECOMP.model.php
[Info  - 7:17:44 AM] New document opened, starting validation.
[Info  - 7:18:00 AM] New document opened, starting validation.
[Info  - 7:18:01 AM] Document validation after open completed successfully
[Info  - 7:18:01 AM] Document validation after open completed successfully
[Info  - 7:18:02 AM] Document validation after open completed successfully
[Info  - 7:19:14 AM] New document opened, starting validation.
[Info  - 7:19:17 AM] Document validation after open completed successfully
[Info  - 7:19:19 AM] New document opened, starting validation.
[Info  - 7:19:21 AM] Document validation after open completed successfully
[Info  - 7:31:30 AM] Document saved, starting validation.
[Info  - 7:31:35 AM] Document validation after save completed successfully
[Info  - 7:31:35 AM] Document saved, starting validation.
[Info  - 7:31:38 AM] Document validation after save completed successfully
[Info  - 7:31:43 AM] Document saved, starting validation.
[Info  - 7:31:46 AM] Document validation after save completed successfully
[Info  - 7:32:09 AM] Document saved, starting validation.
[Info  - 7:32:12 AM] Document validation after save completed successfully
[Info  - 7:33:09 AM] Document saved, starting validation.
[Info  - 7:33:10 AM] Document saved, starting validation.
[Info  - 7:33:13 AM] Document validation after save completed successfully
[Info  - 7:33:14 AM] Document validation after save completed successfully
[Info  - 7:35:50 AM] Document saved, starting validation.
[Info  - 7:35:53 AM] Document validation after save completed successfully
[Info  - 7:36:18 AM] Document saved, starting validation.
[Info  - 7:36:22 AM] Document validation after save completed successfully
[Info  - 7:36:25 AM] Document saved, starting validation.
[Info  - 7:36:28 AM] Document saved, starting validation.
[Info  - 7:36:29 AM] Document validation after save completed successfully
[Info  - 7:36:31 AM] Document validation after save completed successfully
[Info  - 7:36:31 AM] Document saved, starting validation.
[Info  - 7:36:33 AM] Document validation after save completed successfully
[Info  - 7:36:34 AM] Document saved, starting validation.
[Info  - 7:36:37 AM] Document validation after save completed successfully
[Info  - 7:39:32 AM] Document saved, starting validation.
[Info  - 7:39:35 AM] Document validation after save completed successfully
[Info  - 7:39:37 AM] Document saved, starting validation.
[Info  - 7:39:38 AM] Document validation after save completed successfully
[Info  - 7:40:27 AM] Document saved, starting validation.
[Info  - 7:40:29 AM] Document validation after save completed successfully
[Info  - 7:40:30 AM] Document saved, starting validation.
[Info  - 7:40:33 AM] Document validation after save completed successfully
[Info  - 7:40:36 AM] Document saved, starting validation.
[Info  - 7:40:39 AM] Document validation after save completed successfully
[Info  - 7:45:08 AM] Document saved, starting validation.
[Info  - 7:45:10 AM] Document saved, starting validation.
[Info  - 7:45:12 AM] Document validation after save completed successfully
[Info  - 7:45:14 AM] Document validation after save completed successfully
[Info  - 7:45:14 AM] Document saved, starting validation.
[Info  - 7:45:16 AM] Document validation after save completed successfully
[Info  - 7:45:31 AM] Document saved, starting validation.
[Info  - 7:45:33 AM] Document validation after save completed successfully
[Info  - 7:45:36 AM] Document saved, starting validation.
[Info  - 7:45:38 AM] Document validation after save completed successfully
[Info  - 7:45:54 AM] Document saved, starting validation.
[Info  - 7:45:55 AM] Document validation after save completed successfully
[Info  - 7:46:14 AM] New document opened, starting validation.
[Info  - 7:46:14 AM] Document closed, clearing messages.
[Info  - 7:46:14 AM] Clearing diagnostics for file:///var/www/html/recursos/libs/dao.php
[Info  - 7:46:14 AM] Document validation after open completed successfully
[Info  - 7:46:17 AM] Document saved, starting validation.
[Info  - 7:46:19 AM] Document saved, starting validation.
[Info  - 7:46:20 AM] Document validation after save completed successfully
[Info  - 7:46:22 AM] Document validation after save completed successfully
[Info  - 7:46:24 AM] Document saved, starting validation.
[Info  - 7:46:26 AM] Document validation after save completed successfully
[Info  - 7:46:36 AM] Document saved, starting validation.
[Info  - 7:46:38 AM] Document validation after save completed successfully
[Info  - 7:46:40 AM] Document saved, starting validation.
[Info  - 7:46:41 AM] Document validation after save completed successfully
[Info  - 7:46:46 AM] Document saved, starting validation.
[Info  - 7:46:47 AM] Document validation after save completed successfully
[Info  - 7:46:48 AM] Document saved, starting validation.
[Info  - 7:46:52 AM] Document validation after save completed successfully
[Info  - 7:46:53 AM] Document saved, starting validation.
[Info  - 7:46:54 AM] Document validation after save completed successfully
[Info  - 7:46:55 AM] Document saved, starting validation.
[Info  - 7:46:56 AM] Document validation after save completed successfully
[Info  - 7:47:19 AM] Document saved, starting validation.
[Info  - 7:47:21 AM] Document validation after save completed successfully
[Info  - 7:47:25 AM] Document saved, starting validation.
[Info  - 7:47:26 AM] Document validation after save completed successfully
[Info  - 7:47:31 AM] Document saved, starting validation.
[Info  - 7:47:32 AM] Document validation after save completed successfully
[Info  - 7:47:37 AM] Document saved, starting validation.
[Info  - 7:47:39 AM] Document validation after save completed successfully
[Info  - 7:47:40 AM] Document saved, starting validation.
[Info  - 7:47:43 AM] Document validation after save completed successfully
[Info  - 7:47:44 AM] Document saved, starting validation.
[Info  - 7:47:44 AM] Document saved, starting validation.
[Info  - 7:47:47 AM] Document validation after save completed successfully
[Info  - 7:47:47 AM] Document validation after save completed successfully
[Info  - 7:47:48 AM] Document saved, starting validation.
[Info  - 7:47:50 AM] Document saved, starting validation.
[Info  - 7:47:52 AM] Document saved, starting validation.
[Info  - 7:47:54 AM] Document saved, starting validation.
[Info  - 7:47:55 AM] Document validation after save completed successfully
[Info  - 7:47:55 AM] Document validation after save completed successfully
[Info  - 7:47:58 AM] Document validation after save completed successfully
[Info  - 7:47:58 AM] Document validation after save completed successfully
[Info  - 7:47:58 AM] Document saved, starting validation.
[Info  - 7:47:58 AM] Document saved, starting validation.
[Info  - 7:48:00 AM] Document saved, starting validation.
[Info  - 7:48:04 AM] Document validation after save completed successfully
[Info  - 7:48:04 AM] Document validation after save completed successfully
[Info  - 7:48:06 AM] Document saved, starting validation.
[Info  - 7:48:07 AM] Document validation after save completed successfully
[Info  - 7:48:08 AM] Document validation after save completed successfully
[Info  - 7:48:11 AM] Document saved, starting validation.
[Info  - 7:48:12 AM] Document validation after save completed successfully
[Info  - 7:48:22 AM] Document saved, starting validation.
[Info  - 7:48:24 AM] Document validation after save completed successfully
[Info  - 7:48:25 AM] Document saved, starting validation.
[Info  - 7:48:26 AM] Document validation after save completed successfully
[Info  - 7:48:40 AM] Document saved, starting validation.
[Info  - 7:48:40 AM] Document saved, starting validation.
[Info  - 7:48:43 AM] Document saved, starting validation.
[Info  - 7:48:44 AM] Document validation after save completed successfully
[Info  - 7:48:45 AM] Document validation after save completed successfully
[Info  - 7:48:45 AM] Document validation after save completed successfully
[Info  - 7:48:47 AM] Document saved, starting validation.
[Info  - 7:48:49 AM] Document validation after save completed successfully
[Info  - 7:48:50 AM] Document saved, starting validation.
[Info  - 7:48:51 AM] Document saved, starting validation.
[Info  - 7:48:53 AM] Document validation after save completed successfully
[Info  - 7:48:54 AM] Document validation after save completed successfully
[Info  - 7:48:54 AM] Document saved, starting validation.
[Info  - 7:48:57 AM] Document validation after save completed successfully
[Info  - 7:49:20 AM] Document saved, starting validation.
[Info  - 7:49:22 AM] Document validation after save completed successfully
[Info  - 7:49:24 AM] Document saved, starting validation.
[Info  - 7:49:26 AM] Document saved, starting validation.
[Info  - 7:49:28 AM] Document validation after save completed successfully
[Info  - 7:49:28 AM] Document saved, starting validation.
[Info  - 7:49:30 AM] Document saved, starting validation.
[Info  - 7:49:31 AM] Document validation after save completed successfully
[Info  - 7:49:32 AM] Document validation after save completed successfully
[Info  - 7:49:32 AM] Document validation after save completed successfully
[Info  - 7:49:41 AM] Document saved, starting validation.
[Info  - 7:49:44 AM] Document validation after save completed successfully
[Info  - 7:49:53 AM] Document saved, starting validation.
[Info  - 7:49:54 AM] Document validation after save completed successfully
[Info  - 7:50:07 AM] Document saved, starting validation.
[Info  - 7:50:09 AM] Document saved, starting validation.
[Info  - 7:50:12 AM] Document validation after save completed successfully
[Info  - 7:50:12 AM] Document saved, starting validation.
[Info  - 7:50:14 AM] Document validation after save completed successfully
[Info  - 7:50:14 AM] Document validation after save completed successfully
[Info  - 7:50:28 AM] Document saved, starting validation.
[Info  - 7:50:30 AM] Document validation after save completed successfully
[Info  - 7:50:37 AM] Document saved, starting validation.
[Info  - 7:50:39 AM] Document saved, starting validation.
[Info  - 7:50:41 AM] Document saved, starting validation.
[Info  - 7:50:42 AM] Document validation after save completed successfully
[Info  - 7:50:43 AM] Document validation after save completed successfully
[Info  - 7:50:44 AM] Document validation after save completed successfully
[Info  - 7:50:44 AM] Document saved, starting validation.
[Info  - 7:50:47 AM] Document validation after save completed successfully
[Info  - 7:50:47 AM] Document saved, starting validation.
[Info  - 7:50:51 AM] Document validation after save completed successfully
[Info  - 7:50:52 AM] Document saved, starting validation.
[Info  - 7:50:53 AM] Document saved, starting validation.
[Info  - 7:50:55 AM] Document saved, starting validation.
[Info  - 7:50:55 AM] Document validation after save completed successfully
[Info  - 7:50:59 AM] Document validation after save completed successfully
[Info  - 7:51:00 AM] Document validation after save completed successfully
[Info  - 7:51:00 AM] Document saved, starting validation.
[Info  - 7:51:02 AM] Document validation after save completed successfully
[Info  - 7:51:05 AM] Document saved, starting validation.
[Info  - 7:51:06 AM] Document saved, starting validation.
[Info  - 7:51:07 AM] Document validation after save completed successfully
[Info  - 7:51:08 AM] Document validation after save completed successfully
[Info  - 7:51:14 AM] Document saved, starting validation.
[Info  - 7:51:16 AM] Document validation after save completed successfully
[Info  - 7:51:17 AM] Document saved, starting validation.
[Info  - 7:51:18 AM] Document validation after save completed successfully
[Info  - 7:51:29 AM] Document saved, starting validation.
[Info  - 7:51:31 AM] Document validation after save completed successfully
[Info  - 7:51:53 AM] Document saved, starting validation.
[Info  - 7:51:56 AM] Document validation after save completed successfully
[Info  - 7:51:57 AM] Document saved, starting validation.
[Info  - 7:51:58 AM] Document validation after save completed successfully
[Info  - 7:52:14 AM] Document saved, starting validation.
[Info  - 7:52:15 AM] Document validation after save completed successfully
[Info  - 7:53:21 AM] Document saved, starting validation.
[Info  - 7:53:23 AM] Document validation after save completed successfully
[Info  - 7:53:49 AM] Document saved, starting validation.
[Info  - 7:53:52 AM] Document validation after save completed successfully
[Info  - 7:53:56 AM] Document saved, starting validation.
[Info  - 7:53:59 AM] Document validation after save completed successfully
[Info  - 7:53:59 AM] Document saved, starting validation.
[Info  - 7:54:01 AM] Document validation after save completed successfully
[Info  - 7:54:07 AM] Document saved, starting validation.
[Info  - 7:54:08 AM] Document validation after save completed successfully
[Info  - 7:56:15 AM] Document saved, starting validation.
[Info  - 7:56:18 AM] Document validation after save completed successfully
[Info  - 7:56:51 AM] Document saved, starting validation.
[Info  - 7:56:52 AM] Document validation after save completed successfully
[Info  - 7:56:57 AM] Document saved, starting validation.
[Info  - 7:56:59 AM] Document validation after save completed successfully
[Info  - 7:57:25 AM] Document saved, starting validation.
[Info  - 7:57:27 AM] Document saved, starting validation.
[Info  - 7:57:28 AM] Document validation after save completed successfully
[Info  - 7:57:29 AM] Document validation after save completed successfully
[Info  - 7:57:34 AM] Document saved, starting validation.
[Info  - 7:57:35 AM] Document validation after save completed successfully
[Info  - 7:57:40 AM] Document saved, starting validation.
[Info  - 7:57:42 AM] Document validation after save completed successfully
[Info  - 7:57:43 AM] Document saved, starting validation.
[Info  - 7:57:45 AM] Document validation after save completed successfully
[Info  - 7:57:48 AM] Document saved, starting validation.
[Info  - 7:57:50 AM] Document saved, starting validation.
[Info  - 7:57:52 AM] Document validation after save completed successfully
[Info  - 7:57:53 AM] Document validation after save completed successfully
[Info  - 7:57:56 AM] Document saved, starting validation.
[Info  - 7:57:58 AM] Document saved, starting validation.
[Info  - 7:58:00 AM] Document validation after save completed successfully
[Info  - 7:58:01 AM] Document validation after save completed successfully
[Info  - 7:58:18 AM] Document saved, starting validation.
[Info  - 7:58:20 AM] Document validation after save completed successfully
[Info  - 7:58:43 AM] Document saved, starting validation.
[Info  - 7:58:46 AM] Document validation after save completed successfully
[Info  - 7:58:54 AM] Document saved, starting validation.
[Info  - 7:58:56 AM] Document validation after save completed successfully
[Info  - 7:58:59 AM] Document saved, starting validation.
[Info  - 7:59:02 AM] Document saved, starting validation.
[Info  - 7:59:04 AM] Document validation after save completed successfully
[Info  - 7:59:04 AM] Document saved, starting validation.
[Info  - 7:59:05 AM] Document validation after save completed successfully
[Info  - 7:59:06 AM] Document validation after save completed successfully
[Info  - 7:59:06 AM] Document saved, starting validation.
[Info  - 7:59:08 AM] Document saved, starting validation.
[Info  - 7:59:09 AM] Document validation after save completed successfully
[Info  - 7:59:11 AM] Document validation after save completed successfully
[Info  - 7:59:14 AM] Document saved, starting validation.
[Info  - 7:59:16 AM] Document validation after save completed successfully
[Info  - 7:59:51 AM] Document saved, starting validation.
[Info  - 7:59:52 AM] Document validation after save completed successfully
[Info  - 8:00:13 AM] Document saved, starting validation.
[Info  - 8:00:14 AM] Document validation after save completed successfully
[Info  - 8:01:06 AM] Document saved, starting validation.
[Info  - 8:01:09 AM] Document validation after save completed successfully
[Info  - 8:02:18 AM] Document saved, starting validation.
[Info  - 8:02:21 AM] Document validation after save completed successfully
[Info  - 8:02:44 AM] Document saved, starting validation.
[Info  - 8:02:46 AM] Document validation after save completed successfully
[Info  - 8:03:04 AM] Document saved, starting validation.
[Info  - 8:03:06 AM] Document validation after save completed successfully
[Info  - 8:03:08 AM] Document saved, starting validation.
[Info  - 8:03:10 AM] Document validation after save completed successfully
[Info  - 8:03:17 AM] Document saved, starting validation.
[Info  - 8:03:19 AM] Document validation after save completed successfully
[Info  - 8:03:42 AM] Document saved, starting validation.
[Info  - 8:03:44 AM] Document saved, starting validation.
[Info  - 8:03:46 AM] Document validation after save completed successfully
[Info  - 8:03:47 AM] Document validation after save completed successfully
[Info  - 8:04:05 AM] Document saved, starting validation.
[Info  - 8:04:07 AM] Document validation after save completed successfully
[Info  - 8:04:26 AM] Document saved, starting validation.
[Info  - 8:04:30 AM] Document validation after save completed successfully
[Info  - 8:04:31 AM] Document saved, starting validation.
[Info  - 8:04:32 AM] Document validation after save completed successfully
[Info  - 8:05:59 AM] Document saved, starting validation.
[Info  - 8:06:01 AM] Document validation after save completed successfully
[Info  - 8:06:04 AM] Document saved, starting validation.
[Info  - 8:06:06 AM] Document validation after save completed successfully
[Info  - 8:06:10 AM] Document saved, starting validation.
[Info  - 8:06:11 AM] Document validation after save completed successfully
[Info  - 8:11:03 AM] Document saved, starting validation.
[Info  - 8:11:03 AM] Document validation after save completed successfully
[Info  - 8:11:07 AM] Document saved, starting validation.
[Info  - 8:11:07 AM] Document validation after save completed successfully
[Info  - 8:11:10 AM] Document saved, starting validation.
[Info  - 8:11:11 AM] Document validation after save completed successfully
[Info  - 8:11:13 AM] Document saved, starting validation.
[Info  - 8:11:14 AM] Document validation after save completed successfully
[Info  - 8:11:20 AM] Document saved, starting validation.
[Info  - 8:11:21 AM] Document validation after save completed successfully
[Info  - 8:11:23 AM] Document saved, starting validation.
[Info  - 8:11:25 AM] Document validation after save completed successfully
[Info  - 8:11:25 AM] Document saved, starting validation.
[Info  - 8:11:26 AM] Document validation after save completed successfully
[Info  - 8:11:26 AM] Document saved, starting validation.
[Info  - 8:11:28 AM] Document validation after save completed successfully
[Info  - 8:12:22 AM] Document saved, starting validation.
[Info  - 8:12:23 AM] Document validation after save completed successfully
[Info  - 8:12:24 AM] Document saved, starting validation.
[Info  - 8:12:25 AM] Document validation after save completed successfully
[Info  - 8:12:26 AM] Document saved, starting validation.
[Info  - 8:12:26 AM] Document validation after save completed successfully
[Info  - 8:12:27 AM] Document saved, starting validation.
[Info  - 8:12:27 AM] Document validation after save completed successfully
[Info  - 8:12:32 AM] Document saved, starting validation.
[Info  - 8:12:32 AM] Document validation after save completed successfully
[Info  - 8:12:46 AM] Document saved, starting validation.
[Info  - 8:12:46 AM] Document validation after save completed successfully
[Info  - 8:12:48 AM] Document saved, starting validation.
[Info  - 8:12:48 AM] Document validation after save completed successfully
[Info  - 8:12:54 AM] Document saved, starting validation.
[Info  - 8:12:54 AM] Document validation after save completed successfully
[Info  - 8:13:14 AM] Document saved, starting validation.
[Info  - 8:13:15 AM] Document validation after save completed successfully
[Info  - 8:14:07 AM] Document saved, starting validation.
[Info  - 8:14:08 AM] Document validation after save completed successfully
[Info  - 8:14:23 AM] Document saved, starting validation.
[Info  - 8:14:24 AM] Document validation after save completed successfully
[Info  - 8:15:12 AM] Document saved, starting validation.
[Info  - 8:15:13 AM] Document validation after save completed successfully
[Info  - 8:15:14 AM] Document saved, starting validation.
[Info  - 8:15:16 AM] Document validation after save completed successfully
[Info  - 8:15:16 AM] Document saved, starting validation.
[Info  - 8:15:16 AM] Document validation after save completed successfully
[Info  - 8:15:31 AM] Document saved, starting validation.
[Info  - 8:15:31 AM] Document validation after save completed successfully
[Info  - 8:15:36 AM] Document saved, starting validation.
[Info  - 8:15:36 AM] Document validation after save completed successfully
[Info  - 8:15:38 AM] Document saved, starting validation.
[Info  - 8:15:38 AM] Document validation after save completed successfully
[Info  - 8:15:44 AM] Document saved, starting validation.
[Info  - 8:15:44 AM] Document validation after save completed successfully
[Info  - 8:15:47 AM] Document saved, starting validation.
[Info  - 8:15:48 AM] Document validation after save completed successfully
[Info  - 8:15:49 AM] Document saved, starting validation.
[Info  - 8:15:50 AM] Document validation after save completed successfully
[Info  - 8:16:11 AM] Document saved, starting validation.
[Info  - 8:16:12 AM] Document validation after save completed successfully
[Info  - 8:16:50 AM] Document saved, starting validation.
[Info  - 8:16:51 AM] Document validation after save completed successfully
[Info  - 8:16:54 AM] Document saved, starting validation.
[Info  - 8:16:56 AM] Document validation after save completed successfully
[Info  - 8:16:56 AM] Document saved, starting validation.
[Info  - 8:16:56 AM] Document validation after save completed successfully
[Info  - 8:17:00 AM] Document saved, starting validation.
[Info  - 8:17:02 AM] Document validation after save completed successfully
[Info  - 8:17:04 AM] Document saved, starting validation.
[Info  - 8:17:05 AM] Document validation after save completed successfully
[Info  - 8:17:19 AM] Document saved, starting validation.
[Info  - 8:17:20 AM] Document validation after save completed successfully
[Info  - 8:17:35 AM] Document saved, starting validation.
[Info  - 8:17:36 AM] Document validation after save completed successfully
[Info  - 8:18:22 AM] Document saved, starting validation.
[Info  - 8:18:22 AM] Document validation after save completed successfully
[Info  - 8:18:24 AM] Document saved, starting validation.
[Info  - 8:18:25 AM] Document validation after save completed successfully
[Info  - 8:18:40 AM] Document saved, starting validation.
[Info  - 8:18:40 AM] Document validation after save completed successfully
[Info  - 8:18:41 AM] Document saved, starting validation.
[Info  - 8:18:43 AM] Document validation after save completed successfully
[Info  - 8:19:12 AM] Document saved, starting validation.
[Info  - 8:19:13 AM] Document validation after save completed successfully
[Info  - 8:19:27 AM] Document saved, starting validation.
[Info  - 8:19:27 AM] Document validation after save completed successfully
[Info  - 8:19:29 AM] Document saved, starting validation.
[Info  - 8:19:30 AM] Document validation after save completed successfully
[Info  - 8:19:30 AM] Document saved, starting validation.
[Info  - 8:19:31 AM] Document validation after save completed successfully
[Info  - 8:20:25 AM] Document saved, starting validation.
[Info  - 8:20:26 AM] Document validation after save completed successfully
[Info  - 8:20:54 AM] Document saved, starting validation.
[Info  - 8:20:55 AM] Document validation after save completed successfully
[Info  - 8:20:58 AM] Document saved, starting validation.
[Info  - 8:20:58 AM] Document validation after save completed successfully
[Info  - 8:21:00 AM] Document saved, starting validation.
[Info  - 8:21:00 AM] Document validation after save completed successfully
[Info  - 8:22:25 AM] Document saved, starting validation.
[Info  - 8:22:26 AM] Document validation after save completed successfully
[Info  - 8:22:30 AM] Document saved, starting validation.
[Info  - 8:22:31 AM] Document validation after save completed successfully
[Info  - 8:22:39 AM] Document saved, starting validation.
[Info  - 8:22:39 AM] Document validation after save completed successfully
[Info  - 8:23:06 AM] Document saved, starting validation.
[Info  - 8:23:07 AM] Document validation after save completed successfully
[Info  - 8:23:10 AM] Document saved, starting validation.
[Info  - 8:23:10 AM] Document validation after save completed successfully
[Info  - 8:23:14 AM] Document saved, starting validation.
[Info  - 8:23:15 AM] Document validation after save completed successfully
[Info  - 8:23:16 AM] Document saved, starting validation.
[Info  - 8:23:17 AM] Document validation after save completed successfully
[Info  - 8:23:19 AM] Document saved, starting validation.
[Info  - 8:23:20 AM] Document validation after save completed successfully
[Info  - 8:23:25 AM] Document saved, starting validation.
[Info  - 8:23:25 AM] Document validation after save completed successfully
[Info  - 8:23:27 AM] Document saved, starting validation.
[Info  - 8:23:28 AM] Document validation after save completed successfully
[Info  - 8:23:28 AM] Document saved, starting validation.
[Info  - 8:23:28 AM] Document validation after save completed successfully
[Info  - 8:23:30 AM] Document saved, starting validation.
[Info  - 8:23:31 AM] Document validation after save completed successfully
[Info  - 8:23:35 AM] Document saved, starting validation.
[Info  - 8:23:36 AM] Document validation after save completed successfully
[Info  - 8:23:37 AM] Document saved, starting validation.
[Info  - 8:23:38 AM] Document validation after save completed successfully
[Info  - 8:23:43 AM] Document saved, starting validation.
[Info  - 8:23:44 AM] Document validation after save completed successfully
[Info  - 8:23:46 AM] Document saved, starting validation.
[Info  - 8:23:46 AM] Document validation after save completed successfully
[Info  - 8:23:49 AM] Document saved, starting validation.
[Info  - 8:23:50 AM] Document validation after save completed successfully
[Info  - 8:23:51 AM] Document saved, starting validation.
[Info  - 8:23:52 AM] Document validation after save completed successfully
[Info  - 8:23:56 AM] Document saved, starting validation.
[Info  - 8:23:57 AM] Document validation after save completed successfully
[Info  - 8:24:40 AM] Document saved, starting validation.
[Info  - 8:24:41 AM] Document validation after save completed successfully
[Info  - 8:25:08 AM] Document saved, starting validation.
[Info  - 8:25:08 AM] Document validation after save completed successfully
[Info  - 8:25:24 AM] Document saved, starting validation.
[Info  - 8:25:25 AM] Document validation after save completed successfully
[Info  - 8:25:38 AM] Document saved, starting validation.
[Info  - 8:25:40 AM] Document validation after save completed successfully
[Info  - 8:25:40 AM] Document saved, starting validation.
[Info  - 8:25:41 AM] Document validation after save completed successfully
[Info  - 8:25:43 AM] Document saved, starting validation.
[Info  - 8:25:44 AM] Document validation after save completed successfully
[Info  - 8:25:45 AM] Document saved, starting validation.
[Info  - 8:25:46 AM] Document validation after save completed successfully
[Info  - 8:25:47 AM] Document saved, starting validation.
[Info  - 8:25:47 AM] Document validation after save completed successfully
[Info  - 8:25:54 AM] Document saved, starting validation.
[Info  - 8:25:54 AM] Document validation after save completed successfully
[Info  - 8:25:55 AM] Document saved, starting validation.
[Info  - 8:25:55 AM] Document validation after save completed successfully
[Info  - 8:26:09 AM] Document saved, starting validation.
[Info  - 8:26:10 AM] Document validation after save completed successfully
[Info  - 8:26:11 AM] Document saved, starting validation.
[Info  - 8:26:12 AM] Document validation after save completed successfully
[Info  - 8:26:14 AM] Document saved, starting validation.
[Info  - 8:26:14 AM] Document validation after save completed successfully
[Info  - 8:26:17 AM] Document saved, starting validation.
[Info  - 8:26:17 AM] Document validation after save completed successfully
[Info  - 8:26:19 AM] Document saved, starting validation.
[Info  - 8:26:19 AM] Document validation after save completed successfully
[Info  - 8:26:30 AM] Document saved, starting validation.
[Info  - 8:26:30 AM] Document validation after save completed successfully
[Info  - 8:26:32 AM] Document saved, starting validation.
[Info  - 8:26:33 AM] Document validation after save completed successfully
[Info  - 8:26:50 AM] Document saved, starting validation.
[Info  - 8:26:51 AM] Document validation after save completed successfully
[Info  - 8:27:19 AM] Document saved, starting validation.
[Info  - 8:27:19 AM] Document validation after save completed successfully
[Info  - 8:27:22 AM] Document saved, starting validation.
[Info  - 8:27:22 AM] Document validation after save completed successfully
[Info  - 8:27:27 AM] Document saved, starting validation.
[Info  - 8:27:28 AM] Document validation after save completed successfully
[Info  - 8:27:44 AM] Document saved, starting validation.
[Info  - 8:27:45 AM] Document validation after save completed successfully
[Info  - 8:27:50 AM] Document saved, starting validation.
[Info  - 8:27:50 AM] Document validation after save completed successfully
[Info  - 8:27:53 AM] Document saved, starting validation.
[Info  - 8:27:54 AM] Document validation after save completed successfully
[Info  - 8:27:56 AM] Document saved, starting validation.
[Info  - 8:27:57 AM] Document validation after save completed successfully
[Info  - 8:27:59 AM] Document saved, starting validation.
[Info  - 8:27:59 AM] Document validation after save completed successfully
[Info  - 8:28:01 AM] Document saved, starting validation.
[Info  - 8:28:02 AM] Document validation after save completed successfully
[Info  - 8:28:08 AM] Document saved, starting validation.
[Info  - 8:28:08 AM] Document validation after save completed successfully
[Info  - 8:28:09 AM] Document saved, starting validation.
[Info  - 8:28:09 AM] Document validation after save completed successfully
[Info  - 8:28:11 AM] Document saved, starting validation.
[Info  - 8:28:11 AM] Document validation after save completed successfully
[Info  - 8:28:15 AM] Document saved, starting validation.
[Info  - 8:28:15 AM] Document validation after save completed successfully
[Info  - 8:28:17 AM] Document saved, starting validation.
[Info  - 8:28:18 AM] Document validation after save completed successfully
[Info  - 8:28:19 AM] Document saved, starting validation.
[Info  - 8:28:20 AM] Document validation after save completed successfully
[Info  - 8:28:34 AM] Document saved, starting validation.
[Info  - 8:28:36 AM] Document validation after save completed successfully
[Info  - 8:28:37 AM] Document saved, starting validation.
[Info  - 8:28:38 AM] Document validation after save completed successfully
[Info  - 8:28:58 AM] Document saved, starting validation.
[Info  - 8:28:58 AM] Document validation after save completed successfully
[Info  - 8:29:04 AM] Document saved, starting validation.
[Info  - 8:29:04 AM] Document validation after save completed successfully
[Info  - 8:29:07 AM] Document saved, starting validation.
[Info  - 8:29:08 AM] Document validation after save completed successfully
[Info  - 8:29:08 AM] Document saved, starting validation.
[Info  - 8:29:09 AM] Document validation after save completed successfully
[Info  - 8:29:13 AM] Document saved, starting validation.
[Info  - 8:29:14 AM] Document validation after save completed successfully
[Info  - 8:29:21 AM] Document saved, starting validation.
[Info  - 8:29:21 AM] Document validation after save completed successfully
[Info  - 8:29:26 AM] Document saved, starting validation.
[Info  - 8:29:27 AM] Document validation after save completed successfully
[Info  - 8:29:29 AM] Document saved, starting validation.
[Info  - 8:29:30 AM] Document validation after save completed successfully
[Info  - 8:29:40 AM] Document saved, starting validation.
[Info  - 8:29:41 AM] Document validation after save completed successfully
[Info  - 8:29:42 AM] Document saved, starting validation.
[Info  - 8:29:43 AM] Document validation after save completed successfully
[Info  - 8:29:44 AM] Document saved, starting validation.
[Info  - 8:29:44 AM] Document validation after save completed successfully
[Info  - 8:29:46 AM] Document saved, starting validation.
[Info  - 8:29:48 AM] Document validation after save completed successfully
[Info  - 8:29:48 AM] Document saved, starting validation.
[Info  - 8:29:49 AM] Document validation after save completed successfully
[Info  - 8:30:36 AM] Document saved, starting validation.
[Info  - 8:30:37 AM] Document validation after save completed successfully
[Info  - 8:30:39 AM] Document saved, starting validation.
[Info  - 8:30:40 AM] Document validation after save completed successfully
[Info  - 8:30:40 AM] Document saved, starting validation.
[Info  - 8:30:41 AM] Document validation after save completed successfully
[Info  - 8:30:41 AM] Document saved, starting validation.
[Info  - 8:30:42 AM] Document validation after save completed successfully
[Info  - 8:30:43 AM] Document saved, starting validation.
[Info  - 8:30:44 AM] Document validation after save completed successfully
[Info  - 8:30:47 AM] Document saved, starting validation.
[Info  - 8:30:48 AM] Document validation after save completed successfully
[Info  - 8:30:49 AM] Document saved, starting validation.
[Info  - 8:30:49 AM] Document validation after save completed successfully
[Info  - 8:30:51 AM] Document saved, starting validation.
[Info  - 8:30:52 AM] Document validation after save completed successfully
[Info  - 8:30:56 AM] Document saved, starting validation.
[Info  - 8:30:57 AM] Document validation after save completed successfully
[Info  - 8:31:12 AM] Document saved, starting validation.
[Info  - 8:31:12 AM] Document validation after save completed successfully
[Info  - 8:31:56 AM] Document saved, starting validation.
[Info  - 8:31:57 AM] Document validation after save completed successfully
[Info  - 8:32:39 AM] Document saved, starting validation.
[Info  - 8:32:40 AM] Document validation after save completed successfully
[Info  - 8:32:44 AM] Document saved, starting validation.
[Info  - 8:32:44 AM] Document validation after save completed successfully
[Info  - 8:32:46 AM] Document saved, starting validation.
[Info  - 8:32:47 AM] Document validation after save completed successfully
[Info  - 8:32:48 AM] Document saved, starting validation.
[Info  - 8:32:49 AM] Document validation after save completed successfully
[Info  - 8:32:50 AM] Document saved, starting validation.
[Info  - 8:32:51 AM] Document validation after save completed successfully
[Info  - 8:32:53 AM] Document saved, starting validation.
[Info  - 8:32:54 AM] Document validation after save completed successfully
[Info  - 8:32:55 AM] Document saved, starting validation.
[Info  - 8:32:56 AM] Document validation after save completed successfully
[Info  - 8:33:00 AM] Document saved, starting validation.
[Info  - 8:33:01 AM] Document validation after save completed successfully
[Info  - 8:33:07 AM] Document saved, starting validation.
[Info  - 8:33:07 AM] Document validation after save completed successfully
[Info  - 8:33:15 AM] Document saved, starting validation.
[Info  - 8:33:16 AM] Document validation after save completed successfully
[Info  - 8:33:18 AM] Document saved, starting validation.
[Info  - 8:33:19 AM] Document validation after save completed successfully
[Info  - 8:33:20 AM] Document saved, starting validation.
[Info  - 8:33:21 AM] Document validation after save completed successfully
[Info  - 8:33:27 AM] Document saved, starting validation.
[Info  - 8:33:27 AM] Document validation after save completed successfully
[Info  - 8:33:29 AM] Document saved, starting validation.
[Info  - 8:33:30 AM] Document validation after save completed successfully
[Info  - 8:33:30 AM] Document saved, starting validation.
[Info  - 8:33:31 AM] Document validation after save completed successfully
[Info  - 8:33:36 AM] Document saved, starting validation.
[Info  - 8:33:36 AM] Document validation after save completed successfully
[Info  - 8:33:42 AM] Document saved, starting validation.
[Info  - 8:33:43 AM] Document validation after save completed successfully
[Info  - 8:34:11 AM] Document saved, starting validation.
[Info  - 8:34:11 AM] Document validation after save completed successfully
[Info  - 8:34:14 AM] Document saved, starting validation.
[Info  - 8:34:14 AM] Document validation after save completed successfully
[Info  - 8:34:26 AM] Document saved, starting validation.
[Info  - 8:34:26 AM] Document validation after save completed successfully
[Info  - 8:34:29 AM] Document saved, starting validation.
[Info  - 8:34:29 AM] Document validation after save completed successfully
[Info  - 8:34:38 AM] Document saved, starting validation.
[Info  - 8:34:39 AM] Document validation after save completed successfully
[Info  - 8:34:45 AM] Document saved, starting validation.
[Info  - 8:34:45 AM] Document validation after save completed successfully
[Info  - 8:34:50 AM] Document saved, starting validation.
[Info  - 8:34:51 AM] Document validation after save completed successfully
[Info  - 8:35:31 AM] Document saved, starting validation.
[Info  - 8:35:32 AM] Document validation after save completed successfully
[Info  - 8:35:45 AM] Document saved, starting validation.
[Info  - 8:35:46 AM] Document validation after save completed successfully
[Info  - 8:35:46 AM] Document saved, starting validation.
[Info  - 8:35:47 AM] Document validation after save completed successfully
[Info  - 8:36:04 AM] Document saved, starting validation.
[Info  - 8:36:04 AM] Document validation after save completed successfully
[Info  - 8:36:11 AM] Document saved, starting validation.
[Info  - 8:36:12 AM] Document validation after save completed successfully
[Info  - 8:36:23 AM] Document saved, starting validation.
[Info  - 8:36:23 AM] Document validation after save completed successfully
[Info  - 8:40:33 AM] Document saved, starting validation.
[Info  - 8:40:33 AM] Document validation after save completed successfully
[Info  - 8:43:35 AM] Document saved, starting validation.
[Info  - 8:43:36 AM] Document validation after save completed successfully
[Info  - 8:43:40 AM] Document saved, starting validation.
[Info  - 8:43:41 AM] Document validation after save completed successfully
[Info  - 8:43:48 AM] Document saved, starting validation.
[Info  - 8:43:48 AM] Document validation after save completed successfully
[Info  - 8:43:50 AM] Document saved, starting validation.
[Info  - 8:43:51 AM] Document validation after save completed successfully
[Info  - 8:43:52 AM] Document saved, starting validation.
[Info  - 8:43:53 AM] Document validation after save completed successfully
[Info  - 8:44:02 AM] Document saved, starting validation.
[Info  - 8:44:02 AM] Document validation after save completed successfully
[Info  - 8:44:07 AM] Document saved, starting validation.
[Info  - 8:44:07 AM] Document validation after save completed successfully
[Info  - 8:44:10 AM] Document saved, starting validation.
[Info  - 8:44:11 AM] Document validation after save completed successfully
[Info  - 8:44:33 AM] Document saved, starting validation.
[Info  - 8:44:34 AM] Document validation after save completed successfully
[Info  - 8:44:35 AM] Document saved, starting validation.
[Info  - 8:44:36 AM] Document validation after save completed successfully
[Info  - 8:44:37 AM] Document saved, starting validation.
[Info  - 8:44:38 AM] Document validation after save completed successfully
[Info  - 8:44:40 AM] Document saved, starting validation.
[Info  - 8:44:41 AM] Document validation after save completed successfully
[Info  - 8:44:43 AM] Document saved, starting validation.
[Info  - 8:44:43 AM] Document validation after save completed successfully
[Info  - 8:44:44 AM] Document saved, starting validation.
[Info  - 8:44:44 AM] Document validation after save completed successfully
[Info  - 8:44:48 AM] Document saved, starting validation.
[Info  - 8:44:49 AM] Document validation after save completed successfully
[Info  - 8:44:50 AM] Document saved, starting validation.
[Info  - 8:44:51 AM] Document validation after save completed successfully
[Info  - 8:45:09 AM] Document saved, starting validation.
[Info  - 8:45:09 AM] Document validation after save completed successfully
[Info  - 8:45:14 AM] Document saved, starting validation.
[Info  - 8:45:15 AM] Document validation after save completed successfully
[Info  - 8:45:50 AM] Document saved, starting validation.
[Info  - 8:45:51 AM] Document validation after save completed successfully
[Info  - 8:45:53 AM] Document saved, starting validation.
[Info  - 8:45:54 AM] Document validation after save completed successfully
[Info  - 8:46:50 AM] Document saved, starting validation.
[Info  - 8:46:51 AM] Document saved, starting validation.
[Info  - 8:46:52 AM] Document validation after save completed successfully
[Info  - 8:46:53 AM] Document validation after save completed successfully
[Info  - 8:46:53 AM] Document saved, starting validation.
[Info  - 8:46:54 AM] Document validation after save completed successfully
[Info  - 8:46:56 AM] Document saved, starting validation.
[Info  - 8:46:57 AM] Document validation after save completed successfully
[Info  - 8:46:58 AM] Document saved, starting validation.
[Info  - 8:46:59 AM] Document validation after save completed successfully
[Info  - 8:47:00 AM] Document saved, starting validation.
[Info  - 8:47:01 AM] Document validation after save completed successfully
[Info  - 8:47:03 AM] Document saved, starting validation.
[Info  - 8:47:03 AM] Document validation after save completed successfully
[Info  - 8:47:04 AM] Document saved, starting validation.
[Info  - 8:47:05 AM] Document validation after save completed successfully
[Info  - 8:47:07 AM] Document saved, starting validation.
[Info  - 8:47:08 AM] Document validation after save completed successfully
[Info  - 8:47:08 AM] Document saved, starting validation.
[Info  - 8:47:09 AM] Document validation after save completed successfully
[Info  - 8:47:16 AM] Document saved, starting validation.
[Info  - 8:47:16 AM] Document validation after save completed successfully
[Info  - 8:47:28 AM] Document saved, starting validation.
[Info  - 8:47:29 AM] Document validation after save completed successfully
[Info  - 8:47:30 AM] Document saved, starting validation.
[Info  - 8:47:31 AM] Document validation after save completed successfully
[Info  - 8:47:50 AM] Document saved, starting validation.
[Info  - 8:47:51 AM] Document validation after save completed successfully
[Info  - 8:48:47 AM] Document saved, starting validation.
[Info  - 8:48:48 AM] Document validation after save completed successfully
[Info  - 8:48:51 AM] Document saved, starting validation.
[Info  - 8:48:52 AM] Document validation after save completed successfully
[Info  - 8:48:53 AM] Document saved, starting validation.
[Info  - 8:48:54 AM] Document validation after save completed successfully
[Info  - 8:50:23 AM] Document saved, starting validation.
[Info  - 8:50:24 AM] Document validation after save completed successfully
[Info  - 8:50:28 AM] Document saved, starting validation.
[Info  - 8:50:28 AM] Document validation after save completed successfully
[Info  - 8:51:09 AM] Document saved, starting validation.
[Info  - 8:51:10 AM] Document validation after save completed successfully
[Info  - 8:51:20 AM] Document saved, starting validation.
[Info  - 8:51:21 AM] Document validation after save completed successfully
[Info  - 8:51:23 AM] Document saved, starting validation.
[Info  - 8:51:24 AM] Document validation after save completed successfully
[Info  - 8:51:36 AM] Document saved, starting validation.
[Info  - 8:51:37 AM] Document validation after save completed successfully
[Info  - 8:51:40 AM] Document saved, starting validation.
[Info  - 8:51:42 AM] Document saved, starting validation.
[Info  - 8:51:44 AM] Document validation after save completed successfully
[Info  - 8:51:45 AM] Document validation after save completed successfully
[Info  - 8:51:59 AM] Document saved, starting validation.
[Info  - 8:52:01 AM] Document validation after save completed successfully
[Info  - 8:52:05 AM] Document saved, starting validation.
[Info  - 8:52:06 AM] Document validation after save completed successfully
[Info  - 8:52:07 AM] Document saved, starting validation.
[Info  - 8:52:08 AM] Document validation after save completed successfully
[Info  - 8:52:13 AM] Document saved, starting validation.
[Info  - 8:52:14 AM] Document validation after save completed successfully
[Info  - 8:52:16 AM] Document saved, starting validation.
[Info  - 8:52:16 AM] Document validation after save completed successfully
[Info  - 8:52:17 AM] Document saved, starting validation.
[Info  - 8:52:20 AM] Document saved, starting validation.
[Info  - 8:52:22 AM] Document validation after save completed successfully
[Info  - 8:52:24 AM] Document validation after save completed successfully
[Info  - 8:52:46 AM] Document saved, starting validation.
[Info  - 8:52:47 AM] Document validation after save completed successfully
[Info  - 8:52:49 AM] Document saved, starting validation.
[Info  - 8:52:50 AM] Document validation after save completed successfully
[Info  - 8:52:51 AM] Document saved, starting validation.
[Info  - 8:52:51 AM] Document validation after save completed successfully
[Info  - 8:52:52 AM] Document saved, starting validation.
[Info  - 8:52:52 AM] Document validation after save completed successfully
[Info  - 8:53:18 AM] Document saved, starting validation.
[Info  - 8:53:18 AM] Document validation after save completed successfully
[Info  - 8:53:22 AM] Document saved, starting validation.
[Info  - 8:53:22 AM] Document validation after save completed successfully
[Info  - 8:53:25 AM] Document saved, starting validation.
[Info  - 8:53:25 AM] Document validation after save completed successfully
[Info  - 8:53:27 AM] Document saved, starting validation.
[Info  - 8:53:28 AM] Document validation after save completed successfully
[Info  - 8:53:29 AM] Document saved, starting validation.
[Info  - 8:53:30 AM] Document validation after save completed successfully
[Info  - 8:53:37 AM] Document saved, starting validation.
[Info  - 8:53:39 AM] Document validation after save completed successfully
[Info  - 8:56:17 AM] Document saved, starting validation.
[Info  - 8:56:18 AM] Document validation after save completed successfully
[Info  - 8:56:19 AM] Document saved, starting validation.
[Info  - 8:56:20 AM] Document validation after save completed successfully
[Info  - 8:56:23 AM] Document saved, starting validation.
[Info  - 8:56:26 AM] Document validation after save completed successfully
[Info  - 8:56:26 AM] Document saved, starting validation.
[Info  - 8:56:26 AM] Document saved, starting validation.
[Info  - 8:56:29 AM] Document validation after save completed successfully
[Info  - 8:56:30 AM] Document validation after save completed successfully
[Info  - 8:57:20 AM] Document saved, starting validation.
[Info  - 8:57:21 AM] Document validation after save completed successfully
[Info  - 9:00:33 AM] Document saved, starting validation.
[Info  - 9:00:34 AM] Document validation after save completed successfully
[Info  - 9:00:35 AM] Document saved, starting validation.
[Info  - 9:00:35 AM] Document validation after save completed successfully
[Info  - 9:24:48 AM] Document saved, starting validation.
[Info  - 9:24:49 AM] Document validation after save completed successfully
[Info  - 9:30:26 AM] Document saved, starting validation.
[Info  - 9:30:26 AM] Document validation after save completed successfully
[Info  - 9:32:43 AM] Document saved, starting validation.
[Info  - 9:32:49 AM] Document validation after save completed successfully
[Info  - 10:18:09 AM] New document opened, starting validation.
[Info  - 10:18:15 AM] Document saved, starting validation.
[Info  - 10:18:19 AM] Document validation after open completed successfully
[Info  - 10:18:23 AM] Document validation after save completed successfully
[Info  - 10:18:30 AM] Document saved, starting validation.
[Info  - 10:18:30 AM] Document saved, starting validation.
[Info  - 10:18:38 AM] Document validation after save completed successfully
[Info  - 10:18:38 AM] Document validation after save completed successfully
[Info  - 10:18:38 AM] Document saved, starting validation.
[Info  - 10:18:40 AM] Document validation after save completed successfully
[Info  - 10:18:48 AM] Document saved, starting validation.
[Info  - 10:18:48 AM] Document validation after save completed successfully
[Info  - 10:18:50 AM] Document saved, starting validation.
[Info  - 10:18:51 AM] Document validation after save completed successfully
[Info  - 10:20:15 AM] New document opened, starting validation.
[Info  - 10:20:16 AM] Document validation after open completed successfully
[Info  - 10:20:54 AM] Document closed, clearing messages.
[Info  - 10:20:54 AM] Clearing diagnostics for file:///var/www/html/recursos/index.php
