[Info  - 4:34:24 PM] Initialising intelephense 1.3.11
[Info  - 4:34:24 PM] Initialised in 37 ms
[Info  - 4:34:27 PM] Indexing started.
[Info  - 4:34:44 PM] Indexing ended. 157 files indexed in 17s.
[Info  - 4:34:45 PM] Writing state to /var/www/html/recursos/~/.vscode-root/User/workspaceStorage/5bae1bb75f4a5260ed6898be91f4836d/bmewburn.vscode-intelephense-client/4a54257a.
[Info  - 4:34:46 PM] Wrote state in 1.0s.
[Info  - 4:38:48 PM] Indexing started.
[Info  - 4:38:48 PM] Indexing ended. 1 files indexed in 0s.
[Info  - 5:36:34 PM] Indexing started.
[Info  - 5:36:34 PM] Indexing ended. 1 files indexed in 0s.
[Info  - 5:36:38 PM] Indexing started.
[Info  - 5:36:39 PM] Indexing ended. 1 files indexed in 0s.
[Info  - 5:36:44 PM] Indexing started.
[Info  - 5:36:44 PM] Indexing ended. 1 files indexed in 0s.
[Info  - 5:36:49 PM] Indexing started.
[Info  - 5:36:49 PM] Indexing ended. 1 files indexed in 0s.
[Info  - 5:36:53 PM] Indexing started.
[Info  - 5:36:53 PM] Indexing ended. 1 files indexed in 0s.
[Info  - 5:36:56 PM] Indexing started.
[Info  - 5:36:56 PM] Indexing ended. 1 files indexed in 0s.
[Info  - 5:36:59 PM] Indexing started.
[Info  - 5:36:59 PM] Indexing ended. 2 files indexed in 0s.
[Info  - 5:37:36 PM] Indexing started.
[Info  - 5:37:36 PM] Indexing ended. 1 files indexed in 0s.
[Info  - 5:37:38 PM] Indexing started.
[Info  - 5:37:38 PM] Indexing ended. 1 files indexed in 0s.
[Info  - 5:37:41 PM] Indexing started.
[Info  - 5:37:41 PM] Indexing ended. 1 files indexed in 0s.
[Info  - 5:37:44 PM] Indexing started.
[Info  - 5:37:44 PM] Indexing ended. 1 files indexed in 0s.
[Info  - 5:38:12 PM] Indexing started.
[Info  - 5:38:12 PM] Indexing ended. 1 files indexed in 0s.
[Info  - 5:41:44 PM] Indexing started.
[Info  - 5:41:45 PM] Indexing ended. 1 files indexed in 0s.
[Info  - 5:41:45 PM] Indexing started.
[Info  - 5:41:45 PM] Indexing ended. 1 files indexed in 0s.
[Info  - 5:41:51 PM] Indexing started.
[Info  - 5:41:51 PM] Indexing ended. 1 files indexed in 0s.
[Info  - 5:41:53 PM] Indexing started.
[Info  - 5:41:54 PM] Indexing ended. 1 files indexed in 0s.
[Info  - 5:41:55 PM] Indexing started.
[Info  - 5:41:55 PM] Indexing ended. 1 files indexed in 0s.
[Info  - 5:41:58 PM] Indexing started.
[Info  - 5:41:59 PM] Indexing ended. 1 files indexed in 0s.
[Info  - 5:42:05 PM] Indexing started.
[Info  - 5:42:05 PM] Indexing ended. 1 files indexed in 0s.
[Info  - 5:42:09 PM] Indexing started.
[Info  - 5:42:09 PM] Indexing ended. 1 files indexed in 0s.
[Info  - 5:42:16 PM] Indexing started.
[Info  - 5:42:16 PM] Indexing ended. 1 files indexed in 0s.
[Info  - 5:42:40 PM] Indexing started.
[Info  - 5:42:40 PM] Indexing ended. 1 files indexed in 0s.
[Info  - 5:42:45 PM] Indexing started.
[Info  - 5:42:45 PM] Indexing ended. 1 files indexed in 0s.
[Info  - 5:42:52 PM] Indexing started.
[Info  - 5:42:52 PM] Indexing ended. 1 files indexed in 0s.
[Info  - 5:43:12 PM] Indexing started.
[Info  - 5:43:12 PM] Indexing ended. 1 files indexed in 0s.
[Info  - 5:43:17 PM] Indexing started.
[Info  - 5:43:17 PM] Indexing ended. 1 files indexed in 0s.
[Info  - 5:43:19 PM] Indexing started.
[Info  - 5:43:19 PM] Indexing ended. 1 files indexed in 0s.
[Info  - 5:43:22 PM] Indexing started.
[Info  - 5:43:23 PM] Indexing ended. 1 files indexed in 0s.
[Info  - 5:43:23 PM] Indexing started.
[Info  - 5:43:24 PM] Indexing ended. 1 files indexed in 0s.
[Info  - 5:43:30 PM] Indexing started.
[Info  - 5:43:31 PM] Indexing ended. 1 files indexed in 0s.
[Info  - 5:43:33 PM] Indexing started.
[Info  - 5:43:33 PM] Indexing ended. 1 files indexed in 0s.
[Info  - 5:43:44 PM] Indexing started.
[Info  - 5:43:45 PM] Indexing ended. 1 files indexed in 0s.
[Info  - 5:43:46 PM] Indexing started.
[Info  - 5:43:47 PM] Indexing ended. 1 files indexed in 0s.
[Info  - 5:43:48 PM] Indexing started.
[Info  - 5:43:48 PM] Indexing ended. 1 files indexed in 0s.
[Info  - 5:49:43 PM] Indexing started.
[Info  - 5:49:43 PM] Indexing ended. 1 files indexed in 0s.
[Info  - 5:49:51 PM] Indexing started.
[Info  - 5:49:51 PM] Indexing ended. 1 files indexed in 0s.
[Info  - 5:49:54 PM] Indexing started.
[Info  - 5:49:54 PM] Indexing ended. 1 files indexed in 0s.
[Info  - 5:49:56 PM] Indexing started.
[Info  - 5:49:56 PM] Indexing ended. 1 files indexed in 0s.
[Info  - 5:50:21 PM] Indexing started.
[Info  - 5:50:21 PM] Indexing ended. 1 files indexed in 0s.
[Info  - 5:51:12 PM] Indexing started.
[Info  - 5:51:13 PM] Indexing ended. 1 files indexed in 0s.
[Info  - 5:52:31 PM] Indexing started.
[Info  - 5:52:32 PM] Indexing ended. 1 files indexed in 0s.
[Info  - 5:52:49 PM] Indexing started.
[Info  - 5:52:49 PM] Indexing ended. 1 files indexed in 0s.
[Info  - 5:52:55 PM] Indexing started.
[Info  - 5:52:55 PM] Indexing ended. 1 files indexed in 0s.
[Info  - 5:52:59 PM] Indexing started.
[Info  - 5:52:59 PM] Indexing ended. 1 files indexed in 0s.
[Info  - 5:53:01 PM] Indexing started.
[Info  - 5:53:01 PM] Indexing ended. 1 files indexed in 0s.
[Info  - 5:53:11 PM] Indexing started.
[Info  - 5:53:11 PM] Indexing ended. 1 files indexed in 0s.
[Info  - 5:53:15 PM] Indexing started.
[Info  - 5:53:15 PM] Indexing ended. 1 files indexed in 0s.
[Info  - 5:53:19 PM] Indexing started.
[Info  - 5:53:20 PM] Indexing ended. 2 files indexed in 0s.
[Info  - 5:53:21 PM] Indexing started.
[Info  - 5:53:21 PM] Indexing ended. 1 files indexed in 0s.
[Info  - 5:53:23 PM] Indexing started.
[Info  - 5:53:23 PM] Indexing ended. 1 files indexed in 0s.
[Info  - 5:53:25 PM] Indexing started.
[Info  - 5:53:25 PM] Indexing ended. 1 files indexed in 0s.
[Info  - 5:53:26 PM] Indexing started.
[Info  - 5:53:26 PM] Indexing ended. 1 files indexed in 0s.
[Info  - 5:53:32 PM] Indexing started.
[Info  - 5:53:32 PM] Indexing ended. 1 files indexed in 0s.
[Info  - 5:53:34 PM] Indexing started.
[Info  - 5:53:35 PM] Indexing ended. 1 files indexed in 0s.
[Info  - 5:53:38 PM] Indexing started.
[Info  - 5:53:38 PM] Indexing ended. 1 files indexed in 0s.
[Info  - 5:53:47 PM] Indexing started.
[Info  - 5:53:47 PM] Indexing ended. 1 files indexed in 0s.
[Info  - 5:53:50 PM] Indexing started.
[Info  - 5:53:50 PM] Indexing ended. 1 files indexed in 0s.
[Info  - 5:53:59 PM] Indexing started.
[Info  - 5:53:59 PM] Indexing ended. 2 files indexed in 0s.
[Info  - 5:54:02 PM] Indexing started.
[Info  - 5:54:02 PM] Indexing ended. 1 files indexed in 0s.
[Info  - 5:54:08 PM] Indexing started.
[Info  - 5:54:09 PM] Indexing ended. 1 files indexed in 0s.
[Info  - 6:00:27 PM] Indexing started.
[Info  - 6:00:27 PM] Indexing ended. 1 files indexed in 0s.
[Info  - 6:00:30 PM] Indexing started.
[Info  - 6:00:31 PM] Indexing ended. 1 files indexed in 0s.
[Info  - 6:00:37 PM] Indexing started.
[Info  - 6:00:37 PM] Indexing ended. 1 files indexed in 0s.
[Info  - 6:00:40 PM] Indexing started.
[Info  - 6:00:40 PM] Indexing ended. 1 files indexed in 0s.
[Info  - 6:00:50 PM] Indexing started.
[Info  - 6:00:51 PM] Indexing ended. 1 files indexed in 0s.
[Info  - 6:01:04 PM] Indexing started.
[Info  - 6:01:04 PM] Indexing ended. 1 files indexed in 0s.
[Info  - 6:01:08 PM] Indexing started.
[Info  - 6:01:08 PM] Indexing ended. 1 files indexed in 0s.
[Info  - 6:01:16 PM] Indexing started.
[Info  - 6:01:16 PM] Indexing ended. 1 files indexed in 0s.
[Info  - 6:01:19 PM] Indexing started.
[Info  - 6:01:19 PM] Indexing ended. 1 files indexed in 0s.
[Info  - 6:01:23 PM] Indexing started.
[Info  - 6:01:23 PM] Indexing ended. 1 files indexed in 0s.
[Info  - 6:01:26 PM] Indexing started.
[Info  - 6:01:26 PM] Indexing ended. 1 files indexed in 0s.
[Info  - 6:01:29 PM] Indexing started.
[Info  - 6:01:29 PM] Indexing ended. 1 files indexed in 0s.
[Info  - 6:01:34 PM] Indexing started.
[Info  - 6:01:34 PM] Indexing ended. 1 files indexed in 0s.
[Info  - 6:01:36 PM] Indexing started.
[Info  - 6:01:37 PM] Indexing ended. 1 files indexed in 0s.
[Info  - 6:01:40 PM] Indexing started.
[Info  - 6:01:40 PM] Indexing ended. 1 files indexed in 0s.
[Info  - 6:01:41 PM] Indexing started.
[Info  - 6:01:42 PM] Indexing ended. 1 files indexed in 0s.
[Info  - 6:01:46 PM] Indexing started.
[Info  - 6:01:46 PM] Indexing ended. 1 files indexed in 0s.
[Info  - 6:01:48 PM] Indexing started.
[Info  - 6:01:48 PM] Indexing ended. 1 files indexed in 0s.
[Info  - 6:01:51 PM] Indexing started.
[Info  - 6:01:51 PM] Indexing ended. 1 files indexed in 0s.
[Info  - 6:01:52 PM] Indexing started.
[Info  - 6:01:52 PM] Indexing ended. 1 files indexed in 0s.
[Info  - 6:01:55 PM] Indexing started.
[Info  - 6:01:56 PM] Indexing ended. 1 files indexed in 0s.
[Info  - 6:03:26 PM] Indexing started.
[Info  - 6:03:26 PM] Indexing ended. 1 files indexed in 0s.
[Info  - 6:03:29 PM] Indexing started.
[Info  - 6:03:29 PM] Indexing ended. 1 files indexed in 0s.
[Info  - 6:03:36 PM] Indexing started.
[Info  - 6:03:36 PM] Indexing ended. 1 files indexed in 0s.
[Info  - 6:03:40 PM] Indexing started.
[Info  - 6:03:40 PM] Indexing ended. 1 files indexed in 0s.
[Info  - 6:03:49 PM] Indexing started.
[Info  - 6:03:50 PM] Indexing ended. 1 files indexed in 0s.
[Info  - 6:03:55 PM] Indexing started.
[Info  - 6:03:55 PM] Indexing ended. 1 files indexed in 0s.
[Info  - 6:03:58 PM] Indexing started.
[Info  - 6:03:58 PM] Indexing ended. 1 files indexed in 0s.
[Info  - 6:04:01 PM] Indexing started.
[Info  - 6:04:01 PM] Indexing ended. 1 files indexed in 0s.
[Info  - 6:04:02 PM] Indexing started.
[Info  - 6:04:02 PM] Indexing ended. 1 files indexed in 0s.
[Info  - 6:04:05 PM] Indexing started.
[Info  - 6:04:06 PM] Indexing ended. 1 files indexed in 0s.
[Info  - 6:04:09 PM] Indexing started.
[Info  - 6:04:09 PM] Indexing ended. 1 files indexed in 0s.
[Info  - 6:04:10 PM] Indexing started.
[Info  - 6:04:10 PM] Indexing ended. 1 files indexed in 0s.
[Info  - 6:04:24 PM] Indexing started.
[Info  - 6:04:25 PM] Indexing ended. 1 files indexed in 0s.
[Info  - 6:04:27 PM] Indexing started.
[Info  - 6:04:27 PM] Indexing ended. 1 files indexed in 0s.
[Info  - 6:04:28 PM] Indexing started.
[Info  - 6:04:29 PM] Indexing ended. 1 files indexed in 0s.
[Info  - 6:04:35 PM] Indexing started.
[Info  - 6:04:35 PM] Indexing ended. 1 files indexed in 0s.
[Info  - 6:04:37 PM] Indexing started.
[Info  - 6:04:38 PM] Indexing ended. 1 files indexed in 0s.
[Info  - 6:07:10 PM] Indexing started.
[Info  - 6:07:10 PM] Indexing ended. 1 files indexed in 0s.
[Info  - 6:07:27 PM] Indexing started.
[Info  - 6:07:27 PM] Indexing ended. 1 files indexed in 0s.
[Info  - 6:07:34 PM] Indexing started.
[Info  - 6:07:34 PM] Indexing ended. 1 files indexed in 0s.
[Info  - 6:07:40 PM] Indexing started.
[Info  - 6:07:41 PM] Indexing ended. 1 files indexed in 0s.
[Info  - 6:07:42 PM] Indexing started.
[Info  - 6:07:42 PM] Indexing ended. 1 files indexed in 0s.
[Info  - 6:07:46 PM] Indexing started.
[Info  - 6:07:46 PM] Indexing ended. 1 files indexed in 0s.
[Info  - 6:07:51 PM] Indexing started.
[Info  - 6:07:51 PM] Indexing ended. 1 files indexed in 0s.
[Info  - 6:07:54 PM] Indexing started.
[Info  - 6:07:54 PM] Indexing ended. 1 files indexed in 0s.
[Info  - 6:14:15 PM] Indexing started.
[Info  - 6:14:15 PM] Indexing ended. 1 files indexed in 0s.
[Info  - 6:16:19 PM] Indexing started.
[Info  - 6:16:19 PM] Indexing ended. 1 files indexed in 0s.
[Info  - 6:16:25 PM] Indexing started.
[Info  - 6:16:25 PM] Indexing ended. 1 files indexed in 0s.
[Info  - 6:19:27 PM] Indexing started.
[Info  - 6:19:28 PM] Indexing ended. 1 files indexed in 0s.
[Info  - 6:19:29 PM] Indexing started.
[Info  - 6:19:30 PM] Indexing ended. 1 files indexed in 0s.
[Info  - 6:19:34 PM] Indexing started.
[Info  - 6:19:34 PM] Indexing ended. 1 files indexed in 0s.
[Info  - 6:19:47 PM] Indexing started.
[Info  - 6:19:47 PM] Indexing ended. 1 files indexed in 0s.
[Info  - 6:19:48 PM] Indexing started.
[Info  - 6:19:48 PM] Indexing ended. 1 files indexed in 0s.
[Info  - 6:20:19 PM] Indexing started.
[Info  - 6:20:19 PM] Indexing ended. 1 files indexed in 0s.
[Info  - 6:20:19 PM] Indexing started.
[Info  - 6:20:19 PM] Indexing ended. 1 files indexed in 0s.
[Info  - 6:20:44 PM] Indexing started.
[Info  - 6:20:44 PM] Indexing ended. 1 files indexed in 0s.
[Info  - 6:21:13 PM] Indexing started.
[Info  - 6:21:13 PM] Indexing ended. 1 files indexed in 0s.
[Info  - 6:21:35 PM] Indexing started.
[Info  - 6:21:35 PM] Indexing ended. 1 files indexed in 0s.
[Info  - 6:21:37 PM] Indexing started.
[Info  - 6:21:37 PM] Indexing ended. 1 files indexed in 0s.
[Info  - 6:22:01 PM] Indexing started.
[Info  - 6:22:01 PM] Indexing ended. 1 files indexed in 0s.
[Info  - 6:22:03 PM] Indexing started.
[Info  - 6:22:03 PM] Indexing ended. 1 files indexed in 0s.
[Info  - 6:22:11 PM] Indexing started.
[Info  - 6:22:11 PM] Indexing ended. 1 files indexed in 0s.
[Info  - 6:22:49 PM] Indexing started.
[Info  - 6:22:49 PM] Indexing ended. 1 files indexed in 0s.
[Info  - 6:22:55 PM] Indexing started.
[Info  - 6:22:55 PM] Indexing ended. 1 files indexed in 0s.
[Info  - 6:22:58 PM] Indexing started.
[Info  - 6:22:58 PM] Indexing ended. 1 files indexed in 0s.
[Info  - 6:23:00 PM] Indexing started.
[Info  - 6:23:00 PM] Indexing ended. 1 files indexed in 0s.
[Info  - 6:23:03 PM] Indexing started.
[Info  - 6:23:03 PM] Indexing ended. 1 files indexed in 0s.
[Info  - 6:23:08 PM] Indexing started.
[Info  - 6:23:08 PM] Indexing ended. 1 files indexed in 0s.
[Info  - 6:23:12 PM] Indexing started.
[Info  - 6:23:12 PM] Indexing ended. 1 files indexed in 0s.
[Info  - 6:23:14 PM] Indexing started.
[Info  - 6:23:14 PM] Indexing ended. 1 files indexed in 0s.
[Info  - 6:23:18 PM] Indexing started.
[Info  - 6:23:18 PM] Indexing ended. 1 files indexed in 0s.
[Info  - 6:23:24 PM] Indexing started.
[Info  - 6:23:24 PM] Indexing ended. 1 files indexed in 0s.
[Info  - 6:23:26 PM] Indexing started.
[Info  - 6:23:27 PM] Indexing ended. 1 files indexed in 0s.
[Info  - 6:24:08 PM] Indexing started.
[Info  - 6:24:08 PM] Indexing ended. 1 files indexed in 0s.
[Info  - 6:24:13 PM] Indexing started.
[Info  - 6:24:13 PM] Indexing ended. 1 files indexed in 0s.
[Info  - 6:24:16 PM] Indexing started.
[Info  - 6:24:17 PM] Indexing ended. 1 files indexed in 0s.
[Info  - 6:24:18 PM] Indexing started.
[Info  - 6:24:19 PM] Indexing ended. 1 files indexed in 0s.
[Info  - 6:24:20 PM] Indexing started.
[Info  - 6:24:20 PM] Indexing ended. 1 files indexed in 0s.
[Info  - 6:24:45 PM] Indexing started.
[Info  - 6:24:46 PM] Indexing ended. 1 files indexed in 0s.
[Info  - 6:24:53 PM] Indexing started.
[Info  - 6:24:53 PM] Indexing ended. 1 files indexed in 0s.
[Info  - 6:25:01 PM] Indexing started.
[Info  - 6:25:01 PM] Indexing ended. 1 files indexed in 0s.
[Info  - 6:25:08 PM] Indexing started.
[Info  - 6:25:09 PM] Indexing ended. 1 files indexed in 0s.
[Info  - 6:25:12 PM] Indexing started.
[Info  - 6:25:12 PM] Indexing ended. 1 files indexed in 0s.
[Info  - 6:25:26 PM] Indexing started.
[Info  - 6:25:26 PM] Indexing ended. 1 files indexed in 0s.
[Info  - 6:25:27 PM] Indexing started.
[Info  - 6:25:27 PM] Indexing ended. 1 files indexed in 0s.
[Info  - 6:25:32 PM] Indexing started.
[Info  - 6:25:32 PM] Indexing ended. 1 files indexed in 0s.
[Info  - 6:25:37 PM] Indexing started.
[Info  - 6:25:37 PM] Indexing ended. 1 files indexed in 0s.
[Info  - 6:25:38 PM] Indexing started.
[Info  - 6:25:38 PM] Indexing ended. 1 files indexed in 0s.
[Info  - 6:26:18 PM] Indexing started.
[Info  - 6:26:18 PM] Indexing ended. 1 files indexed in 0s.
[Info  - 6:26:28 PM] Indexing started.
[Info  - 6:26:28 PM] Indexing ended. 1 files indexed in 0s.
[Info  - 6:26:41 PM] Indexing started.
[Info  - 6:26:41 PM] Indexing ended. 1 files indexed in 0s.
[Info  - 6:26:42 PM] Indexing started.
[Info  - 6:26:42 PM] Indexing ended. 1 files indexed in 0s.
[Info  - 6:26:45 PM] Indexing started.
[Info  - 6:26:45 PM] Indexing ended. 1 files indexed in 0s.
[Info  - 6:27:05 PM] Indexing started.
[Info  - 6:27:05 PM] Indexing ended. 1 files indexed in 0s.
[Info  - 6:27:08 PM] Indexing started.
[Info  - 6:27:08 PM] Indexing ended. 1 files indexed in 0s.
[Info  - 6:27:13 PM] Indexing started.
[Info  - 6:27:13 PM] Indexing ended. 1 files indexed in 0s.
[Info  - 6:27:17 PM] Indexing started.
[Info  - 6:27:17 PM] Indexing ended. 1 files indexed in 0s.
[Info  - 6:27:20 PM] Indexing started.
[Info  - 6:27:20 PM] Indexing ended. 1 files indexed in 0s.
[Info  - 6:27:23 PM] Indexing started.
[Info  - 6:27:23 PM] Indexing ended. 1 files indexed in 0s.
[Info  - 6:29:36 PM] Indexing started.
[Info  - 6:29:36 PM] Indexing ended. 1 files indexed in 0s.
[Info  - 6:29:41 PM] Indexing started.
[Info  - 6:29:41 PM] Indexing ended. 1 files indexed in 0s.
[Info  - 6:31:56 PM] Indexing started.
[Info  - 6:31:56 PM] Indexing ended. 1 files indexed in 0s.
[Info  - 6:32:06 PM] Indexing started.
[Info  - 6:32:06 PM] Indexing ended. 1 files indexed in 0s.
[Info  - 6:32:11 PM] Indexing started.
[Info  - 6:32:12 PM] Indexing ended. 1 files indexed in 0s.
[Info  - 6:32:13 PM] Indexing started.
[Info  - 6:32:13 PM] Indexing ended. 1 files indexed in 0s.
[Info  - 6:32:19 PM] Indexing started.
[Info  - 6:32:19 PM] Indexing ended. 1 files indexed in 0s.
[Info  - 6:32:55 PM] Indexing started.
[Info  - 6:32:56 PM] Indexing ended. 1 files indexed in 0s.
[Info  - 6:32:57 PM] Indexing started.
[Info  - 6:32:57 PM] Indexing ended. 1 files indexed in 0s.
[Info  - 6:32:58 PM] Indexing started.
[Info  - 6:32:58 PM] Indexing ended. 1 files indexed in 0s.
[Info  - 6:33:00 PM] Indexing started.
[Info  - 6:33:00 PM] Indexing ended. 1 files indexed in 0s.
[Info  - 6:33:03 PM] Indexing started.
[Info  - 6:33:03 PM] Indexing ended. 1 files indexed in 0s.
[Info  - 6:38:47 PM] Indexing started.
[Info  - 6:38:47 PM] Indexing ended. 1 files indexed in 0s.
[Info  - 6:38:48 PM] Indexing started.
[Info  - 6:38:49 PM] Indexing ended. 1 files indexed in 0s.
[Info  - 6:38:54 PM] Indexing started.
[Info  - 6:38:54 PM] Indexing ended. 1 files indexed in 0s.
[Info  - 6:38:56 PM] Indexing started.
[Info  - 6:38:56 PM] Indexing ended. 1 files indexed in 0s.
[Info  - 6:39:01 PM] Indexing started.
[Info  - 6:39:01 PM] Indexing ended. 1 files indexed in 0s.
[Info  - 6:39:03 PM] Indexing started.
[Info  - 6:39:03 PM] Indexing ended. 1 files indexed in 0s.
[Info  - 4:13:34 PM] Indexing started.
[Info  - 4:13:34 PM] Indexing ended. 1 files indexed in 0s.
[Info  - 4:13:41 PM] Indexing started.
[Info  - 4:13:42 PM] Indexing ended. 1 files indexed in 0s.
[Info  - 4:13:43 PM] Indexing started.
[Info  - 4:13:43 PM] Indexing ended. 1 files indexed in 0s.
[Info  - 4:13:50 PM] Indexing started.
[Info  - 4:13:50 PM] Indexing ended. 1 files indexed in 0s.
[Info  - 4:13:52 PM] Indexing started.
[Info  - 4:13:52 PM] Indexing ended. 2 files indexed in 0s.
[Info  - 4:13:58 PM] Indexing started.
[Info  - 4:13:58 PM] Indexing ended. 1 files indexed in 0s.
[Info  - 4:14:00 PM] Indexing started.
[Info  - 4:14:00 PM] Indexing ended. 1 files indexed in 0s.
[Info  - 4:14:07 PM] Indexing started.
[Info  - 4:14:07 PM] Indexing ended. 1 files indexed in 0s.
[Info  - 4:14:07 PM] Indexing started.
[Info  - 4:14:07 PM] Indexing ended. 1 files indexed in 0s.
[Info  - 4:14:09 PM] Indexing started.
[Info  - 4:14:09 PM] Indexing ended. 1 files indexed in 0s.
[Info  - 4:14:11 PM] Indexing started.
[Info  - 4:14:12 PM] Indexing ended. 1 files indexed in 0s.
[Info  - 4:14:15 PM] Indexing started.
[Info  - 4:14:15 PM] Indexing ended. 1 files indexed in 0s.
[Info  - 4:15:01 PM] Indexing started.
[Info  - 4:15:01 PM] Indexing ended. 1 files indexed in 0s.
[Info  - 4:15:02 PM] Indexing started.
[Info  - 4:15:03 PM] Indexing ended. 1 files indexed in 0s.
[Info  - 4:15:08 PM] Indexing started.
[Info  - 4:15:08 PM] Indexing ended. 1 files indexed in 0s.
[Info  - 4:15:14 PM] Indexing started.
[Info  - 4:15:15 PM] Indexing ended. 1 files indexed in 0s.
[Info  - 4:15:16 PM] Indexing started.
[Info  - 4:15:16 PM] Indexing ended. 1 files indexed in 0s.
[Info  - 4:15:33 PM] Indexing started.
[Info  - 4:15:33 PM] Indexing ended. 1 files indexed in 0s.
[Info  - 4:15:36 PM] Indexing started.
[Info  - 4:15:37 PM] Indexing ended. 1 files indexed in 0s.
[Info  - 4:15:40 PM] Indexing started.
[Info  - 4:15:40 PM] Indexing ended. 1 files indexed in 0s.
[Info  - 4:15:42 PM] Indexing started.
[Info  - 4:15:43 PM] Indexing ended. 1 files indexed in 0s.
[Info  - 4:15:44 PM] Indexing started.
[Info  - 4:15:45 PM] Indexing ended. 1 files indexed in 0s.
[Info  - 4:15:45 PM] Indexing started.
[Info  - 4:15:45 PM] Indexing ended. 1 files indexed in 0s.
[Info  - 4:15:47 PM] Indexing started.
[Info  - 4:15:48 PM] Indexing ended. 1 files indexed in 0s.
[Info  - 4:15:49 PM] Indexing started.
[Info  - 4:15:49 PM] Indexing ended. 1 files indexed in 0s.
[Info  - 4:15:53 PM] Indexing started.
[Info  - 4:15:53 PM] Indexing ended. 1 files indexed in 0s.
[Info  - 4:15:57 PM] Indexing started.
[Info  - 4:15:58 PM] Indexing ended. 1 files indexed in 0s.
[Info  - 4:16:27 PM] Indexing started.
[Info  - 4:16:28 PM] Indexing ended. 1 files indexed in 1s.
[Info  - 4:16:29 PM] Indexing started.
[Info  - 4:16:30 PM] Indexing ended. 2 files indexed in 0s.
[Info  - 4:16:41 PM] Indexing started.
[Info  - 4:16:41 PM] Indexing ended. 1 files indexed in 0s.
[Info  - 4:16:44 PM] Indexing started.
[Info  - 4:16:44 PM] Indexing ended. 1 files indexed in 0s.
[Info  - 4:16:50 PM] Indexing started.
[Info  - 4:16:50 PM] Indexing ended. 1 files indexed in 0s.
[Info  - 4:18:23 PM] Indexing started.
[Info  - 4:18:23 PM] Indexing ended. 1 files indexed in 0s.
[Info  - 4:18:45 PM] Indexing started.
[Info  - 4:18:45 PM] Indexing ended. 1 files indexed in 0s.
[Info  - 4:19:32 PM] Indexing started.
[Info  - 4:19:32 PM] Indexing ended. 1 files indexed in 0s.
[Info  - 4:19:43 PM] Indexing started.
[Info  - 4:19:43 PM] Indexing ended. 1 files indexed in 0s.
[Info  - 4:19:45 PM] Indexing started.
[Info  - 4:19:46 PM] Indexing ended. 1 files indexed in 0s.
[Info  - 4:19:48 PM] Indexing started.
[Info  - 4:19:48 PM] Indexing ended. 1 files indexed in 0s.
[Info  - 4:19:49 PM] Indexing started.
[Info  - 4:19:50 PM] Indexing ended. 1 files indexed in 0s.
[Info  - 4:19:56 PM] Indexing started.
[Info  - 4:19:56 PM] Indexing ended. 1 files indexed in 0s.
[Info  - 4:19:57 PM] Indexing started.
[Info  - 4:19:57 PM] Indexing ended. 1 files indexed in 0s.
[Info  - 4:20:00 PM] Indexing started.
[Info  - 4:20:00 PM] Indexing ended. 1 files indexed in 0s.
[Info  - 4:20:37 PM] Indexing started.
[Info  - 4:20:37 PM] Indexing ended. 1 files indexed in 0s.
[Info  - 4:20:42 PM] Indexing started.
[Info  - 4:20:42 PM] Indexing ended. 1 files indexed in 0s.
[Info  - 4:20:49 PM] Indexing started.
[Info  - 4:20:49 PM] Indexing ended. 1 files indexed in 0s.
[Info  - 4:21:00 PM] Indexing started.
[Info  - 4:21:00 PM] Indexing ended. 1 files indexed in 0s.
[Info  - 4:21:01 PM] Indexing started.
[Info  - 4:21:01 PM] Indexing ended. 1 files indexed in 0s.
[Info  - 4:21:04 PM] Indexing started.
[Info  - 4:21:04 PM] Indexing ended. 2 files indexed in 0s.
[Info  - 4:21:08 PM] Indexing started.
[Info  - 4:21:08 PM] Indexing ended. 1 files indexed in 0s.
[Info  - 4:21:17 PM] Indexing started.
[Info  - 4:21:17 PM] Indexing ended. 1 files indexed in 0s.
[Info  - 4:21:20 PM] Indexing started.
[Info  - 4:21:20 PM] Indexing ended. 1 files indexed in 0s.
[Info  - 4:22:30 PM] Indexing started.
[Info  - 4:22:30 PM] Indexing ended. 1 files indexed in 0s.
[Info  - 4:24:10 PM] Indexing started.
[Info  - 4:24:10 PM] Indexing ended. 1 files indexed in 0s.
[Info  - 4:24:26 PM] Indexing started.
[Info  - 4:24:26 PM] Indexing ended. 1 files indexed in 0s.
[Info  - 4:24:30 PM] Indexing started.
[Info  - 4:24:31 PM] Indexing ended. 1 files indexed in 0s.
[Info  - 4:24:37 PM] Indexing started.
[Info  - 4:24:37 PM] Indexing ended. 1 files indexed in 0s.
[Info  - 4:24:41 PM] Indexing started.
[Info  - 4:24:41 PM] Indexing ended. 1 files indexed in 0s.
[Info  - 4:24:43 PM] Indexing started.
[Info  - 4:24:43 PM] Indexing ended. 1 files indexed in 0s.
[Info  - 4:24:46 PM] Indexing started.
[Info  - 4:24:46 PM] Indexing ended. 1 files indexed in 0s.
[Info  - 4:24:56 PM] Indexing started.
[Info  - 4:24:56 PM] Indexing ended. 1 files indexed in 0s.
[Info  - 4:24:59 PM] Indexing started.
[Info  - 4:25:00 PM] Indexing ended. 1 files indexed in 0s.
[Info  - 4:25:07 PM] Indexing started.
[Info  - 4:25:07 PM] Indexing ended. 1 files indexed in 0s.
[Info  - 4:25:11 PM] Indexing started.
[Info  - 4:25:11 PM] Indexing ended. 1 files indexed in 0s.
[Info  - 4:25:12 PM] Indexing started.
[Info  - 4:25:13 PM] Indexing ended. 1 files indexed in 0s.
[Info  - 4:25:13 PM] Indexing started.
[Info  - 4:25:13 PM] Indexing ended. 1 files indexed in 0s.
[Info  - 4:25:19 PM] Indexing started.
[Info  - 4:25:19 PM] Indexing ended. 1 files indexed in 0s.
[Info  - 4:25:21 PM] Indexing started.
[Info  - 4:25:22 PM] Indexing ended. 1 files indexed in 0s.
[Info  - 4:25:26 PM] Indexing started.
[Info  - 4:25:26 PM] Indexing ended. 1 files indexed in 0s.
[Info  - 4:25:31 PM] Indexing started.
[Info  - 4:25:32 PM] Indexing ended. 1 files indexed in 0s.
[Info  - 4:25:35 PM] Indexing started.
[Info  - 4:25:35 PM] Indexing ended. 1 files indexed in 0s.
[Info  - 4:25:38 PM] Indexing started.
[Info  - 4:25:38 PM] Indexing ended. 1 files indexed in 0s.
[Info  - 4:25:40 PM] Indexing started.
[Info  - 4:25:40 PM] Indexing ended. 1 files indexed in 0s.
[Info  - 4:25:45 PM] Indexing started.
[Info  - 4:25:46 PM] Indexing ended. 1 files indexed in 0s.
[Info  - 4:25:48 PM] Indexing started.
[Info  - 4:25:48 PM] Indexing ended. 1 files indexed in 0s.
[Info  - 4:25:52 PM] Indexing started.
[Info  - 4:25:52 PM] Indexing ended. 1 files indexed in 0s.
[Info  - 4:25:55 PM] Indexing started.
[Info  - 4:25:55 PM] Indexing ended. 1 files indexed in 0s.
[Info  - 4:25:58 PM] Indexing started.
[Info  - 4:25:58 PM] Indexing ended. 1 files indexed in 0s.
[Info  - 4:26:11 PM] Indexing started.
[Info  - 4:26:11 PM] Indexing ended. 1 files indexed in 0s.
[Info  - 4:26:12 PM] Indexing started.
[Info  - 4:26:13 PM] Indexing ended. 1 files indexed in 0s.
[Info  - 4:26:17 PM] Indexing started.
[Info  - 4:26:17 PM] Indexing ended. 1 files indexed in 0s.
[Info  - 4:26:21 PM] Indexing started.
[Info  - 4:26:21 PM] Indexing ended. 1 files indexed in 0s.
[Info  - 4:26:23 PM] Indexing started.
[Info  - 4:26:23 PM] Indexing ended. 1 files indexed in 0s.
[Info  - 4:26:24 PM] Indexing started.
[Info  - 4:26:25 PM] Indexing ended. 1 files indexed in 0s.
[Info  - 4:26:27 PM] Indexing started.
[Info  - 4:26:28 PM] Indexing ended. 1 files indexed in 0s.
[Info  - 4:26:30 PM] Indexing started.
[Info  - 4:26:30 PM] Indexing ended. 1 files indexed in 0s.
[Info  - 4:26:35 PM] Indexing started.
[Info  - 4:26:35 PM] Indexing ended. 1 files indexed in 0s.
[Info  - 4:26:49 PM] Indexing started.
[Info  - 4:26:50 PM] Indexing ended. 1 files indexed in 0s.
[Info  - 4:26:56 PM] Indexing started.
[Info  - 4:26:56 PM] Indexing ended. 1 files indexed in 0s.
[Info  - 4:27:05 PM] Indexing started.
[Info  - 4:27:05 PM] Indexing ended. 1 files indexed in 0s.
[Info  - 4:27:07 PM] Indexing started.
[Info  - 4:27:07 PM] Indexing ended. 2 files indexed in 0s.
[Info  - 4:27:10 PM] Indexing started.
[Info  - 4:27:10 PM] Indexing ended. 1 files indexed in 0s.
[Info  - 4:27:25 PM] Indexing started.
[Info  - 4:27:25 PM] Indexing ended. 1 files indexed in 0s.
[Info  - 4:27:29 PM] Indexing started.
[Info  - 4:27:29 PM] Indexing ended. 1 files indexed in 0s.
[Info  - 4:27:31 PM] Indexing started.
[Info  - 4:27:32 PM] Indexing ended. 1 files indexed in 0s.
[Info  - 4:27:37 PM] Indexing started.
[Info  - 4:27:37 PM] Indexing ended. 2 files indexed in 0s.
[Info  - 4:27:39 PM] Indexing started.
[Info  - 4:27:39 PM] Indexing ended. 1 files indexed in 0s.
[Info  - 4:27:42 PM] Indexing started.
[Info  - 4:27:42 PM] Indexing ended. 1 files indexed in 0s.
[Info  - 4:27:45 PM] Indexing started.
[Info  - 4:27:45 PM] Indexing ended. 1 files indexed in 0s.
[Info  - 4:27:47 PM] Indexing started.
[Info  - 4:27:47 PM] Indexing ended. 1 files indexed in 0s.
[Info  - 4:27:49 PM] Indexing started.
[Info  - 4:27:49 PM] Indexing ended. 2 files indexed in 0s.
[Info  - 4:27:56 PM] Indexing started.
[Info  - 4:27:56 PM] Indexing ended. 1 files indexed in 0s.
[Info  - 4:27:57 PM] Indexing started.
[Info  - 4:27:57 PM] Indexing ended. 1 files indexed in 0s.
[Info  - 4:28:00 PM] Indexing started.
[Info  - 4:28:00 PM] Indexing ended. 1 files indexed in 0s.
[Info  - 4:28:02 PM] Indexing started.
[Info  - 4:28:02 PM] Indexing ended. 1 files indexed in 0s.
[Info  - 4:28:03 PM] Indexing started.
[Info  - 4:28:03 PM] Indexing ended. 1 files indexed in 0s.
[Info  - 4:28:05 PM] Indexing started.
[Info  - 4:28:06 PM] Indexing ended. 1 files indexed in 0s.
[Info  - 4:28:08 PM] Indexing started.
[Info  - 4:28:09 PM] Indexing ended. 1 files indexed in 0s.
[Info  - 4:28:21 PM] Indexing started.
[Info  - 4:28:21 PM] Indexing ended. 1 files indexed in 0s.
[Info  - 4:28:28 PM] Indexing started.
[Info  - 4:28:28 PM] Indexing ended. 1 files indexed in 0s.
[Info  - 4:28:33 PM] Indexing started.
[Info  - 4:28:33 PM] Indexing ended. 2 files indexed in 0s.
[Info  - 4:28:41 PM] Indexing started.
[Info  - 4:28:41 PM] Indexing ended. 1 files indexed in 0s.
[Info  - 4:28:44 PM] Indexing started.
[Info  - 4:28:44 PM] Indexing ended. 1 files indexed in 0s.
[Info  - 4:28:48 PM] Indexing started.
[Info  - 4:28:48 PM] Indexing ended. 1 files indexed in 0s.
[Info  - 4:28:50 PM] Indexing started.
[Info  - 4:28:51 PM] Indexing ended. 1 files indexed in 0s.
[Info  - 4:29:10 PM] Indexing started.
[Info  - 4:29:10 PM] Indexing ended. 1 files indexed in 0s.
[Info  - 4:29:13 PM] Indexing started.
[Info  - 4:29:13 PM] Indexing ended. 1 files indexed in 0s.
[Info  - 4:29:14 PM] Indexing started.
[Info  - 4:29:15 PM] Indexing ended. 1 files indexed in 0s.
[Info  - 4:29:20 PM] Indexing started.
[Info  - 4:29:20 PM] Indexing ended. 1 files indexed in 0s.
[Info  - 4:29:21 PM] Indexing started.
[Info  - 4:29:21 PM] Indexing ended. 1 files indexed in 0s.
[Info  - 4:29:24 PM] Indexing started.
[Info  - 4:29:24 PM] Indexing ended. 1 files indexed in 0s.
[Info  - 4:29:27 PM] Indexing started.
[Info  - 4:29:28 PM] Indexing ended. 1 files indexed in 0s.
[Info  - 4:29:34 PM] Indexing started.
[Info  - 4:29:34 PM] Indexing ended. 1 files indexed in 0s.
[Info  - 4:29:39 PM] Indexing started.
[Info  - 4:29:40 PM] Indexing ended. 1 files indexed in 0s.
[Info  - 4:29:44 PM] Indexing started.
[Info  - 4:29:44 PM] Indexing ended. 1 files indexed in 0s.
[Info  - 4:29:49 PM] Indexing started.
[Info  - 4:29:50 PM] Indexing ended. 1 files indexed in 0s.
[Info  - 4:29:56 PM] Indexing started.
[Info  - 4:29:57 PM] Indexing ended. 1 files indexed in 0s.
[Info  - 4:30:00 PM] Indexing started.
[Info  - 4:30:00 PM] Indexing ended. 1 files indexed in 0s.
[Info  - 4:30:02 PM] Indexing started.
[Info  - 4:30:02 PM] Indexing ended. 1 files indexed in 0s.
[Info  - 4:30:08 PM] Indexing started.
[Info  - 4:30:08 PM] Indexing ended. 1 files indexed in 0s.
[Info  - 4:33:48 PM] Indexing started.
[Info  - 4:33:48 PM] Indexing ended. 1 files indexed in 0s.
[Info  - 4:46:01 PM] Indexing started.
[Info  - 4:46:01 PM] Indexing ended. 1 files indexed in 0s.
[Info  - 4:46:04 PM] Indexing started.
[Info  - 4:46:04 PM] Indexing ended. 1 files indexed in 0s.
[Info  - 4:46:09 PM] Indexing started.
[Info  - 4:46:09 PM] Indexing ended. 1 files indexed in 0s.
[Info  - 4:46:16 PM] Indexing started.
[Info  - 4:46:16 PM] Indexing ended. 1 files indexed in 0s.
[Info  - 4:46:19 PM] Indexing started.
[Info  - 4:46:19 PM] Indexing ended. 1 files indexed in 0s.
[Info  - 4:46:21 PM] Indexing started.
[Info  - 4:46:21 PM] Indexing ended. 1 files indexed in 0s.
[Info  - 4:46:26 PM] Indexing started.
[Info  - 4:46:26 PM] Indexing ended. 1 files indexed in 0s.
[Info  - 4:46:32 PM] Indexing started.
[Info  - 4:46:32 PM] Indexing ended. 1 files indexed in 0s.
[Info  - 4:46:38 PM] Indexing started.
[Info  - 4:46:38 PM] Indexing ended. 1 files indexed in 0s.
[Info  - 4:46:42 PM] Indexing started.
[Info  - 4:46:42 PM] Indexing ended. 1 files indexed in 0s.
[Info  - 4:46:46 PM] Indexing started.
[Info  - 4:46:47 PM] Indexing ended. 1 files indexed in 0s.
[Info  - 4:46:51 PM] Indexing started.
[Info  - 4:46:51 PM] Indexing ended. 1 files indexed in 0s.
[Info  - 4:49:22 PM] Indexing started.
[Info  - 4:49:22 PM] Indexing ended. 1 files indexed in 0s.
[Info  - 4:49:25 PM] Indexing started.
[Info  - 4:49:25 PM] Indexing ended. 1 files indexed in 0s.
[Info  - 4:49:30 PM] Indexing started.
[Info  - 4:49:30 PM] Indexing ended. 1 files indexed in 0s.
[Info  - 4:49:39 PM] Indexing started.
[Info  - 4:49:39 PM] Indexing ended. 1 files indexed in 0s.
[Info  - 4:49:48 PM] Indexing started.
[Info  - 4:49:48 PM] Indexing ended. 1 files indexed in 0s.
[Info  - 4:49:55 PM] Indexing started.
[Info  - 4:49:55 PM] Indexing ended. 1 files indexed in 0s.
[Info  - 4:49:58 PM] Indexing started.
[Info  - 4:49:58 PM] Indexing ended. 1 files indexed in 0s.
[Info  - 4:50:05 PM] Indexing started.
[Info  - 4:50:06 PM] Indexing ended. 1 files indexed in 0s.
[Info  - 4:51:06 PM] Indexing started.
[Info  - 4:51:06 PM] Indexing ended. 1 files indexed in 0s.
[Info  - 4:51:08 PM] Indexing started.
[Info  - 4:51:08 PM] Indexing ended. 1 files indexed in 0s.
[Info  - 4:51:10 PM] Indexing started.
[Info  - 4:51:10 PM] Indexing ended. 1 files indexed in 0s.
[Info  - 4:51:12 PM] Indexing started.
[Info  - 4:51:12 PM] Indexing ended. 1 files indexed in 0s.
[Info  - 4:51:13 PM] Indexing started.
[Info  - 4:51:13 PM] Indexing ended. 1 files indexed in 0s.
[Info  - 4:51:27 PM] Indexing started.
[Info  - 4:51:28 PM] Indexing ended. 1 files indexed in 0s.
[Info  - 4:51:32 PM] Indexing started.
[Info  - 4:51:32 PM] Indexing ended. 1 files indexed in 0s.
[Info  - 4:51:39 PM] Indexing started.
[Info  - 4:51:40 PM] Indexing ended. 1 files indexed in 0s.
[Info  - 4:53:19 PM] Indexing started.
[Info  - 4:53:20 PM] Indexing ended. 1 files indexed in 0s.
[Info  - 4:53:21 PM] Indexing started.
[Info  - 4:53:21 PM] Indexing ended. 1 files indexed in 0s.
[Info  - 4:57:52 PM] Indexing started.
[Info  - 4:57:52 PM] Indexing ended. 1 files indexed in 0s.
[Info  - 4:57:53 PM] Indexing started.
[Info  - 4:57:53 PM] Indexing ended. 1 files indexed in 0s.
[Info  - 4:57:55 PM] Indexing started.
[Info  - 4:57:55 PM] Indexing ended. 1 files indexed in 0s.
[Info  - 4:57:56 PM] Indexing started.
[Info  - 4:57:56 PM] Indexing ended. 1 files indexed in 0s.
[Info  - 4:57:59 PM] Indexing started.
[Info  - 4:57:59 PM] Indexing ended. 1 files indexed in 0s.
[Info  - 4:59:38 PM] Indexing started.
[Info  - 4:59:39 PM] Indexing ended. 1 files indexed in 0s.
[Info  - 5:00:27 PM] Indexing started.
[Info  - 5:00:27 PM] Indexing ended. 1 files indexed in 0s.
[Info  - 5:00:33 PM] Indexing started.
[Info  - 5:00:33 PM] Indexing ended. 1 files indexed in 0s.
[Info  - 5:02:29 PM] Indexing started.
[Info  - 5:02:29 PM] Indexing ended. 1 files indexed in 0s.
[Info  - 5:02:32 PM] Indexing started.
[Info  - 5:02:32 PM] Indexing ended. 1 files indexed in 0s.
[Info  - 5:03:18 PM] Indexing started.
[Info  - 5:03:18 PM] Indexing ended. 1 files indexed in 0s.
[Info  - 5:03:21 PM] Indexing started.
[Info  - 5:03:21 PM] Indexing ended. 1 files indexed in 0s.
[Info  - 5:03:23 PM] Indexing started.
[Info  - 5:03:23 PM] Indexing ended. 1 files indexed in 0s.
[Info  - 5:03:26 PM] Indexing started.
[Info  - 5:03:27 PM] Indexing ended. 1 files indexed in 0s.
[Info  - 5:03:28 PM] Indexing started.
[Info  - 5:03:28 PM] Indexing ended. 1 files indexed in 0s.
[Info  - 5:03:31 PM] Indexing started.
[Info  - 5:03:32 PM] Indexing ended. 1 files indexed in 0s.
[Info  - 5:03:34 PM] Indexing started.
[Info  - 5:03:35 PM] Indexing ended. 1 files indexed in 0s.
[Info  - 5:08:32 PM] Indexing started.
[Info  - 5:08:33 PM] Indexing ended. 1 files indexed in 0s.
[Info  - 5:08:39 PM] Indexing started.
[Info  - 5:08:40 PM] Indexing ended. 1 files indexed in 0s.
[Info  - 3:29:00 PM] Indexing started.
[Info  - 3:29:00 PM] Indexing ended. 1 files indexed in 0s.
[Info  - 3:29:04 PM] Indexing started.
[Info  - 3:29:04 PM] Indexing ended. 1 files indexed in 0s.
[Info  - 3:33:01 PM] Indexing started.
[Info  - 3:33:01 PM] Indexing ended. 1 files indexed in 0s.
[Info  - 3:33:05 PM] Indexing started.
[Info  - 3:33:05 PM] Indexing ended. 1 files indexed in 0s.
[Info  - 3:33:15 PM] Indexing started.
[Info  - 3:33:16 PM] Indexing ended. 1 files indexed in 0s.
[Info  - 3:33:19 PM] Indexing started.
[Info  - 3:33:19 PM] Indexing ended. 1 files indexed in 0s.
[Info  - 3:34:16 PM] Indexing started.
[Info  - 3:34:16 PM] Indexing ended. 1 files indexed in 0s.
[Info  - 3:34:21 PM] Indexing started.
[Info  - 3:34:22 PM] Indexing ended. 1 files indexed in 0s.
[Info  - 3:34:26 PM] Indexing started.
[Info  - 3:34:26 PM] Indexing ended. 1 files indexed in 0s.
[Info  - 3:34:28 PM] Indexing started.
[Info  - 3:34:28 PM] Indexing ended. 1 files indexed in 0s.
[Info  - 3:34:34 PM] Indexing started.
[Info  - 3:34:34 PM] Indexing ended. 1 files indexed in 0s.
[Info  - 3:39:30 PM] Indexing started.
[Info  - 3:39:30 PM] Indexing ended. 1 files indexed in 0s.
[Info  - 3:39:34 PM] Indexing started.
[Info  - 3:39:34 PM] Indexing ended. 1 files indexed in 0s.
[Info  - 3:39:38 PM] Indexing started.
[Info  - 3:39:38 PM] Indexing ended. 1 files indexed in 0s.
[Info  - 3:39:43 PM] Indexing started.
[Info  - 3:39:43 PM] Indexing ended. 1 files indexed in 0s.
[Info  - 3:39:46 PM] Indexing started.
[Info  - 3:39:47 PM] Indexing ended. 1 files indexed in 0s.
[Info  - 3:39:49 PM] Indexing started.
[Info  - 3:39:50 PM] Indexing ended. 1 files indexed in 0s.
[Info  - 3:39:54 PM] Indexing started.
[Info  - 3:39:54 PM] Indexing ended. 1 files indexed in 0s.
[Info  - 3:39:56 PM] Indexing started.
[Info  - 3:39:56 PM] Indexing ended. 1 files indexed in 0s.
[Info  - 3:40:10 PM] Indexing started.
[Info  - 3:40:11 PM] Indexing ended. 1 files indexed in 0s.
[Info  - 3:40:24 PM] Indexing started.
[Info  - 3:40:25 PM] Indexing ended. 1 files indexed in 0s.
[Info  - 3:40:42 PM] Indexing started.
[Info  - 3:40:42 PM] Indexing ended. 1 files indexed in 0s.
[Info  - 3:40:43 PM] Indexing started.
[Info  - 3:40:43 PM] Indexing ended. 1 files indexed in 0s.
[Info  - 3:40:47 PM] Indexing started.
[Info  - 3:40:47 PM] Indexing ended. 1 files indexed in 0s.
[Info  - 3:40:50 PM] Indexing started.
[Info  - 3:40:50 PM] Indexing ended. 1 files indexed in 0s.
[Info  - 3:41:12 PM] Indexing started.
[Info  - 3:41:12 PM] Indexing ended. 1 files indexed in 0s.
[Info  - 3:41:44 PM] Indexing started.
[Info  - 3:41:44 PM] Indexing ended. 1 files indexed in 0s.
[Info  - 3:42:11 PM] Indexing started.
[Info  - 3:42:11 PM] Indexing ended. 1 files indexed in 0s.
[Info  - 3:42:18 PM] Indexing started.
[Info  - 3:42:18 PM] Indexing ended. 1 files indexed in 0s.
[Info  - 3:42:24 PM] Indexing started.
[Info  - 3:42:24 PM] Indexing ended. 1 files indexed in 0s.
[Info  - 3:42:26 PM] Indexing started.
[Info  - 3:42:27 PM] Indexing ended. 1 files indexed in 0s.
[Info  - 3:42:34 PM] Indexing started.
[Info  - 3:42:34 PM] Indexing ended. 1 files indexed in 0s.
[Info  - 3:42:54 PM] Indexing started.
[Info  - 3:42:54 PM] Indexing ended. 1 files indexed in 0s.
[Info  - 3:42:56 PM] Indexing started.
[Info  - 3:42:56 PM] Indexing ended. 1 files indexed in 0s.
[Info  - 3:42:58 PM] Indexing started.
[Info  - 3:42:58 PM] Indexing ended. 1 files indexed in 0s.
[Info  - 3:43:01 PM] Indexing started.
[Info  - 3:43:01 PM] Indexing ended. 1 files indexed in 0s.
[Info  - 3:43:06 PM] Indexing started.
[Info  - 3:43:06 PM] Indexing ended. 1 files indexed in 0s.
[Info  - 3:43:09 PM] Indexing started.
[Info  - 3:43:10 PM] Indexing ended. 1 files indexed in 0s.
[Info  - 3:43:11 PM] Indexing started.
[Info  - 3:43:11 PM] Indexing ended. 1 files indexed in 0s.
[Info  - 3:43:13 PM] Indexing started.
[Info  - 3:43:13 PM] Indexing ended. 1 files indexed in 0s.
[Info  - 3:44:01 PM] Indexing started.
[Info  - 3:44:01 PM] Indexing ended. 1 files indexed in 0s.
[Info  - 3:44:02 PM] Indexing started.
[Info  - 3:44:03 PM] Indexing ended. 1 files indexed in 0s.
[Info  - 3:44:11 PM] Indexing started.
[Info  - 3:44:12 PM] Indexing ended. 1 files indexed in 0s.
[Info  - 6:24:50 PM] Indexing started.
[Info  - 6:24:51 PM] Indexing ended. 1 files indexed in 0s.
[Info  - 6:24:56 PM] Indexing started.
[Info  - 6:24:56 PM] Indexing ended. 1 files indexed in 0s.
[Info  - 6:25:00 PM] Indexing started.
[Info  - 6:25:00 PM] Indexing ended. 1 files indexed in 0s.
[Info  - 6:25:06 PM] Indexing started.
[Info  - 6:25:06 PM] Indexing ended. 1 files indexed in 0s.
[Info  - 6:25:10 PM] Indexing started.
[Info  - 6:25:10 PM] Indexing ended. 1 files indexed in 0s.
[Info  - 6:25:14 PM] Indexing started.
[Info  - 6:25:14 PM] Indexing ended. 1 files indexed in 0s.
[Info  - 6:25:15 PM] Indexing started.
[Info  - 6:25:16 PM] Indexing ended. 1 files indexed in 0s.
[Info  - 6:25:17 PM] Indexing started.
[Info  - 6:25:17 PM] Indexing ended. 1 files indexed in 0s.
[Info  - 6:25:19 PM] Indexing started.
[Info  - 6:25:19 PM] Indexing ended. 1 files indexed in 0s.
[Info  - 6:25:21 PM] Indexing started.
[Info  - 6:25:21 PM] Indexing ended. 1 files indexed in 0s.
[Info  - 6:25:22 PM] Indexing started.
[Info  - 6:25:22 PM] Indexing ended. 1 files indexed in 0s.
[Info  - 6:25:33 PM] Indexing started.
[Info  - 6:25:34 PM] Indexing ended. 1 files indexed in 0s.
[Info  - 6:25:38 PM] Indexing started.
[Info  - 6:25:38 PM] Indexing ended. 1 files indexed in 0s.
[Info  - 6:25:50 PM] Indexing started.
[Info  - 6:25:50 PM] Indexing ended. 1 files indexed in 0s.
[Info  - 6:26:07 PM] Indexing started.
[Info  - 6:26:08 PM] Indexing ended. 1 files indexed in 0s.
[Info  - 6:26:10 PM] Indexing started.
[Info  - 6:26:10 PM] Indexing ended. 1 files indexed in 0s.
[Info  - 6:26:11 PM] Indexing started.
[Info  - 6:26:12 PM] Indexing ended. 1 files indexed in 0s.
[Info  - 6:26:14 PM] Indexing started.
[Info  - 6:26:15 PM] Indexing ended. 1 files indexed in 0s.
[Info  - 6:26:17 PM] Indexing started.
[Info  - 6:26:17 PM] Indexing ended. 1 files indexed in 0s.
[Info  - 6:26:19 PM] Indexing started.
[Info  - 6:26:19 PM] Indexing ended. 1 files indexed in 0s.
[Info  - 6:26:20 PM] Indexing started.
[Info  - 6:26:21 PM] Indexing ended. 1 files indexed in 0s.
[Info  - 6:26:45 PM] Indexing started.
[Info  - 6:26:45 PM] Indexing ended. 1 files indexed in 0s.
[Info  - 6:27:37 PM] Indexing started.
[Info  - 6:27:38 PM] Indexing ended. 1 files indexed in 0s.
[Info  - 6:27:39 PM] Indexing started.
[Info  - 6:27:39 PM] Indexing ended. 1 files indexed in 0s.
[Info  - 6:27:41 PM] Indexing started.
[Info  - 6:27:41 PM] Indexing ended. 1 files indexed in 0s.
[Info  - 6:27:43 PM] Indexing started.
[Info  - 6:27:43 PM] Indexing ended. 1 files indexed in 0s.
[Info  - 6:27:45 PM] Indexing started.
[Info  - 6:27:45 PM] Indexing ended. 1 files indexed in 0s.
[Info  - 6:27:52 PM] Indexing started.
[Info  - 6:27:52 PM] Indexing ended. 1 files indexed in 0s.
[Info  - 6:27:56 PM] Indexing started.
[Info  - 6:27:56 PM] Indexing ended. 1 files indexed in 0s.
[Info  - 6:27:58 PM] Indexing started.
[Info  - 6:27:58 PM] Indexing ended. 1 files indexed in 0s.
[Info  - 6:28:00 PM] Indexing started.
[Info  - 6:28:00 PM] Indexing ended. 1 files indexed in 0s.
[Info  - 6:28:02 PM] Indexing started.
[Info  - 6:28:02 PM] Indexing ended. 1 files indexed in 0s.
[Info  - 6:28:05 PM] Indexing started.
[Info  - 6:28:05 PM] Indexing ended. 1 files indexed in 0s.
[Info  - 6:28:08 PM] Indexing started.
[Info  - 6:28:08 PM] Indexing ended. 1 files indexed in 0s.
[Info  - 6:28:32 PM] Indexing started.
[Info  - 6:28:32 PM] Indexing ended. 1 files indexed in 0s.
[Info  - 6:28:34 PM] Indexing started.
[Info  - 6:28:34 PM] Indexing ended. 1 files indexed in 0s.
[Info  - 6:28:37 PM] Indexing started.
[Info  - 6:28:38 PM] Indexing ended. 1 files indexed in 0s.
[Info  - 6:28:39 PM] Indexing started.
[Info  - 6:28:40 PM] Indexing ended. 1 files indexed in 0s.
[Info  - 6:28:42 PM] Indexing started.
[Info  - 6:28:42 PM] Indexing ended. 1 files indexed in 0s.
[Info  - 6:28:45 PM] Indexing started.
[Info  - 6:28:46 PM] Indexing ended. 1 files indexed in 0s.
[Info  - 6:28:47 PM] Indexing started.
[Info  - 6:28:47 PM] Indexing ended. 1 files indexed in 0s.
[Info  - 6:28:51 PM] Indexing started.
[Info  - 6:28:51 PM] Indexing ended. 1 files indexed in 0s.
[Info  - 6:28:56 PM] Indexing started.
[Info  - 6:28:56 PM] Indexing ended. 1 files indexed in 0s.
[Info  - 6:29:06 PM] Indexing started.
[Info  - 6:29:06 PM] Indexing ended. 1 files indexed in 0s.
[Info  - 6:29:08 PM] Indexing started.
[Info  - 6:29:08 PM] Indexing ended. 1 files indexed in 0s.
[Info  - 6:29:09 PM] Indexing started.
[Info  - 6:29:09 PM] Indexing ended. 1 files indexed in 0s.
[Info  - 6:29:13 PM] Indexing started.
[Info  - 6:29:13 PM] Indexing ended. 1 files indexed in 0s.
[Info  - 6:29:14 PM] Indexing started.
[Info  - 6:29:14 PM] Indexing ended. 1 files indexed in 0s.
[Info  - 6:30:15 PM] Indexing started.
[Info  - 6:30:15 PM] Indexing ended. 1 files indexed in 0s.
[Info  - 6:30:18 PM] Indexing started.
[Info  - 6:30:19 PM] Indexing ended. 1 files indexed in 0s.
[Info  - 6:30:28 PM] Indexing started.
[Info  - 6:30:28 PM] Indexing ended. 1 files indexed in 0s.
[Info  - 6:31:19 PM] Indexing started.
[Info  - 6:31:19 PM] Indexing ended. 1 files indexed in 0s.
[Info  - 6:31:39 PM] Indexing started.
[Info  - 6:31:39 PM] Indexing ended. 1 files indexed in 0s.
[Info  - 6:33:30 PM] Indexing started.
[Info  - 6:33:30 PM] Indexing ended. 1 files indexed in 0s.
[Info  - 6:33:32 PM] Indexing started.
[Info  - 6:33:32 PM] Indexing ended. 1 files indexed in 0s.
[Info  - 6:33:35 PM] Indexing started.
[Info  - 6:33:35 PM] Indexing ended. 1 files indexed in 0s.
[Info  - 6:33:41 PM] Indexing started.
[Info  - 6:33:41 PM] Indexing ended. 1 files indexed in 0s.
[Info  - 6:33:42 PM] Indexing started.
[Info  - 6:33:43 PM] Indexing ended. 1 files indexed in 0s.
[Info  - 6:33:46 PM] Indexing started.
[Info  - 6:33:46 PM] Indexing ended. 1 files indexed in 0s.
[Info  - 6:34:10 PM] Indexing started.
[Info  - 6:34:10 PM] Indexing ended. 1 files indexed in 0s.
[Info  - 6:34:16 PM] Indexing started.
[Info  - 6:34:16 PM] Indexing ended. 1 files indexed in 0s.
[Info  - 6:34:18 PM] Indexing started.
[Info  - 6:34:18 PM] Indexing ended. 1 files indexed in 0s.
[Info  - 6:34:20 PM] Indexing started.
[Info  - 6:34:20 PM] Indexing ended. 1 files indexed in 0s.
[Info  - 6:34:24 PM] Indexing started.
[Info  - 6:34:24 PM] Indexing ended. 1 files indexed in 0s.
[Info  - 6:34:26 PM] Indexing started.
[Info  - 6:34:27 PM] Indexing ended. 1 files indexed in 0s.
[Info  - 6:34:37 PM] Indexing started.
[Info  - 6:34:37 PM] Indexing ended. 1 files indexed in 0s.
[Info  - 6:34:39 PM] Indexing started.
[Info  - 6:34:40 PM] Indexing ended. 1 files indexed in 0s.
[Info  - 6:34:41 PM] Indexing started.
[Info  - 6:34:41 PM] Indexing ended. 1 files indexed in 0s.
[Info  - 6:34:50 PM] Indexing started.
[Info  - 6:34:51 PM] Indexing ended. 1 files indexed in 0s.
[Info  - 6:34:59 PM] Indexing started.
[Info  - 6:34:59 PM] Indexing ended. 1 files indexed in 0s.
[Info  - 6:35:02 PM] Indexing started.
[Info  - 6:35:02 PM] Indexing ended. 1 files indexed in 0s.
[Info  - 6:35:04 PM] Indexing started.
[Info  - 6:35:04 PM] Indexing ended. 1 files indexed in 0s.
[Info  - 6:35:06 PM] Indexing started.
[Info  - 6:35:06 PM] Indexing ended. 1 files indexed in 0s.
[Info  - 6:35:08 PM] Indexing started.
[Info  - 6:35:08 PM] Indexing ended. 1 files indexed in 0s.
[Info  - 6:35:10 PM] Indexing started.
[Info  - 6:35:10 PM] Indexing ended. 1 files indexed in 0s.
[Info  - 6:35:16 PM] Indexing started.
[Info  - 6:35:16 PM] Indexing ended. 1 files indexed in 0s.
[Info  - 6:35:39 PM] Indexing started.
[Info  - 6:35:39 PM] Indexing ended. 1 files indexed in 0s.
[Info  - 6:35:51 PM] Indexing started.
[Info  - 6:35:51 PM] Indexing ended. 1 files indexed in 0s.
[Info  - 6:35:54 PM] Indexing started.
[Info  - 6:35:54 PM] Indexing ended. 1 files indexed in 0s.
[Info  - 6:35:56 PM] Indexing started.
[Info  - 6:35:56 PM] Indexing ended. 1 files indexed in 0s.
[Info  - 6:36:00 PM] Indexing started.
[Info  - 6:36:01 PM] Indexing ended. 1 files indexed in 0s.
[Info  - 6:36:02 PM] Indexing started.
[Info  - 6:36:03 PM] Indexing ended. 1 files indexed in 0s.
[Info  - 6:36:17 PM] Indexing started.
[Info  - 6:36:17 PM] Indexing ended. 1 files indexed in 0s.
[Info  - 6:36:20 PM] Indexing started.
[Info  - 6:36:21 PM] Indexing ended. 1 files indexed in 0s.
[Info  - 6:36:22 PM] Indexing started.
[Info  - 6:36:22 PM] Indexing ended. 1 files indexed in 0s.
[Info  - 6:36:25 PM] Indexing started.
[Info  - 6:36:25 PM] Indexing ended. 1 files indexed in 0s.
[Info  - 6:36:27 PM] Indexing started.
[Info  - 6:36:27 PM] Indexing ended. 1 files indexed in 0s.
[Info  - 6:37:16 PM] Indexing started.
[Info  - 6:37:17 PM] Indexing ended. 1 files indexed in 0s.
[Info  - 6:37:18 PM] Indexing started.
[Info  - 6:37:19 PM] Indexing ended. 1 files indexed in 0s.
[Info  - 6:37:22 PM] Indexing started.
[Info  - 6:37:22 PM] Indexing ended. 1 files indexed in 0s.
[Info  - 6:37:23 PM] Indexing started.
[Info  - 6:37:23 PM] Indexing ended. 1 files indexed in 0s.
[Info  - 6:37:25 PM] Indexing started.
[Info  - 6:37:25 PM] Indexing ended. 1 files indexed in 0s.
[Info  - 6:37:32 PM] Indexing started.
[Info  - 6:37:33 PM] Indexing ended. 1 files indexed in 0s.
[Info  - 6:37:43 PM] Indexing started.
[Info  - 6:37:43 PM] Indexing ended. 1 files indexed in 0s.
[Info  - 6:37:57 PM] Indexing started.
[Info  - 6:37:57 PM] Indexing ended. 1 files indexed in 0s.
[Info  - 6:37:59 PM] Indexing started.
[Info  - 6:37:59 PM] Indexing ended. 1 files indexed in 0s.
[Info  - 6:38:16 PM] Indexing started.
[Info  - 6:38:16 PM] Indexing ended. 1 files indexed in 0s.
[Info  - 6:38:18 PM] Indexing started.
[Info  - 6:38:19 PM] Indexing ended. 1 files indexed in 0s.
[Info  - 6:38:38 PM] Indexing started.
[Info  - 6:38:38 PM] Indexing ended. 1 files indexed in 0s.
[Info  - 6:38:43 PM] Indexing started.
[Info  - 6:38:43 PM] Indexing ended. 1 files indexed in 0s.
[Info  - 6:38:51 PM] Indexing started.
[Info  - 6:38:51 PM] Indexing ended. 1 files indexed in 0s.
[Info  - 6:39:03 PM] Indexing started.
[Info  - 6:39:04 PM] Indexing ended. 1 files indexed in 0s.
[Info  - 6:39:09 PM] Indexing started.
[Info  - 6:39:10 PM] Indexing ended. 1 files indexed in 0s.
[Info  - 6:39:29 PM] Indexing started.
[Info  - 6:39:29 PM] Indexing ended. 1 files indexed in 0s.
[Info  - 6:40:12 PM] Indexing started.
[Info  - 6:40:13 PM] Indexing ended. 1 files indexed in 0s.
[Info  - 6:40:17 PM] Indexing started.
[Info  - 6:40:18 PM] Indexing ended. 1 files indexed in 0s.
[Info  - 6:40:20 PM] Indexing started.
[Info  - 6:40:20 PM] Indexing ended. 1 files indexed in 0s.
[Info  - 6:40:23 PM] Indexing started.
[Info  - 6:40:24 PM] Indexing ended. 1 files indexed in 0s.
[Info  - 6:40:25 PM] Indexing started.
[Info  - 6:40:25 PM] Indexing ended. 1 files indexed in 0s.
[Info  - 6:40:38 PM] Indexing started.
[Info  - 6:40:38 PM] Indexing ended. 1 files indexed in 0s.
[Info  - 6:40:43 PM] Indexing started.
[Info  - 6:40:43 PM] Indexing ended. 1 files indexed in 0s.
[Info  - 6:40:44 PM] Indexing started.
[Info  - 6:40:45 PM] Indexing ended. 1 files indexed in 0s.
[Info  - 6:40:46 PM] Indexing started.
[Info  - 6:40:46 PM] Indexing ended. 1 files indexed in 0s.
[Info  - 6:40:48 PM] Indexing started.
[Info  - 6:40:48 PM] Indexing ended. 1 files indexed in 0s.
[Info  - 6:40:49 PM] Indexing started.
[Info  - 6:40:49 PM] Indexing ended. 1 files indexed in 0s.
[Info  - 6:41:31 PM] Indexing started.
[Info  - 6:41:31 PM] Indexing ended. 1 files indexed in 0s.
[Info  - 6:41:33 PM] Indexing started.
[Info  - 6:41:33 PM] Indexing ended. 1 files indexed in 0s.
[Info  - 6:44:06 PM] Indexing started.
[Info  - 6:44:06 PM] Indexing ended. 1 files indexed in 0s.
[Info  - 6:44:11 PM] Indexing started.
[Info  - 6:44:12 PM] Indexing ended. 1 files indexed in 0s.
[Info  - 6:44:14 PM] Indexing started.
[Info  - 6:44:14 PM] Indexing ended. 1 files indexed in 0s.
[Info  - 6:44:16 PM] Indexing started.
[Info  - 6:44:16 PM] Indexing ended. 1 files indexed in 0s.
[Info  - 6:44:38 PM] Indexing started.
[Info  - 6:44:38 PM] Indexing ended. 1 files indexed in 0s.
[Info  - 6:44:45 PM] Indexing started.
[Info  - 6:44:45 PM] Indexing ended. 1 files indexed in 0s.
[Info  - 6:44:49 PM] Indexing started.
[Info  - 6:44:49 PM] Indexing ended. 1 files indexed in 0s.
[Info  - 6:45:08 PM] Indexing started.
[Info  - 6:45:09 PM] Indexing ended. 1 files indexed in 0s.
[Info  - 6:45:12 PM] Indexing started.
[Info  - 6:45:12 PM] Indexing ended. 1 files indexed in 0s.
[Info  - 6:45:36 PM] Indexing started.
[Info  - 6:45:36 PM] Indexing ended. 1 files indexed in 0s.
[Info  - 6:45:39 PM] Indexing started.
[Info  - 6:45:40 PM] Indexing ended. 1 files indexed in 0s.
[Info  - 6:45:44 PM] Indexing started.
[Info  - 6:45:44 PM] Indexing ended. 1 files indexed in 0s.
[Info  - 6:45:46 PM] Indexing started.
[Info  - 6:45:47 PM] Indexing ended. 1 files indexed in 0s.
[Info  - 6:46:41 PM] Indexing started.
[Info  - 6:46:41 PM] Indexing ended. 1 files indexed in 0s.
[Info  - 6:46:42 PM] Indexing started.
[Info  - 6:46:42 PM] Indexing ended. 1 files indexed in 0s.
[Info  - 6:46:47 PM] Indexing started.
[Info  - 6:46:47 PM] Indexing ended. 1 files indexed in 0s.
[Info  - 6:47:05 PM] Indexing started.
[Info  - 6:47:05 PM] Indexing ended. 1 files indexed in 0s.
[Info  - 6:47:34 PM] Indexing started.
[Info  - 6:47:34 PM] Indexing ended. 1 files indexed in 0s.
[Info  - 6:49:55 PM] Indexing started.
[Info  - 6:49:55 PM] Indexing ended. 1 files indexed in 0s.
[Info  - 6:49:57 PM] Indexing started.
[Info  - 6:49:57 PM] Indexing ended. 1 files indexed in 0s.
[Info  - 6:49:59 PM] Indexing started.
[Info  - 6:49:59 PM] Indexing ended. 1 files indexed in 0s.
[Info  - 6:50:01 PM] Indexing started.
[Info  - 6:50:01 PM] Indexing ended. 1 files indexed in 0s.
[Info  - 6:50:07 PM] Indexing started.
[Info  - 6:50:07 PM] Indexing ended. 1 files indexed in 0s.
[Info  - 6:50:11 PM] Indexing started.
[Info  - 6:50:12 PM] Indexing ended. 1 files indexed in 0s.
[Info  - 6:50:13 PM] Indexing started.
[Info  - 6:50:13 PM] Indexing ended. 1 files indexed in 0s.
[Info  - 6:50:15 PM] Indexing started.
[Info  - 6:50:15 PM] Indexing ended. 1 files indexed in 0s.
[Info  - 6:50:39 PM] Indexing started.
[Info  - 6:50:39 PM] Indexing ended. 1 files indexed in 0s.
[Info  - 6:50:43 PM] Indexing started.
[Info  - 6:50:43 PM] Indexing ended. 1 files indexed in 0s.
[Info  - 6:51:06 PM] Indexing started.
[Info  - 6:51:07 PM] Indexing ended. 1 files indexed in 0s.
[Info  - 6:51:09 PM] Indexing started.
[Info  - 6:51:09 PM] Indexing ended. 1 files indexed in 0s.
[Info  - 6:51:11 PM] Indexing started.
[Info  - 6:51:11 PM] Indexing ended. 1 files indexed in 0s.
[Info  - 6:51:54 PM] Indexing started.
[Info  - 6:51:54 PM] Indexing ended. 1 files indexed in 0s.
[Info  - 6:51:56 PM] Indexing started.
[Info  - 6:51:56 PM] Indexing ended. 1 files indexed in 0s.
[Info  - 6:52:12 PM] Indexing started.
[Info  - 6:52:12 PM] Indexing ended. 1 files indexed in 0s.
[Info  - 6:52:15 PM] Indexing started.
[Info  - 6:52:15 PM] Indexing ended. 1 files indexed in 0s.
[Info  - 6:52:17 PM] Indexing started.
[Info  - 6:52:17 PM] Indexing ended. 1 files indexed in 0s.
[Info  - 6:52:30 PM] Indexing started.
[Info  - 6:52:31 PM] Indexing ended. 1 files indexed in 0s.
[Info  - 6:52:35 PM] Indexing started.
[Info  - 6:52:35 PM] Indexing ended. 1 files indexed in 0s.
[Info  - 6:52:39 PM] Indexing started.
[Info  - 6:52:39 PM] Indexing ended. 1 files indexed in 0s.
[Info  - 6:52:55 PM] Indexing started.
[Info  - 6:52:55 PM] Indexing ended. 1 files indexed in 0s.
[Info  - 6:52:57 PM] Indexing started.
[Info  - 6:52:57 PM] Indexing ended. 1 files indexed in 0s.
[Info  - 6:52:58 PM] Indexing started.
[Info  - 6:52:59 PM] Indexing ended. 1 files indexed in 0s.
[Info  - 6:53:01 PM] Indexing started.
[Info  - 6:53:01 PM] Indexing ended. 1 files indexed in 0s.
[Info  - 6:53:03 PM] Indexing started.
[Info  - 6:53:03 PM] Indexing ended. 1 files indexed in 0s.
[Info  - 6:53:05 PM] Indexing started.
[Info  - 6:53:05 PM] Indexing ended. 1 files indexed in 0s.
[Info  - 6:54:02 PM] Indexing started.
[Info  - 6:54:02 PM] Indexing ended. 1 files indexed in 0s.
[Info  - 6:54:05 PM] Indexing started.
[Info  - 6:54:06 PM] Indexing ended. 1 files indexed in 0s.
[Info  - 6:54:09 PM] Indexing started.
[Info  - 6:54:09 PM] Indexing ended. 1 files indexed in 0s.
[Info  - 6:54:11 PM] Indexing started.
[Info  - 6:54:11 PM] Indexing ended. 1 files indexed in 0s.
[Info  - 6:54:29 PM] Indexing started.
[Info  - 6:54:29 PM] Indexing ended. 1 files indexed in 0s.
[Info  - 6:54:32 PM] Indexing started.
[Info  - 6:54:32 PM] Indexing ended. 1 files indexed in 0s.
[Info  - 6:54:36 PM] Indexing started.
[Info  - 6:54:37 PM] Indexing ended. 1 files indexed in 0s.
[Info  - 6:54:38 PM] Indexing started.
[Info  - 6:54:39 PM] Indexing ended. 1 files indexed in 0s.
[Info  - 6:54:40 PM] Indexing started.
[Info  - 6:54:40 PM] Indexing ended. 1 files indexed in 0s.
[Info  - 6:54:42 PM] Indexing started.
[Info  - 6:54:42 PM] Indexing ended. 1 files indexed in 0s.
[Info  - 6:54:54 PM] Indexing started.
[Info  - 6:54:54 PM] Indexing ended. 1 files indexed in 0s.
[Info  - 6:54:56 PM] Indexing started.
[Info  - 6:54:56 PM] Indexing ended. 1 files indexed in 0s.
[Info  - 7:27:33 PM] Indexing started.
[Info  - 7:27:33 PM] Indexing ended. 1 files indexed in 0s.
[Info  - 7:27:40 PM] Indexing started.
[Info  - 7:27:40 PM] Indexing ended. 1 files indexed in 0s.
[Info  - 7:27:41 PM] Indexing started.
[Info  - 7:27:42 PM] Indexing ended. 1 files indexed in 0s.
[Info  - 7:27:44 PM] Indexing started.
[Info  - 7:27:44 PM] Indexing ended. 1 files indexed in 0s.
[Info  - 7:27:45 PM] Indexing started.
[Info  - 7:27:45 PM] Indexing ended. 1 files indexed in 0s.
[Info  - 7:34:57 PM] Indexing started.
[Info  - 7:34:57 PM] Indexing ended. 1 files indexed in 0s.
[Info  - 7:35:01 PM] Indexing started.
[Info  - 7:35:01 PM] Indexing ended. 1 files indexed in 0s.
[Info  - 7:35:04 PM] Indexing started.
[Info  - 7:35:04 PM] Indexing ended. 1 files indexed in 0s.
[Info  - 7:35:12 PM] Indexing started.
[Info  - 7:35:12 PM] Indexing ended. 1 files indexed in 0s.
[Info  - 7:35:16 PM] Indexing started.
[Info  - 7:35:16 PM] Indexing ended. 1 files indexed in 0s.
[Info  - 7:35:22 PM] Indexing started.
[Info  - 7:35:22 PM] Indexing ended. 1 files indexed in 0s.
[Info  - 7:35:29 PM] Indexing started.
[Info  - 7:35:30 PM] Indexing ended. 1 files indexed in 0s.
[Info  - 7:35:52 PM] Indexing started.
[Info  - 7:35:52 PM] Indexing ended. 1 files indexed in 0s.
[Info  - 7:37:17 PM] Indexing started.
[Info  - 7:37:17 PM] Indexing ended. 1 files indexed in 0s.
[Info  - 7:37:24 PM] Indexing started.
[Info  - 7:37:24 PM] Indexing ended. 1 files indexed in 0s.
[Info  - 7:37:42 PM] Indexing started.
[Info  - 7:37:42 PM] Indexing ended. 1 files indexed in 0s.
[Info  - 7:37:48 PM] Indexing started.
[Info  - 7:37:49 PM] Indexing ended. 1 files indexed in 0s.
[Info  - 7:37:50 PM] Indexing started.
[Info  - 7:37:50 PM] Indexing ended. 1 files indexed in 0s.
[Info  - 7:37:53 PM] Indexing started.
[Info  - 7:37:53 PM] Indexing ended. 1 files indexed in 0s.
[Info  - 7:40:20 PM] Indexing started.
[Info  - 7:40:20 PM] Indexing ended. 1 files indexed in 0s.
[Info  - 7:40:23 PM] Indexing started.
[Info  - 7:40:23 PM] Indexing ended. 1 files indexed in 0s.
[Info  - 7:40:26 PM] Indexing started.
[Info  - 7:40:26 PM] Indexing ended. 1 files indexed in 0s.
[Info  - 7:40:28 PM] Indexing started.
[Info  - 7:40:28 PM] Indexing ended. 1 files indexed in 0s.
[Info  - 7:40:30 PM] Indexing started.
[Info  - 7:40:30 PM] Indexing ended. 1 files indexed in 0s.
[Info  - 7:40:32 PM] Indexing started.
[Info  - 7:40:32 PM] Indexing ended. 1 files indexed in 0s.
[Info  - 7:40:35 PM] Indexing started.
[Info  - 7:40:35 PM] Indexing ended. 1 files indexed in 0s.
[Info  - 7:40:41 PM] Indexing started.
[Info  - 7:40:41 PM] Indexing ended. 1 files indexed in 0s.
[Info  - 7:40:42 PM] Indexing started.
[Info  - 7:40:42 PM] Indexing ended. 1 files indexed in 0s.
[Info  - 7:43:38 PM] Indexing started.
[Info  - 7:43:38 PM] Indexing ended. 1 files indexed in 0s.
[Info  - 7:44:33 PM] Indexing started.
[Info  - 7:44:33 PM] Indexing ended. 1 files indexed in 0s.
[Info  - 7:44:41 PM] Indexing started.
[Info  - 7:44:41 PM] Indexing ended. 1 files indexed in 0s.
[Info  - 7:44:47 PM] Indexing started.
[Info  - 7:44:48 PM] Indexing ended. 1 files indexed in 0s.
[Info  - 7:44:52 PM] Indexing started.
[Info  - 7:44:52 PM] Indexing ended. 1 files indexed in 0s.
[Info  - 7:44:57 PM] Indexing started.
[Info  - 7:44:57 PM] Indexing ended. 1 files indexed in 0s.
[Info  - 7:44:58 PM] Indexing started.
[Info  - 7:44:58 PM] Indexing ended. 1 files indexed in 0s.
[Info  - 7:45:21 PM] Indexing started.
[Info  - 7:45:21 PM] Indexing ended. 1 files indexed in 0s.
[Info  - 7:45:24 PM] Indexing started.
[Info  - 7:45:24 PM] Indexing ended. 1 files indexed in 0s.
[Info  - 7:45:27 PM] Indexing started.
[Info  - 7:45:27 PM] Indexing ended. 1 files indexed in 0s.
[Info  - 7:45:34 PM] Indexing started.
[Info  - 7:45:34 PM] Indexing ended. 1 files indexed in 0s.
[Info  - 7:45:36 PM] Indexing started.
[Info  - 7:45:36 PM] Indexing ended. 1 files indexed in 0s.
[Info  - 7:45:39 PM] Indexing started.
[Info  - 7:45:39 PM] Indexing ended. 1 files indexed in 0s.
[Info  - 7:45:59 PM] Indexing started.
[Info  - 7:45:59 PM] Indexing ended. 1 files indexed in 0s.
[Info  - 7:46:26 PM] Indexing started.
[Info  - 7:46:26 PM] Indexing ended. 1 files indexed in 0s.
[Info  - 7:47:34 PM] Indexing started.
[Info  - 7:47:34 PM] Indexing ended. 1 files indexed in 0s.
[Info  - 7:47:38 PM] Indexing started.
[Info  - 7:47:38 PM] Indexing ended. 1 files indexed in 0s.
[Info  - 7:47:40 PM] Indexing started.
[Info  - 7:47:40 PM] Indexing ended. 1 files indexed in 0s.
[Info  - 7:47:42 PM] Indexing started.
[Info  - 7:47:43 PM] Indexing ended. 1 files indexed in 0s.
[Info  - 7:47:44 PM] Indexing started.
[Info  - 7:47:44 PM] Indexing ended. 1 files indexed in 0s.
[Info  - 7:47:45 PM] Indexing started.
[Info  - 7:47:46 PM] Indexing ended. 1 files indexed in 0s.
[Info  - 7:49:53 PM] Indexing started.
[Info  - 7:49:53 PM] Indexing ended. 1 files indexed in 0s.
[Info  - 7:49:56 PM] Indexing started.
[Info  - 7:49:56 PM] Indexing ended. 1 files indexed in 0s.
[Info  - 7:49:57 PM] Indexing started.
[Info  - 7:49:57 PM] Indexing ended. 1 files indexed in 0s.
[Info  - 7:50:10 PM] Indexing started.
[Info  - 7:50:10 PM] Indexing ended. 1 files indexed in 0s.
[Info  - 7:50:13 PM] Indexing started.
[Info  - 7:50:14 PM] Indexing ended. 1 files indexed in 0s.
[Info  - 7:50:19 PM] Indexing started.
[Info  - 7:50:19 PM] Indexing ended. 1 files indexed in 0s.
[Info  - 7:50:21 PM] Indexing started.
[Info  - 7:50:21 PM] Indexing ended. 1 files indexed in 0s.
[Info  - 7:50:22 PM] Indexing started.
[Info  - 7:50:22 PM] Indexing ended. 1 files indexed in 0s.
[Info  - 7:50:45 PM] Indexing started.
[Info  - 7:50:46 PM] Indexing ended. 1 files indexed in 0s.
[Info  - 7:50:54 PM] Indexing started.
[Info  - 7:50:54 PM] Indexing ended. 1 files indexed in 0s.
[Info  - 7:51:03 PM] Indexing started.
[Info  - 7:51:03 PM] Indexing ended. 1 files indexed in 0s.
[Info  - 7:51:13 PM] Indexing started.
[Info  - 7:51:14 PM] Indexing ended. 1 files indexed in 0s.
[Info  - 7:51:37 PM] Indexing started.
[Info  - 7:51:38 PM] Indexing ended. 1 files indexed in 0s.
[Info  - 7:51:42 PM] Indexing started.
[Info  - 7:51:42 PM] Indexing ended. 1 files indexed in 0s.
[Info  - 7:51:43 PM] Indexing started.
[Info  - 7:51:43 PM] Indexing ended. 1 files indexed in 0s.
[Info  - 7:51:45 PM] Indexing started.
[Info  - 7:51:46 PM] Indexing ended. 1 files indexed in 0s.
[Info  - 7:53:45 PM] Indexing started.
[Info  - 7:53:45 PM] Indexing ended. 1 files indexed in 0s.
[Info  - 7:55:18 PM] Indexing started.
[Info  - 7:55:18 PM] Indexing ended. 1 files indexed in 0s.
[Info  - 7:59:32 PM] Indexing started.
[Info  - 7:59:32 PM] Indexing ended. 1 files indexed in 0s.
[Info  - 8:01:37 PM] Indexing started.
[Info  - 8:01:37 PM] Indexing ended. 1 files indexed in 0s.
[Info  - 8:01:42 PM] Indexing started.
[Info  - 8:01:42 PM] Indexing ended. 1 files indexed in 0s.
[Info  - 8:01:47 PM] Indexing started.
[Info  - 8:01:47 PM] Indexing ended. 1 files indexed in 0s.
[Info  - 8:01:50 PM] Indexing started.
[Info  - 8:01:50 PM] Indexing ended. 2 files indexed in 0s.
[Info  - 8:01:51 PM] Indexing started.
[Info  - 8:01:51 PM] Indexing ended. 1 files indexed in 0s.
[Info  - 8:03:38 PM] Indexing started.
[Info  - 8:03:38 PM] Indexing ended. 1 files indexed in 0s.
[Info  - 8:03:40 PM] Indexing started.
[Info  - 8:03:41 PM] Indexing ended. 1 files indexed in 0s.
[Info  - 8:03:51 PM] Indexing started.
[Info  - 8:03:52 PM] Indexing ended. 1 files indexed in 0s.
[Info  - 8:03:52 PM] Indexing started.
[Info  - 8:03:53 PM] Indexing ended. 1 files indexed in 0s.
[Info  - 8:03:55 PM] Indexing started.
[Info  - 8:03:55 PM] Indexing ended. 1 files indexed in 0s.
[Info  - 8:04:00 PM] Indexing started.
[Info  - 8:04:00 PM] Indexing ended. 1 files indexed in 0s.
[Info  - 8:04:03 PM] Indexing started.
[Info  - 8:04:03 PM] Indexing ended. 1 files indexed in 0s.
[Info  - 8:04:06 PM] Indexing started.
[Info  - 8:04:06 PM] Indexing ended. 1 files indexed in 0s.
[Info  - 8:04:16 PM] Indexing started.
[Info  - 8:04:16 PM] Indexing ended. 1 files indexed in 0s.
[Info  - 8:04:28 PM] Indexing started.
[Info  - 8:04:28 PM] Indexing ended. 1 files indexed in 0s.
[Info  - 8:04:30 PM] Indexing started.
[Info  - 8:04:31 PM] Indexing ended. 1 files indexed in 0s.
[Info  - 10:43:35 AM] Indexing started.
[Info  - 10:43:36 AM] Indexing ended. 1 files indexed in 0s.
[Info  - 10:43:36 AM] Indexing started.
[Info  - 10:43:37 AM] Indexing ended. 1 files indexed in 0s.
[Info  - 10:43:39 AM] Indexing started.
[Info  - 10:43:40 AM] Indexing ended. 1 files indexed in 0s.
[Info  - 10:43:42 AM] Indexing started.
[Info  - 10:43:42 AM] Indexing ended. 1 files indexed in 0s.
[Info  - 11:19:17 AM] Indexing started.
[Info  - 11:19:17 AM] Indexing ended. 1 files indexed in 0s.
[Info  - 11:19:58 AM] Indexing started.
[Info  - 11:19:59 AM] Indexing ended. 1 files indexed in 0s.
[Info  - 11:19:59 AM] Indexing started.
[Info  - 11:20:00 AM] Indexing ended. 1 files indexed in 0s.
[Info  - 11:20:03 AM] Indexing started.
[Info  - 11:20:03 AM] Indexing ended. 1 files indexed in 0s.
[Info  - 11:20:39 AM] Indexing started.
[Info  - 11:20:39 AM] Indexing ended. 1 files indexed in 0s.
[Info  - 11:21:11 AM] Indexing started.
[Info  - 11:21:11 AM] Indexing ended. 1 files indexed in 0s.
[Info  - 11:21:15 AM] Indexing started.
[Info  - 11:21:15 AM] Indexing ended. 1 files indexed in 0s.
[Info  - 11:21:18 AM] Indexing started.
[Info  - 11:21:19 AM] Indexing ended. 1 files indexed in 0s.
[Info  - 11:21:22 AM] Indexing started.
[Info  - 11:21:23 AM] Indexing ended. 1 files indexed in 0s.
[Info  - 11:21:24 AM] Indexing started.
[Info  - 11:21:24 AM] Indexing ended. 1 files indexed in 0s.
[Info  - 11:21:25 AM] Indexing started.
[Info  - 11:21:25 AM] Indexing ended. 1 files indexed in 0s.
[Info  - 11:21:26 AM] Indexing started.
[Info  - 11:21:27 AM] Indexing ended. 1 files indexed in 0s.
[Info  - 11:21:30 AM] Indexing started.
[Info  - 11:21:30 AM] Indexing ended. 1 files indexed in 0s.
[Info  - 11:21:33 AM] Indexing started.
[Info  - 11:21:33 AM] Indexing ended. 1 files indexed in 0s.
[Info  - 11:21:41 AM] Indexing started.
[Info  - 11:21:41 AM] Indexing ended. 1 files indexed in 0s.
[Info  - 11:21:44 AM] Indexing started.
[Info  - 11:21:44 AM] Indexing ended. 1 files indexed in 0s.
[Info  - 11:21:46 AM] Indexing started.
[Info  - 11:21:46 AM] Indexing ended. 1 files indexed in 0s.
[Info  - 11:21:54 AM] Indexing started.
[Info  - 11:21:54 AM] Indexing ended. 1 files indexed in 0s.
[Info  - 11:21:58 AM] Indexing started.
[Info  - 11:21:59 AM] Indexing ended. 1 files indexed in 0s.
[Info  - 11:22:02 AM] Indexing started.
[Info  - 11:22:03 AM] Indexing ended. 1 files indexed in 0s.
[Info  - 11:22:07 AM] Indexing started.
[Info  - 11:22:07 AM] Indexing ended. 1 files indexed in 0s.
[Info  - 11:22:09 AM] Indexing started.
[Info  - 11:22:09 AM] Indexing ended. 1 files indexed in 0s.
[Info  - 11:24:56 AM] Indexing started.
[Info  - 11:24:56 AM] Indexing ended. 1 files indexed in 0s.
[Info  - 11:36:40 AM] Indexing started.
[Info  - 11:36:41 AM] Indexing ended. 1 files indexed in 0s.
[Info  - 11:37:18 AM] Indexing started.
[Info  - 11:37:18 AM] Indexing ended. 1 files indexed in 0s.
[Info  - 11:37:31 AM] Indexing started.
[Info  - 11:37:32 AM] Indexing ended. 1 files indexed in 0s.
[Info  - 11:37:36 AM] Indexing started.
[Info  - 11:37:36 AM] Indexing ended. 1 files indexed in 0s.
[Info  - 11:38:23 AM] Indexing started.
[Info  - 11:38:23 AM] Indexing ended. 1 files indexed in 0s.
[Info  - 11:38:33 AM] Indexing started.
[Info  - 11:38:33 AM] Indexing ended. 1 files indexed in 0s.
[Info  - 11:38:36 AM] Indexing started.
[Info  - 11:38:36 AM] Indexing ended. 1 files indexed in 0s.
[Info  - 11:38:52 AM] Indexing started.
[Info  - 11:38:52 AM] Indexing ended. 1 files indexed in 0s.
[Info  - 11:38:54 AM] Indexing started.
[Info  - 11:38:54 AM] Indexing ended. 1 files indexed in 0s.
[Info  - 11:38:55 AM] Indexing started.
[Info  - 11:38:55 AM] Indexing ended. 1 files indexed in 0s.
[Info  - 11:38:57 AM] Indexing started.
[Info  - 11:38:57 AM] Indexing ended. 1 files indexed in 0s.
[Info  - 11:39:15 AM] Indexing started.
[Info  - 11:39:15 AM] Indexing ended. 1 files indexed in 0s.
[Info  - 11:39:26 AM] Indexing started.
[Info  - 11:39:26 AM] Indexing ended. 1 files indexed in 0s.
[Info  - 11:39:33 AM] Indexing started.
[Info  - 11:39:33 AM] Indexing ended. 1 files indexed in 0s.
[Info  - 11:39:35 AM] Indexing started.
[Info  - 11:39:35 AM] Indexing ended. 1 files indexed in 0s.
[Info  - 11:40:26 AM] Indexing started.
[Info  - 11:40:26 AM] Indexing ended. 1 files indexed in 0s.
[Info  - 11:40:48 AM] Indexing started.
[Info  - 11:40:49 AM] Indexing ended. 2 files indexed in 0s.
[Info  - 11:41:22 AM] Indexing started.
[Info  - 11:41:23 AM] Indexing ended. 1 files indexed in 0s.
[Info  - 11:55:15 AM] Indexing started.
[Info  - 11:55:15 AM] Indexing ended. 1 files indexed in 0s.
[Info  - 11:56:17 AM] Indexing started.
[Info  - 11:56:17 AM] Indexing ended. 1 files indexed in 0s.
[Info  - 11:58:03 AM] Indexing started.
[Info  - 11:58:03 AM] Indexing ended. 1 files indexed in 0s.
[Info  - 11:58:09 AM] Indexing started.
[Info  - 11:58:09 AM] Indexing ended. 1 files indexed in 0s.
[Info  - 11:58:12 AM] Indexing started.
[Info  - 11:58:12 AM] Indexing ended. 1 files indexed in 0s.
[Info  - 11:58:15 AM] Indexing started.
[Info  - 11:58:15 AM] Indexing ended. 1 files indexed in 0s.
[Info  - 11:58:18 AM] Indexing started.
[Info  - 11:58:18 AM] Indexing ended. 1 files indexed in 0s.
[Info  - 11:58:35 AM] Indexing started.
[Info  - 11:58:35 AM] Indexing ended. 1 files indexed in 0s.
[Info  - 11:58:37 AM] Indexing started.
[Info  - 11:58:38 AM] Indexing ended. 1 files indexed in 0s.
[Info  - 11:58:39 AM] Indexing started.
[Info  - 11:58:39 AM] Indexing ended. 1 files indexed in 0s.
[Info  - 11:58:42 AM] Indexing started.
[Info  - 11:58:43 AM] Indexing ended. 1 files indexed in 0s.
[Info  - 12:00:05 PM] Indexing started.
[Info  - 12:00:05 PM] Indexing ended. 1 files indexed in 0s.
[Info  - 12:00:09 PM] Indexing started.
[Info  - 12:00:09 PM] Indexing ended. 1 files indexed in 0s.
[Info  - 12:00:10 PM] Indexing started.
[Info  - 12:00:11 PM] Indexing ended. 1 files indexed in 0s.
[Info  - 12:00:17 PM] Indexing started.
[Info  - 12:00:17 PM] Indexing ended. 1 files indexed in 0s.
[Info  - 12:00:19 PM] Indexing started.
[Info  - 12:00:20 PM] Indexing ended. 1 files indexed in 0s.
[Info  - 12:00:22 PM] Indexing started.
[Info  - 12:00:22 PM] Indexing ended. 1 files indexed in 0s.
[Info  - 12:00:24 PM] Indexing started.
[Info  - 12:00:25 PM] Indexing ended. 1 files indexed in 0s.
[Info  - 12:00:27 PM] Indexing started.
[Info  - 12:00:27 PM] Indexing ended. 1 files indexed in 0s.
[Info  - 12:00:42 PM] Indexing started.
[Info  - 12:00:42 PM] Indexing ended. 1 files indexed in 0s.
[Info  - 12:01:29 PM] Indexing started.
[Info  - 12:01:29 PM] Indexing ended. 1 files indexed in 0s.
[Info  - 12:01:34 PM] Indexing started.
[Info  - 12:01:34 PM] Indexing ended. 1 files indexed in 0s.
[Info  - 12:01:37 PM] Indexing started.
[Info  - 12:01:37 PM] Indexing ended. 1 files indexed in 0s.
[Info  - 12:01:38 PM] Indexing started.
[Info  - 12:01:39 PM] Indexing ended. 1 files indexed in 0s.
[Info  - 12:01:43 PM] Indexing started.
[Info  - 12:01:43 PM] Indexing ended. 1 files indexed in 0s.
[Info  - 12:02:16 PM] Indexing started.
[Info  - 12:02:16 PM] Indexing ended. 1 files indexed in 0s.
[Info  - 12:02:18 PM] Indexing started.
[Info  - 12:02:18 PM] Indexing ended. 1 files indexed in 0s.
[Info  - 12:22:07 PM] Indexing started.
[Info  - 12:22:07 PM] Indexing ended. 1 files indexed in 0s.
[Info  - 12:24:57 PM] Indexing started.
[Info  - 12:24:58 PM] Indexing ended. 1 files indexed in 0s.
[Info  - 12:25:05 PM] Indexing started.
[Info  - 12:25:05 PM] Indexing ended. 1 files indexed in 0s.
[Info  - 12:25:12 PM] Indexing started.
[Info  - 12:25:12 PM] Indexing ended. 1 files indexed in 0s.
[Info  - 12:25:15 PM] Indexing started.
[Info  - 12:25:15 PM] Indexing ended. 1 files indexed in 0s.
[Info  - 12:25:18 PM] Indexing started.
[Info  - 12:25:18 PM] Indexing ended. 1 files indexed in 0s.
[Info  - 12:25:20 PM] Indexing started.
[Info  - 12:25:20 PM] Indexing ended. 1 files indexed in 0s.
[Info  - 12:25:21 PM] Indexing started.
[Info  - 12:25:22 PM] Indexing ended. 1 files indexed in 0s.
[Info  - 12:25:23 PM] Indexing started.
[Info  - 12:25:23 PM] Indexing ended. 1 files indexed in 0s.
[Info  - 12:25:25 PM] Indexing started.
[Info  - 12:25:25 PM] Indexing ended. 1 files indexed in 0s.
[Info  - 12:25:27 PM] Indexing started.
[Info  - 12:25:27 PM] Indexing ended. 1 files indexed in 0s.
[Info  - 12:25:35 PM] Indexing started.
[Info  - 12:25:35 PM] Indexing ended. 1 files indexed in 0s.
[Info  - 12:25:36 PM] Indexing started.
[Info  - 12:25:36 PM] Indexing ended. 1 files indexed in 0s.
[Info  - 12:25:39 PM] Indexing started.
[Info  - 12:25:39 PM] Indexing ended. 1 files indexed in 0s.
[Info  - 12:25:42 PM] Indexing started.
[Info  - 12:25:42 PM] Indexing ended. 1 files indexed in 0s.
[Info  - 12:26:03 PM] Indexing started.
[Info  - 12:26:04 PM] Indexing ended. 1 files indexed in 0s.
[Info  - 12:26:26 PM] Indexing started.
[Info  - 12:26:26 PM] Indexing ended. 1 files indexed in 0s.
[Info  - 12:26:29 PM] Indexing started.
[Info  - 12:26:30 PM] Indexing ended. 1 files indexed in 0s.
[Info  - 12:26:33 PM] Indexing started.
[Info  - 12:26:33 PM] Indexing ended. 1 files indexed in 0s.
[Info  - 12:26:35 PM] Indexing started.
[Info  - 12:26:35 PM] Indexing ended. 1 files indexed in 0s.
[Info  - 12:26:57 PM] Indexing started.
[Info  - 12:26:57 PM] Indexing ended. 1 files indexed in 0s.
[Info  - 12:26:59 PM] Indexing started.
[Info  - 12:26:59 PM] Indexing ended. 1 files indexed in 0s.
[Info  - 12:27:13 PM] Indexing started.
[Info  - 12:27:13 PM] Indexing ended. 1 files indexed in 0s.
[Info  - 12:27:19 PM] Indexing started.
[Info  - 12:27:19 PM] Indexing ended. 1 files indexed in 0s.
[Info  - 12:27:24 PM] Indexing started.
[Info  - 12:27:24 PM] Indexing ended. 1 files indexed in 0s.
[Info  - 12:27:25 PM] Indexing started.
[Info  - 12:27:25 PM] Indexing ended. 1 files indexed in 0s.
[Info  - 12:27:36 PM] Indexing started.
[Info  - 12:27:36 PM] Indexing ended. 1 files indexed in 0s.
[Info  - 12:27:39 PM] Indexing started.
[Info  - 12:27:39 PM] Indexing ended. 1 files indexed in 0s.
[Info  - 12:27:40 PM] Indexing started.
[Info  - 12:27:40 PM] Indexing ended. 1 files indexed in 0s.
[Info  - 12:27:48 PM] Indexing started.
[Info  - 12:27:48 PM] Indexing ended. 1 files indexed in 0s.
[Info  - 12:27:57 PM] Indexing started.
[Info  - 12:27:57 PM] Indexing ended. 1 files indexed in 0s.
[Info  - 12:27:59 PM] Indexing started.
[Info  - 12:28:00 PM] Indexing ended. 1 files indexed in 0s.
[Info  - 12:28:02 PM] Indexing started.
[Info  - 12:28:02 PM] Indexing ended. 1 files indexed in 0s.
[Info  - 12:28:04 PM] Indexing started.
[Info  - 12:28:05 PM] Indexing ended. 1 files indexed in 0s.
[Info  - 12:28:06 PM] Indexing started.
[Info  - 12:28:06 PM] Indexing ended. 1 files indexed in 0s.
[Info  - 12:28:07 PM] Indexing started.
[Info  - 12:28:08 PM] Indexing ended. 1 files indexed in 0s.
[Info  - 12:28:24 PM] Indexing started.
[Info  - 12:28:24 PM] Indexing ended. 1 files indexed in 0s.
[Info  - 12:28:52 PM] Indexing started.
[Info  - 12:28:52 PM] Indexing ended. 1 files indexed in 0s.
[Info  - 12:28:54 PM] Indexing started.
[Info  - 12:28:54 PM] Indexing ended. 1 files indexed in 0s.
[Info  - 12:28:56 PM] Indexing started.
[Info  - 12:28:56 PM] Indexing ended. 1 files indexed in 0s.
[Info  - 12:29:39 PM] Indexing started.
[Info  - 12:29:40 PM] Indexing ended. 1 files indexed in 0s.
[Info  - 12:29:41 PM] Indexing started.
[Info  - 12:29:41 PM] Indexing ended. 1 files indexed in 0s.
[Info  - 12:29:44 PM] Indexing started.
[Info  - 12:29:44 PM] Indexing ended. 1 files indexed in 0s.
[Info  - 12:29:45 PM] Indexing started.
[Info  - 12:29:45 PM] Indexing ended. 1 files indexed in 0s.
[Info  - 12:29:48 PM] Indexing started.
[Info  - 12:29:48 PM] Indexing ended. 1 files indexed in 0s.
[Info  - 12:29:50 PM] Indexing started.
[Info  - 12:29:51 PM] Indexing ended. 1 files indexed in 0s.
[Info  - 12:30:30 PM] Indexing started.
[Info  - 12:30:31 PM] Indexing ended. 1 files indexed in 0s.
[Info  - 12:30:40 PM] Indexing started.
[Info  - 12:30:40 PM] Indexing ended. 1 files indexed in 0s.
[Info  - 12:30:42 PM] Indexing started.
[Info  - 12:30:42 PM] Indexing ended. 1 files indexed in 0s.
[Info  - 12:31:28 PM] Indexing started.
[Info  - 12:31:28 PM] Indexing ended. 1 files indexed in 0s.
[Info  - 12:31:39 PM] Indexing started.
[Info  - 12:31:39 PM] Indexing ended. 1 files indexed in 0s.
[Info  - 12:31:44 PM] Indexing started.
[Info  - 12:31:44 PM] Indexing ended. 1 files indexed in 0s.
[Info  - 12:31:49 PM] Indexing started.
[Info  - 12:31:49 PM] Indexing ended. 1 files indexed in 0s.
[Info  - 12:32:08 PM] Indexing started.
[Info  - 12:32:08 PM] Indexing ended. 1 files indexed in 0s.
[Info  - 12:35:02 PM] Indexing started.
[Info  - 12:35:02 PM] Indexing ended. 1 files indexed in 0s.
[Info  - 12:35:23 PM] Indexing started.
[Info  - 12:35:24 PM] Indexing ended. 1 files indexed in 0s.
[Info  - 12:36:06 PM] Indexing started.
[Info  - 12:36:07 PM] Indexing ended. 1 files indexed in 0s.
[Info  - 12:37:40 PM] Indexing started.
[Info  - 12:37:40 PM] Indexing ended. 1 files indexed in 0s.
[Info  - 12:37:43 PM] Indexing started.
[Info  - 12:37:43 PM] Indexing ended. 1 files indexed in 0s.
[Info  - 3:05:25 PM] Indexing started.
[Info  - 3:05:26 PM] Indexing ended. 1 files indexed in 0s.
[Info  - 3:05:32 PM] Indexing started.
[Info  - 3:05:32 PM] Indexing ended. 1 files indexed in 0s.
[Info  - 3:06:50 PM] Indexing started.
[Info  - 3:06:51 PM] Indexing ended. 1 files indexed in 0s.
[Info  - 3:06:54 PM] Indexing started.
[Info  - 3:06:55 PM] Indexing ended. 1 files indexed in 0s.
[Info  - 3:06:56 PM] Indexing started.
[Info  - 3:06:56 PM] Indexing ended. 1 files indexed in 0s.
[Info  - 3:07:02 PM] Indexing started.
[Info  - 3:07:02 PM] Indexing ended. 1 files indexed in 0s.
[Info  - 3:07:04 PM] Indexing started.
[Info  - 3:07:04 PM] Indexing ended. 1 files indexed in 0s.
[Info  - 3:07:38 PM] Indexing started.
[Info  - 3:07:39 PM] Indexing ended. 1 files indexed in 0s.
[Info  - 3:08:08 PM] Indexing started.
[Info  - 3:08:09 PM] Indexing ended. 1 files indexed in 0s.
[Info  - 3:08:18 PM] Indexing started.
[Info  - 3:08:19 PM] Indexing ended. 1 files indexed in 0s.
[Info  - 3:08:22 PM] Indexing started.
[Info  - 3:08:22 PM] Indexing ended. 1 files indexed in 0s.
[Info  - 3:08:24 PM] Indexing started.
[Info  - 3:08:24 PM] Indexing ended. 1 files indexed in 0s.
[Info  - 3:08:25 PM] Indexing started.
[Info  - 3:08:25 PM] Indexing ended. 1 files indexed in 0s.
[Info  - 3:08:26 PM] Indexing started.
[Info  - 3:08:27 PM] Indexing ended. 2 files indexed in 0s.
[Info  - 3:09:03 PM] Indexing started.
[Info  - 3:09:04 PM] Indexing ended. 1 files indexed in 0s.
[Info  - 3:09:43 PM] Indexing started.
[Info  - 3:09:43 PM] Indexing ended. 1 files indexed in 0s.
[Info  - 3:11:22 PM] Indexing started.
[Info  - 3:11:22 PM] Indexing ended. 1 files indexed in 0s.
[Info  - 3:11:59 PM] Indexing started.
[Info  - 3:11:59 PM] Indexing ended. 1 files indexed in 0s.
[Info  - 3:12:02 PM] Indexing started.
[Info  - 3:12:02 PM] Indexing ended. 1 files indexed in 0s.
[Info  - 3:12:04 PM] Indexing started.
[Info  - 3:12:04 PM] Indexing ended. 1 files indexed in 0s.
[Info  - 3:12:34 PM] Indexing started.
[Info  - 3:12:34 PM] Indexing ended. 1 files indexed in 0s.
[Info  - 3:12:37 PM] Indexing started.
[Info  - 3:12:37 PM] Indexing ended. 1 files indexed in 0s.
[Info  - 3:12:38 PM] Indexing started.
[Info  - 3:12:38 PM] Indexing ended. 1 files indexed in 0s.
[Info  - 3:12:39 PM] Indexing started.
[Info  - 3:12:40 PM] Indexing ended. 1 files indexed in 0s.
[Info  - 3:12:43 PM] Indexing started.
[Info  - 3:12:44 PM] Indexing ended. 1 files indexed in 0s.
[Info  - 3:13:11 PM] Indexing started.
[Info  - 3:13:12 PM] Indexing ended. 1 files indexed in 0s.
[Info  - 3:13:45 PM] Indexing started.
[Info  - 3:13:45 PM] Indexing ended. 1 files indexed in 0s.
[Info  - 3:13:47 PM] Indexing started.
[Info  - 3:13:47 PM] Indexing ended. 1 files indexed in 0s.
[Info  - 3:13:52 PM] Indexing started.
[Info  - 3:13:52 PM] Indexing ended. 1 files indexed in 0s.
[Info  - 3:13:53 PM] Indexing started.
[Info  - 3:13:54 PM] Indexing ended. 1 files indexed in 0s.
[Info  - 3:13:56 PM] Indexing started.
[Info  - 3:13:56 PM] Indexing ended. 1 files indexed in 0s.
[Info  - 3:14:01 PM] Indexing started.
[Info  - 3:14:02 PM] Indexing ended. 1 files indexed in 0s.
[Info  - 3:15:28 PM] Indexing started.
[Info  - 3:15:28 PM] Indexing ended. 1 files indexed in 0s.
[Info  - 3:15:29 PM] Indexing started.
[Info  - 3:15:30 PM] Indexing ended. 1 files indexed in 0s.
[Info  - 3:15:31 PM] Indexing started.
[Info  - 3:15:31 PM] Indexing ended. 1 files indexed in 0s.
[Info  - 3:15:34 PM] Indexing started.
[Info  - 3:15:34 PM] Indexing ended. 1 files indexed in 0s.
[Info  - 3:15:35 PM] Indexing started.
[Info  - 3:15:35 PM] Indexing ended. 1 files indexed in 0s.
[Info  - 3:16:06 PM] Indexing started.
[Info  - 3:16:06 PM] Indexing ended. 1 files indexed in 0s.
[Info  - 3:16:46 PM] Indexing started.
[Info  - 3:16:47 PM] Indexing ended. 1 files indexed in 0s.
[Info  - 3:16:47 PM] Indexing started.
[Info  - 3:16:48 PM] Indexing ended. 1 files indexed in 0s.
[Info  - 3:16:50 PM] Indexing started.
[Info  - 3:16:50 PM] Indexing ended. 1 files indexed in 0s.
[Info  - 3:16:53 PM] Indexing started.
[Info  - 3:16:54 PM] Indexing ended. 1 files indexed in 0s.
[Info  - 3:16:54 PM] Indexing started.
[Info  - 3:16:55 PM] Indexing ended. 1 files indexed in 0s.
[Info  - 3:16:57 PM] Indexing started.
[Info  - 3:16:57 PM] Indexing ended. 1 files indexed in 0s.
[Info  - 3:16:59 PM] Indexing started.
[Info  - 3:17:00 PM] Indexing ended. 1 files indexed in 0s.
[Info  - 3:17:04 PM] Indexing started.
[Info  - 3:17:04 PM] Indexing ended. 1 files indexed in 0s.
[Info  - 3:17:12 PM] Indexing started.
[Info  - 3:17:12 PM] Indexing ended. 1 files indexed in 0s.
[Info  - 3:17:22 PM] Indexing started.
[Info  - 3:17:22 PM] Indexing ended. 1 files indexed in 0s.
[Info  - 3:17:24 PM] Indexing started.
[Info  - 3:17:24 PM] Indexing ended. 1 files indexed in 0s.
[Info  - 3:17:30 PM] Indexing started.
[Info  - 3:17:30 PM] Indexing ended. 1 files indexed in 0s.
[Info  - 3:17:33 PM] Indexing started.
[Info  - 3:17:33 PM] Indexing ended. 1 files indexed in 0s.
[Info  - 3:17:38 PM] Indexing started.
[Info  - 3:17:39 PM] Indexing ended. 1 files indexed in 0s.
[Info  - 3:17:40 PM] Indexing started.
[Info  - 3:17:40 PM] Indexing ended. 1 files indexed in 0s.
[Info  - 3:18:05 PM] Indexing started.
[Info  - 3:18:05 PM] Indexing ended. 1 files indexed in 0s.
[Info  - 3:18:30 PM] Indexing started.
[Info  - 3:18:31 PM] Indexing ended. 1 files indexed in 0s.
[Info  - 3:18:32 PM] Indexing started.
[Info  - 3:18:33 PM] Indexing ended. 2 files indexed in 0s.
[Info  - 3:18:52 PM] Indexing started.
[Info  - 3:18:52 PM] Indexing ended. 1 files indexed in 0s.
[Info  - 3:18:53 PM] Indexing started.
[Info  - 3:18:53 PM] Indexing ended. 1 files indexed in 0s.
[Info  - 3:19:04 PM] Indexing started.
[Info  - 3:19:04 PM] Indexing ended. 1 files indexed in 0s.
[Info  - 3:19:08 PM] Indexing started.
[Info  - 3:19:08 PM] Indexing ended. 1 files indexed in 0s.
[Info  - 3:19:09 PM] Indexing started.
[Info  - 3:19:09 PM] Indexing ended. 1 files indexed in 0s.
[Info  - 3:21:27 PM] Indexing started.
[Info  - 3:21:28 PM] Indexing ended. 1 files indexed in 0s.
[Info  - 3:21:36 PM] Indexing started.
[Info  - 3:21:37 PM] Indexing ended. 1 files indexed in 0s.
[Info  - 3:31:26 PM] Indexing started.
[Info  - 3:31:26 PM] Indexing ended. 1 files indexed in 0s.
[Info  - 3:31:28 PM] Indexing started.
[Info  - 3:31:28 PM] Indexing ended. 1 files indexed in 0s.
[Info  - 3:31:29 PM] Indexing started.
[Info  - 3:31:29 PM] Indexing ended. 1 files indexed in 0s.
[Info  - 3:31:33 PM] Indexing started.
[Info  - 3:31:33 PM] Indexing ended. 1 files indexed in 0s.
[Info  - 3:31:35 PM] Indexing started.
[Info  - 3:31:36 PM] Indexing ended. 1 files indexed in 0s.
[Info  - 3:31:37 PM] Indexing started.
[Info  - 3:31:38 PM] Indexing ended. 1 files indexed in 0s.
[Info  - 3:31:46 PM] Indexing started.
[Info  - 3:31:46 PM] Indexing ended. 1 files indexed in 0s.
[Info  - 3:31:48 PM] Indexing started.
[Info  - 3:31:48 PM] Indexing ended. 1 files indexed in 0s.
[Info  - 3:31:53 PM] Indexing started.
[Info  - 3:31:53 PM] Indexing ended. 1 files indexed in 0s.
[Info  - 3:31:55 PM] Indexing started.
[Info  - 3:31:55 PM] Indexing ended. 1 files indexed in 0s.
[Info  - 3:32:12 PM] Indexing started.
[Info  - 3:32:12 PM] Indexing ended. 1 files indexed in 0s.
[Info  - 3:32:15 PM] Indexing started.
[Info  - 3:32:15 PM] Indexing ended. 1 files indexed in 0s.
[Info  - 3:32:16 PM] Indexing started.
[Info  - 3:32:16 PM] Indexing ended. 1 files indexed in 0s.
[Info  - 3:32:19 PM] Indexing started.
[Info  - 3:32:19 PM] Indexing ended. 1 files indexed in 0s.
[Info  - 3:32:27 PM] Indexing started.
[Info  - 3:32:27 PM] Indexing ended. 1 files indexed in 0s.
[Info  - 3:32:28 PM] Indexing started.
[Info  - 3:32:28 PM] Indexing ended. 1 files indexed in 0s.
[Info  - 3:32:31 PM] Indexing started.
[Info  - 3:32:32 PM] Indexing ended. 1 files indexed in 0s.
[Info  - 3:32:34 PM] Indexing started.
[Info  - 3:32:35 PM] Indexing ended. 1 files indexed in 0s.
[Info  - 3:32:36 PM] Indexing started.
[Info  - 3:32:37 PM] Indexing ended. 1 files indexed in 0s.
[Info  - 3:32:46 PM] Indexing started.
[Info  - 3:32:46 PM] Indexing ended. 1 files indexed in 0s.
[Info  - 3:32:49 PM] Indexing started.
[Info  - 3:32:49 PM] Indexing ended. 1 files indexed in 0s.
[Info  - 3:32:52 PM] Indexing started.
[Info  - 3:32:52 PM] Indexing ended. 1 files indexed in 0s.
[Info  - 3:33:37 PM] Indexing started.
[Info  - 3:33:38 PM] Indexing ended. 1 files indexed in 0s.
[Info  - 3:33:42 PM] Indexing started.
[Info  - 3:33:42 PM] Indexing ended. 1 files indexed in 0s.
[Info  - 3:33:43 PM] Indexing started.
[Info  - 3:33:43 PM] Indexing ended. 1 files indexed in 0s.
[Info  - 3:33:48 PM] Indexing started.
[Info  - 3:33:49 PM] Indexing ended. 1 files indexed in 0s.
[Info  - 3:33:53 PM] Indexing started.
[Info  - 3:33:54 PM] Indexing ended. 1 files indexed in 0s.
[Info  - 3:33:58 PM] Indexing started.
[Info  - 3:33:58 PM] Indexing ended. 1 files indexed in 0s.
[Info  - 3:34:16 PM] Indexing started.
[Info  - 3:34:16 PM] Indexing ended. 1 files indexed in 0s.
[Info  - 3:34:18 PM] Indexing started.
[Info  - 3:34:18 PM] Indexing ended. 1 files indexed in 0s.
[Info  - 3:34:22 PM] Indexing started.
[Info  - 3:34:22 PM] Indexing ended. 1 files indexed in 0s.
[Info  - 3:34:24 PM] Indexing started.
[Info  - 3:34:24 PM] Indexing ended. 1 files indexed in 0s.
[Info  - 3:34:46 PM] Indexing started.
[Info  - 3:34:46 PM] Indexing ended. 1 files indexed in 0s.
[Info  - 3:34:49 PM] Indexing started.
[Info  - 3:34:49 PM] Indexing ended. 1 files indexed in 0s.
[Info  - 3:34:50 PM] Indexing started.
[Info  - 3:34:50 PM] Indexing ended. 1 files indexed in 0s.
[Info  - 3:35:49 PM] Indexing started.
[Info  - 3:35:50 PM] Indexing ended. 1 files indexed in 0s.
[Info  - 3:35:53 PM] Indexing started.
[Info  - 3:35:53 PM] Indexing ended. 1 files indexed in 0s.
[Info  - 3:35:54 PM] Indexing started.
[Info  - 3:35:54 PM] Indexing ended. 1 files indexed in 0s.
[Info  - 3:35:56 PM] Indexing started.
[Info  - 3:35:56 PM] Indexing ended. 1 files indexed in 0s.
[Info  - 3:36:00 PM] Indexing started.
[Info  - 3:36:00 PM] Indexing ended. 1 files indexed in 0s.
[Info  - 3:36:01 PM] Indexing started.
[Info  - 3:36:02 PM] Indexing ended. 1 files indexed in 0s.
[Info  - 3:36:06 PM] Indexing started.
[Info  - 3:36:06 PM] Indexing ended. 1 files indexed in 0s.
[Info  - 3:36:07 PM] Indexing started.
[Info  - 3:36:08 PM] Indexing ended. 1 files indexed in 0s.
[Info  - 3:36:11 PM] Indexing started.
[Info  - 3:36:11 PM] Indexing ended. 1 files indexed in 0s.
[Info  - 3:36:17 PM] Indexing started.
[Info  - 3:36:17 PM] Indexing ended. 1 files indexed in 0s.
[Info  - 3:36:19 PM] Indexing started.
[Info  - 3:36:19 PM] Indexing ended. 1 files indexed in 0s.
[Info  - 3:36:22 PM] Indexing started.
[Info  - 3:36:23 PM] Indexing ended. 1 files indexed in 0s.
[Info  - 3:36:24 PM] Indexing started.
[Info  - 3:36:24 PM] Indexing ended. 1 files indexed in 0s.
[Info  - 3:36:31 PM] Indexing started.
[Info  - 3:36:32 PM] Indexing ended. 1 files indexed in 0s.
[Info  - 3:36:35 PM] Indexing started.
[Info  - 3:36:35 PM] Indexing ended. 1 files indexed in 0s.
[Info  - 3:39:02 PM] Indexing started.
[Info  - 3:39:02 PM] Indexing ended. 1 files indexed in 0s.
[Info  - 3:39:03 PM] Indexing started.
[Info  - 3:39:04 PM] Indexing ended. 1 files indexed in 0s.
[Info  - 3:39:06 PM] Indexing started.
[Info  - 3:39:06 PM] Indexing ended. 1 files indexed in 0s.
[Info  - 3:39:08 PM] Indexing started.
[Info  - 3:39:08 PM] Indexing ended. 1 files indexed in 0s.
[Info  - 3:39:47 PM] Indexing started.
[Info  - 3:39:47 PM] Indexing ended. 1 files indexed in 0s.
[Info  - 3:39:51 PM] Indexing started.
[Info  - 3:39:52 PM] Indexing ended. 1 files indexed in 0s.
[Info  - 3:39:55 PM] Indexing started.
[Info  - 3:39:56 PM] Indexing ended. 1 files indexed in 0s.
[Info  - 3:51:22 PM] Indexing started.
[Info  - 3:51:22 PM] Indexing ended. 1 files indexed in 0s.
[Info  - 3:51:25 PM] Indexing started.
[Info  - 3:51:25 PM] Indexing ended. 1 files indexed in 0s.
[Info  - 3:51:27 PM] Indexing started.
[Info  - 3:51:27 PM] Indexing ended. 1 files indexed in 0s.
[Info  - 3:51:31 PM] Indexing started.
[Info  - 3:51:31 PM] Indexing ended. 1 files indexed in 0s.
[Info  - 4:02:09 PM] Indexing started.
[Info  - 4:02:09 PM] Indexing ended. 1 files indexed in 0s.
[Info  - 4:02:14 PM] Indexing started.
[Info  - 4:02:14 PM] Indexing ended. 1 files indexed in 0s.
[Info  - 4:05:40 PM] Indexing started.
[Info  - 4:05:40 PM] Indexing ended. 1 files indexed in 0s.
[Info  - 4:05:43 PM] Indexing started.
[Info  - 4:05:43 PM] Indexing ended. 1 files indexed in 0s.
[Info  - 4:08:54 PM] Indexing started.
[Info  - 4:08:54 PM] Indexing ended. 1 files indexed in 0s.
[Info  - 4:09:54 PM] Indexing started.
[Info  - 4:09:54 PM] Indexing ended. 1 files indexed in 0s.
[Info  - 4:09:56 PM] Indexing started.
[Info  - 4:09:56 PM] Indexing ended. 1 files indexed in 0s.
[Info  - 4:10:01 PM] Indexing started.
[Info  - 4:10:01 PM] Indexing ended. 1 files indexed in 0s.
[Info  - 4:10:03 PM] Indexing started.
[Info  - 4:10:03 PM] Indexing ended. 1 files indexed in 0s.
[Info  - 4:10:05 PM] Indexing started.
[Info  - 4:10:05 PM] Indexing ended. 1 files indexed in 0s.
[Info  - 4:10:07 PM] Indexing started.
[Info  - 4:10:07 PM] Indexing ended. 1 files indexed in 0s.
[Info  - 4:10:09 PM] Indexing started.
[Info  - 4:10:09 PM] Indexing ended. 1 files indexed in 0s.
[Info  - 4:10:40 PM] Indexing started.
[Info  - 4:10:40 PM] Indexing ended. 1 files indexed in 0s.
[Info  - 4:10:43 PM] Indexing started.
[Info  - 4:10:43 PM] Indexing ended. 1 files indexed in 0s.
[Info  - 4:10:50 PM] Indexing started.
[Info  - 4:10:50 PM] Indexing ended. 1 files indexed in 0s.
[Info  - 4:10:58 PM] Indexing started.
[Info  - 4:10:58 PM] Indexing ended. 1 files indexed in 0s.
[Info  - 4:11:02 PM] Indexing started.
[Info  - 4:11:02 PM] Indexing ended. 1 files indexed in 0s.
[Info  - 4:11:10 PM] Indexing started.
[Info  - 4:11:10 PM] Indexing ended. 1 files indexed in 0s.
[Info  - 4:11:12 PM] Indexing started.
[Info  - 4:11:12 PM] Indexing ended. 1 files indexed in 0s.
[Info  - 4:11:15 PM] Indexing started.
[Info  - 4:11:16 PM] Indexing ended. 1 files indexed in 0s.
[Info  - 4:11:47 PM] Indexing started.
[Info  - 4:11:47 PM] Indexing ended. 1 files indexed in 0s.
[Info  - 4:11:49 PM] Indexing started.
[Info  - 4:11:49 PM] Indexing ended. 1 files indexed in 0s.
[Info  - 4:11:51 PM] Indexing started.
[Info  - 4:11:51 PM] Indexing ended. 1 files indexed in 0s.
[Info  - 4:19:08 PM] Indexing started.
[Info  - 4:19:08 PM] Indexing ended. 1 files indexed in 0s.
[Info  - 4:20:09 PM] Indexing started.
[Info  - 4:20:09 PM] Indexing ended. 1 files indexed in 0s.
[Info  - 4:20:32 PM] Indexing started.
[Info  - 4:20:32 PM] Indexing ended. 1 files indexed in 0s.
[Info  - 4:20:55 PM] Indexing started.
[Info  - 4:20:56 PM] Indexing ended. 1 files indexed in 0s.
[Info  - 4:21:07 PM] Indexing started.
[Info  - 4:21:08 PM] Indexing ended. 1 files indexed in 0s.
[Info  - 4:21:10 PM] Indexing started.
[Info  - 4:21:11 PM] Indexing ended. 1 files indexed in 0s.
[Info  - 4:21:12 PM] Indexing started.
[Info  - 4:21:13 PM] Indexing ended. 1 files indexed in 0s.
[Info  - 4:21:47 PM] Indexing started.
[Info  - 4:21:47 PM] Indexing ended. 1 files indexed in 0s.
[Info  - 4:22:08 PM] Indexing started.
[Info  - 4:22:09 PM] Indexing ended. 1 files indexed in 0s.
[Info  - 4:22:25 PM] Indexing started.
[Info  - 4:22:25 PM] Indexing ended. 1 files indexed in 0s.
[Info  - 4:22:27 PM] Indexing started.
[Info  - 4:22:27 PM] Indexing ended. 1 files indexed in 0s.
[Info  - 4:22:41 PM] Indexing started.
[Info  - 4:22:41 PM] Indexing ended. 1 files indexed in 0s.
[Info  - 4:22:43 PM] Indexing started.
[Info  - 4:22:43 PM] Indexing ended. 1 files indexed in 0s.
[Info  - 4:22:45 PM] Indexing started.
[Info  - 4:22:45 PM] Indexing ended. 1 files indexed in 0s.
[Info  - 4:22:58 PM] Indexing started.
[Info  - 4:22:58 PM] Indexing ended. 1 files indexed in 0s.
