[Info  - 12:24:47 PM] Language server connection initialized.
[Info  - 12:24:47 PM] Setting workspaceFolders [{"uri":"file:///var/www/html/proyecto/recursos","name":"recursos"}].
[Info  - 12:24:47 PM] Configuration change triggerd, validating all open documents.
[Info  - 12:24:47 PM] Created controller with settings '{"enabled":true,"command":"php /root/.vscode/extensions/ecodes.vscode-phpmd-1.3.0/phpmd/phpmd.phar","unsafeCommandEnabled":false,"unsafeCommand":"","rules":"cleancode,codesize,controversial,design,unusedcode,naming","verbose":false,"clearOnClose":true}' and environment '{"workspaceFolders":[{"uri":"file:///var/www/html/proyecto/recursos","name":"recursos"}],"homeDir":"/root"}'
[Info  - 12:25:15 PM] New document opened, starting validation.
[Info  - 12:25:28 PM] Document validation after open completed successfully
[Info  - 12:25:41 PM] Document saved, starting validation.
[Info  - 12:25:43 PM] Document saved, starting validation.
[Info  - 12:25:44 PM] Document validation after save completed successfully
[Info  - 12:25:44 PM] Document validation after save completed successfully
[Info  - 12:25:47 PM] Document saved, starting validation.
[Info  - 12:25:49 PM] Document validation after save completed successfully
[Info  - 12:25:50 PM] Document saved, starting validation.
[Info  - 12:25:52 PM] Document validation after save completed successfully
[Info  - 12:25:53 PM] Document saved, starting validation.
[Info  - 12:25:53 PM] Document saved, starting validation.
[Info  - 12:25:54 PM] Document validation after save completed successfully
[Info  - 12:25:54 PM] Document validation after save completed successfully
[Info  - 12:25:56 PM] Document saved, starting validation.
[Info  - 12:25:57 PM] Document validation after save completed successfully
[Info  - 12:25:57 PM] Document saved, starting validation.
[Info  - 12:25:58 PM] Document validation after save completed successfully
[Info  - 12:26:01 PM] Document saved, starting validation.
[Info  - 12:26:01 PM] Document validation after save completed successfully
[Info  - 12:26:01 PM] Document saved, starting validation.
[Info  - 12:26:02 PM] Document validation after save completed successfully
[Info  - 12:26:03 PM] Document saved, starting validation.
[Info  - 12:26:04 PM] Document validation after save completed successfully
