[Info  - 9:24:31 AM] Initialising intelephense 1.3.11
[Info  - 9:24:31 AM] Reading state from /var/www/html/recursos/~/.vscode-root/User/workspaceStorage/5bae1bb75f4a5260ed6898be91f4836d/bmewburn.vscode-intelephense-client/4a54257a.
[Info  - 9:24:31 AM] Initialised in 3188 ms
[Info  - 9:24:39 AM] Indexing started.
[Info  - 9:24:40 AM] Indexing ended. 31 files indexed in 3s.
[Info  - 9:24:40 AM] Writing state to /var/www/html/recursos/~/.vscode-root/User/workspaceStorage/5bae1bb75f4a5260ed6898be91f4836d/bmewburn.vscode-intelephense-client/4a54257a.
[Info  - 9:24:44 AM] Wrote state in 3.9s.
[Info  - 12:42:21 PM] Indexing started.
[Info  - 12:42:22 PM] Indexing ended. 1 files indexed in 0s.
[Info  - 12:43:54 PM] Indexing started.
[Info  - 12:43:54 PM] Indexing ended. 1 files indexed in 0s.
[Info  - 12:44:02 PM] Indexing started.
[Info  - 12:44:03 PM] Indexing ended. 1 files indexed in 0s.
[Info  - 12:44:04 PM] Indexing started.
[Info  - 12:44:05 PM] Indexing ended. 1 files indexed in 0s.
[Info  - 12:44:12 PM] Indexing started.
[Info  - 12:44:13 PM] Indexing ended. 2 files indexed in 0s.
[Info  - 12:44:45 PM] Indexing started.
[Info  - 12:44:45 PM] Indexing ended. 1 files indexed in 0s.
[Info  - 12:44:56 PM] Indexing started.
[Info  - 12:44:56 PM] Indexing ended. 1 files indexed in 0s.
[Info  - 12:45:03 PM] Indexing started.
[Info  - 12:45:03 PM] Indexing ended. 1 files indexed in 0s.
[Info  - 12:45:06 PM] Indexing started.
[Info  - 12:45:06 PM] Indexing ended. 1 files indexed in 0s.
[Info  - 12:46:05 PM] Indexing started.
[Info  - 12:46:06 PM] Indexing ended. 1 files indexed in 0s.
[Info  - 12:46:21 PM] Indexing started.
[Info  - 12:46:21 PM] Indexing ended. 1 files indexed in 0s.
[Info  - 12:46:27 PM] Indexing started.
[Info  - 12:46:27 PM] Indexing ended. 1 files indexed in 0s.
[Info  - 12:46:34 PM] Indexing started.
[Info  - 12:46:34 PM] Indexing ended. 1 files indexed in 0s.
[Info  - 12:46:39 PM] Indexing started.
[Info  - 12:46:39 PM] Indexing ended. 1 files indexed in 0s.
[Info  - 12:46:43 PM] Indexing started.
[Info  - 12:46:43 PM] Indexing ended. 1 files indexed in 0s.
[Info  - 12:46:44 PM] Indexing started.
[Info  - 12:46:44 PM] Indexing ended. 1 files indexed in 0s.
[Info  - 12:46:54 PM] Indexing started.
[Info  - 12:46:55 PM] Indexing ended. 2 files indexed in 0s.
[Info  - 12:47:09 PM] Indexing started.
[Info  - 12:47:09 PM] Indexing ended. 1 files indexed in 0s.
[Info  - 1:01:00 PM] Indexing started.
[Info  - 1:01:02 PM] Indexing ended. 1 files indexed in 1s.
[Info  - 1:01:05 PM] Indexing started.
[Info  - 1:01:05 PM] Indexing ended. 1 files indexed in 0s.
[Info  - 1:01:10 PM] Indexing started.
[Info  - 1:01:11 PM] Indexing ended. 1 files indexed in 0s.
[Info  - 1:01:16 PM] Indexing started.
[Info  - 1:01:17 PM] Indexing ended. 1 files indexed in 0s.
[Info  - 1:01:21 PM] Indexing started.
[Info  - 1:01:21 PM] Indexing ended. 1 files indexed in 0s.
[Info  - 1:01:21 PM] Indexing started.
[Info  - 1:01:21 PM] Indexing ended. 1 files indexed in 0s.
[Info  - 1:01:24 PM] Indexing started.
[Info  - 1:01:24 PM] Indexing ended. 1 files indexed in 0s.
[Info  - 1:26:44 PM] Indexing started.
[Info  - 1:26:44 PM] Indexing ended. 1 files indexed in 0s.
[Info  - 1:26:54 PM] Indexing started.
[Info  - 1:26:55 PM] Indexing ended. 1 files indexed in 0s.
[Info  - 1:27:01 PM] Indexing started.
[Info  - 1:27:02 PM] Indexing ended. 1 files indexed in 0s.
[Info  - 1:27:20 PM] Indexing started.
[Info  - 1:27:21 PM] Indexing ended. 1 files indexed in 0s.
[Info  - 1:27:26 PM] Indexing started.
[Info  - 1:27:26 PM] Indexing ended. 1 files indexed in 0s.
[Info  - 1:27:33 PM] Indexing started.
[Info  - 1:27:34 PM] Indexing ended. 1 files indexed in 0s.
[Info  - 1:27:37 PM] Indexing started.
[Info  - 1:27:37 PM] Indexing ended. 1 files indexed in 0s.
[Info  - 1:27:50 PM] Indexing started.
[Info  - 1:27:50 PM] Indexing ended. 1 files indexed in 0s.
[Info  - 1:27:52 PM] Indexing started.
[Info  - 1:27:53 PM] Indexing ended. 2 files indexed in 0s.
[Info  - 1:27:56 PM] Indexing started.
[Info  - 1:27:56 PM] Indexing ended. 1 files indexed in 0s.
[Info  - 1:28:08 PM] Indexing started.
[Info  - 1:28:08 PM] Indexing ended. 1 files indexed in 0s.
[Info  - 1:28:15 PM] Indexing started.
[Info  - 1:28:15 PM] Indexing ended. 1 files indexed in 0s.
[Info  - 1:28:19 PM] Indexing started.
[Info  - 1:28:20 PM] Indexing ended. 1 files indexed in 0s.
[Info  - 1:28:39 PM] Indexing started.
[Info  - 1:28:40 PM] Indexing ended. 1 files indexed in 0s.
[Info  - 1:28:54 PM] Indexing started.
[Info  - 1:28:54 PM] Indexing ended. 1 files indexed in 0s.
[Info  - 1:29:07 PM] Indexing started.
[Info  - 1:29:07 PM] Indexing ended. 1 files indexed in 0s.
[Info  - 1:29:20 PM] Indexing started.
[Info  - 1:29:21 PM] Indexing ended. 1 files indexed in 0s.
[Info  - 1:29:58 PM] Indexing started.
[Info  - 1:29:58 PM] Indexing ended. 1 files indexed in 0s.
[Info  - 1:30:02 PM] Indexing started.
[Info  - 1:30:02 PM] Indexing ended. 1 files indexed in 0s.
[Info  - 1:30:08 PM] Indexing started.
[Info  - 1:30:08 PM] Indexing ended. 1 files indexed in 0s.
[Info  - 1:30:22 PM] Indexing started.
[Info  - 1:30:22 PM] Indexing ended. 1 files indexed in 0s.
[Info  - 1:30:32 PM] Indexing started.
[Info  - 1:30:33 PM] Indexing ended. 1 files indexed in 0s.
[Info  - 1:30:34 PM] Indexing started.
[Info  - 1:30:34 PM] Indexing ended. 1 files indexed in 0s.
[Info  - 1:30:45 PM] Indexing started.
[Info  - 1:30:46 PM] Indexing ended. 1 files indexed in 0s.
[Info  - 1:30:52 PM] Indexing started.
[Info  - 1:30:53 PM] Indexing ended. 1 files indexed in 0s.
[Info  - 1:34:22 PM] Indexing started.
[Info  - 1:34:23 PM] Indexing ended. 2 files indexed in 0s.
[Info  - 1:35:22 PM] Indexing started.
[Info  - 1:35:22 PM] Indexing ended. 1 files indexed in 0s.
[Info  - 1:35:32 PM] Indexing started.
[Info  - 1:35:32 PM] Indexing ended. 1 files indexed in 0s.
[Info  - 1:35:54 PM] Indexing started.
[Info  - 1:35:54 PM] Indexing ended. 1 files indexed in 0s.
[Info  - 1:36:00 PM] Indexing started.
[Info  - 1:36:00 PM] Indexing ended. 1 files indexed in 0s.
[Info  - 1:36:04 PM] Indexing started.
[Info  - 1:36:04 PM] Indexing ended. 1 files indexed in 0s.
[Info  - 1:36:10 PM] Indexing started.
[Info  - 1:36:11 PM] Indexing ended. 1 files indexed in 0s.
[Info  - 1:36:15 PM] Indexing started.
[Info  - 1:36:15 PM] Indexing ended. 1 files indexed in 0s.
