[2021-07-27 12:22:02.291] [exthost] [info] extension host started
[2021-07-27 12:22:02.396] [exthost] [info] ExtensionService#_doActivateExtension vscode.debug-auto-launch {"startup":true,"extensionId":{"value":"vscode.debug-auto-launch","_lower":"vscode.debug-auto-launch"},"activationEvent":"*"}
[2021-07-27 12:22:02.396] [exthost] [info] ExtensionService#loadCommonJSModule file:///usr/share/code/resources/app/extensions/debug-auto-launch/dist/extension
[2021-07-27 12:22:02.421] [exthost] [info] ExtensionService#_doActivateExtension vscode.emmet {"startup":true,"extensionId":{"value":"vscode.emmet","_lower":"vscode.emmet"},"activationEvent":"*"}
[2021-07-27 12:22:02.421] [exthost] [info] ExtensionService#loadCommonJSModule file:///usr/share/code/resources/app/extensions/emmet/dist/extension
[2021-07-27 12:22:02.753] [exthost] [info] ExtensionService#_doActivateExtension vscode.git {"startup":true,"extensionId":{"value":"vscode.git","_lower":"vscode.git"},"activationEvent":"*"}
[2021-07-27 12:22:02.754] [exthost] [info] ExtensionService#loadCommonJSModule file:///usr/share/code/resources/app/extensions/git/dist/main
[2021-07-27 12:22:03.271] [exthost] [info] ExtensionService#_doActivateExtension vscode.merge-conflict {"startup":true,"extensionId":{"value":"vscode.merge-conflict","_lower":"vscode.merge-conflict"},"activationEvent":"*"}
[2021-07-27 12:22:03.271] [exthost] [info] ExtensionService#loadCommonJSModule file:///usr/share/code/resources/app/extensions/merge-conflict/dist/extension
[2021-07-27 12:22:03.301] [exthost] [info] ExtensionService#_doActivateExtension vscode.search-result {"startup":true,"extensionId":{"value":"vscode.search-result","_lower":"vscode.search-result"},"activationEvent":"*"}
[2021-07-27 12:22:03.301] [exthost] [info] ExtensionService#loadCommonJSModule file:///usr/share/code/resources/app/extensions/search-result/dist/extension.js
[2021-07-27 12:22:03.344] [exthost] [info] ExtensionService#_doActivateExtension Zignd.html-css-class-completion {"startup":true,"extensionId":{"value":"Zignd.html-css-class-completion","_lower":"zignd.html-css-class-completion"},"activationEvent":"*"}
[2021-07-27 12:22:03.344] [exthost] [info] ExtensionService#loadCommonJSModule file:///root/.vscode/extensions/zignd.html-css-class-completion-1.19.0/out/src/extension
[2021-07-27 12:22:09.748] [exthost] [info] eager extensions activated
[2021-07-27 12:22:37.848] [exthost] [info] extension host started
[2021-07-27 12:22:38.118] [exthost] [info] ExtensionService#_doActivateExtension vscode.debug-auto-launch {"startup":true,"extensionId":{"value":"vscode.debug-auto-launch","_lower":"vscode.debug-auto-launch"},"activationEvent":"*"}
[2021-07-27 12:22:38.119] [exthost] [info] ExtensionService#loadCommonJSModule file:///usr/share/code/resources/app/extensions/debug-auto-launch/dist/extension
[2021-07-27 12:22:38.149] [exthost] [info] ExtensionService#_doActivateExtension vscode.emmet {"startup":true,"extensionId":{"value":"vscode.emmet","_lower":"vscode.emmet"},"activationEvent":"*"}
[2021-07-27 12:22:38.160] [exthost] [info] ExtensionService#loadCommonJSModule file:///usr/share/code/resources/app/extensions/emmet/dist/extension
[2021-07-27 12:22:38.255] [exthost] [info] ExtensionService#_doActivateExtension vscode.git {"startup":true,"extensionId":{"value":"vscode.git","_lower":"vscode.git"},"activationEvent":"*"}
[2021-07-27 12:22:38.263] [exthost] [info] ExtensionService#loadCommonJSModule file:///usr/share/code/resources/app/extensions/git/dist/main
[2021-07-27 12:22:38.942] [exthost] [info] ExtensionService#_doActivateExtension vscode.merge-conflict {"startup":true,"extensionId":{"value":"vscode.merge-conflict","_lower":"vscode.merge-conflict"},"activationEvent":"*"}
[2021-07-27 12:22:38.945] [exthost] [info] ExtensionService#loadCommonJSModule file:///usr/share/code/resources/app/extensions/merge-conflict/dist/extension
[2021-07-27 12:22:38.947] [exthost] [info] ExtensionService#_doActivateExtension vscode.search-result {"startup":true,"extensionId":{"value":"vscode.search-result","_lower":"vscode.search-result"},"activationEvent":"*"}
[2021-07-27 12:22:38.956] [exthost] [info] ExtensionService#loadCommonJSModule file:///usr/share/code/resources/app/extensions/search-result/dist/extension.js
[2021-07-27 12:22:38.957] [exthost] [info] ExtensionService#_doActivateExtension Zignd.html-css-class-completion {"startup":true,"extensionId":{"value":"Zignd.html-css-class-completion","_lower":"zignd.html-css-class-completion"},"activationEvent":"*"}
[2021-07-27 12:22:38.958] [exthost] [info] ExtensionService#loadCommonJSModule file:///root/.vscode/extensions/zignd.html-css-class-completion-1.19.0/out/src/extension
[2021-07-27 12:22:49.630] [exthost] [info] ExtensionService#_doActivateExtension DEVSENSE.phptools-vscode {"startup":true,"extensionId":{"value":"DEVSENSE.phptools-vscode","_lower":"devsense.phptools-vscode"},"activationEvent":"workspaceContainsTimeout:**/*.php"}
[2021-07-27 12:22:49.632] [exthost] [info] ExtensionService#loadCommonJSModule file:///root/.vscode/extensions/devsense.phptools-vscode-1.2.5843/out/src/extension
[2021-07-27 12:22:58.906] [exthost] [info] ExtensionService#_doActivateExtension felixfbecker.php-intellisense {"startup":true,"extensionId":{"value":"felixfbecker.php-intellisense","_lower":"felixfbecker.php-intellisense"},"activationEvent":"workspaceContainsTimeout:**/*.php"}
[2021-07-27 12:22:58.907] [exthost] [info] ExtensionService#loadCommonJSModule file:///root/.vscode/extensions/felixfbecker.php-intellisense-2.3.14/out/extension
[2021-07-27 12:23:05.238] [exthost] [info] eager extensions activated
[2021-07-27 12:24:21.523] [exthost] [info] ExtensionService#_doActivateExtension vscode.php-language-features {"startup":false,"extensionId":{"value":"vscode.php-language-features","_lower":"vscode.php-language-features"},"activationEvent":"onLanguage:php"}
[2021-07-27 12:24:21.524] [exthost] [info] ExtensionService#loadCommonJSModule file:///usr/share/code/resources/app/extensions/php-language-features/dist/phpMain
[2021-07-27 12:24:21.670] [exthost] [info] ExtensionService#_doActivateExtension bmewburn.vscode-intelephense-client {"startup":false,"extensionId":{"value":"bmewburn.vscode-intelephense-client","_lower":"bmewburn.vscode-intelephense-client"},"activationEvent":"onLanguage:php"}
[2021-07-27 12:24:21.670] [exthost] [info] ExtensionService#loadCommonJSModule file:///root/.vscode/extensions/bmewburn.vscode-intelephense-client-1.3.11/lib/extension
[2021-07-27 12:24:22.182] [exthost] [info] ExtensionService#_doActivateExtension ecmel.vscode-html-css {"startup":false,"extensionId":{"value":"ecmel.vscode-html-css","_lower":"ecmel.vscode-html-css"},"activationEvent":"onLanguage:php"}
[2021-07-27 12:24:22.183] [exthost] [info] ExtensionService#loadCommonJSModule file:///root/.vscode/extensions/ecmel.vscode-html-css-0.2.3/dist/extension
[2021-07-27 12:24:22.833] [exthost] [info] ExtensionService#_doActivateExtension ecodes.vscode-phpmd {"startup":false,"extensionId":{"value":"ecodes.vscode-phpmd","_lower":"ecodes.vscode-phpmd"},"activationEvent":"onLanguage:php"}
[2021-07-27 12:24:22.835] [exthost] [info] ExtensionService#loadCommonJSModule file:///root/.vscode/extensions/ecodes.vscode-phpmd-1.3.0/out/client/client
[2021-07-27 12:24:28.133] [exthost] [info] ExtensionService#_doActivateExtension junstyle.php-cs-fixer {"startup":false,"extensionId":{"value":"junstyle.php-cs-fixer","_lower":"junstyle.php-cs-fixer"},"activationEvent":"onLanguage:php"}
[2021-07-27 12:24:28.133] [exthost] [info] ExtensionService#loadCommonJSModule file:///root/.vscode/extensions/junstyle.php-cs-fixer-0.2.5/index
[2021-07-27 12:24:29.082] [exthost] [info] ExtensionService#_doActivateExtension MehediDracula.php-namespace-resolver {"startup":false,"extensionId":{"value":"MehediDracula.php-namespace-resolver","_lower":"mehedidracula.php-namespace-resolver"},"activationEvent":"onLanguage:php"}
[2021-07-27 12:24:29.091] [exthost] [info] ExtensionService#loadCommonJSModule file:///root/.vscode/extensions/mehedidracula.php-namespace-resolver-1.1.8/src/extension
[2021-07-27 12:24:29.352] [exthost] [info] ExtensionService#_doActivateExtension neilbrayfield.php-docblocker {"startup":false,"extensionId":{"value":"neilbrayfield.php-docblocker","_lower":"neilbrayfield.php-docblocker"},"activationEvent":"onLanguage:php"}
[2021-07-27 12:24:29.352] [exthost] [info] ExtensionService#loadCommonJSModule file:///root/.vscode/extensions/neilbrayfield.php-docblocker-2.1.0/out/src/extension
[2021-07-27 12:24:29.571] [exthost] [info] ExtensionService#_doActivateExtension small.php-ci {"startup":false,"extensionId":{"value":"small.php-ci","_lower":"small.php-ci"},"activationEvent":"onLanguage:php"}
[2021-07-27 12:24:29.571] [exthost] [info] ExtensionService#loadCommonJSModule file:///root/.vscode/extensions/small.php-ci-0.4.2/out/src/extension
[2021-07-27 12:25:33.100] [exthost] [info] ExtensionService#_doActivateExtension vscode.configuration-editing {"startup":false,"extensionId":{"value":"vscode.configuration-editing","_lower":"vscode.configuration-editing"},"activationEvent":"onLanguage:jsonc"}
[2021-07-27 12:25:33.101] [exthost] [info] ExtensionService#loadCommonJSModule file:///usr/share/code/resources/app/extensions/configuration-editing/dist/extension
[2021-07-27 12:25:33.342] [exthost] [info] ExtensionService#_doActivateExtension vscode.json-language-features {"startup":false,"extensionId":{"value":"vscode.json-language-features","_lower":"vscode.json-language-features"},"activationEvent":"onLanguage:jsonc"}
[2021-07-27 12:25:33.350] [exthost] [info] ExtensionService#loadCommonJSModule file:///usr/share/code/resources/app/extensions/json-language-features/client/dist/jsonMain
[2021-07-27 12:25:33.841] [exthost] [info] ExtensionService#_doActivateExtension vscode.typescript-language-features {"startup":false,"extensionId":{"value":"vscode.typescript-language-features","_lower":"vscode.typescript-language-features"},"activationEvent":"onLanguage:jsonc"}
[2021-07-27 12:25:33.841] [exthost] [info] ExtensionService#loadCommonJSModule file:///usr/share/code/resources/app/extensions/typescript-language-features/dist/extension
[2021-07-27 12:25:44.756] [exthost] [info] ExtensionService#_doActivateExtension vscode.html-language-features {"startup":false,"extensionId":{"value":"vscode.html-language-features","_lower":"vscode.html-language-features"},"activationEvent":"onLanguage:html"}
[2021-07-27 12:25:44.756] [exthost] [info] ExtensionService#loadCommonJSModule file:///usr/share/code/resources/app/extensions/html-language-features/client/dist/htmlMain
