[Info  - 7:17:15 AM] Initialising intelephense 1.3.11
[Info  - 7:17:15 AM] Reading state from /var/www/html/recursos/~/.vscode-root/User/workspaceStorage/5bae1bb75f4a5260ed6898be91f4836d/bmewburn.vscode-intelephense-client/4a54257a.
[Info  - 7:17:15 AM] Initialised in 13998 ms
[Info  - 7:17:28 AM] Indexing started.
[Info  - 7:17:28 AM] Indexing ended. 8 files indexed in 1s.
[Info  - 7:17:29 AM] Writing state to /var/www/html/recursos/~/.vscode-root/User/workspaceStorage/5bae1bb75f4a5260ed6898be91f4836d/bmewburn.vscode-intelephense-client/4a54257a.
[Info  - 7:17:30 AM] Wrote state in 7.5s.
[Info  - 7:31:31 AM] Indexing started.
[Info  - 7:31:31 AM] Indexing ended. 1 files indexed in 0s.
[Info  - 7:31:36 AM] Indexing started.
[Info  - 7:31:36 AM] Indexing ended. 1 files indexed in 0s.
[Info  - 7:31:43 AM] Indexing started.
[Info  - 7:31:44 AM] Indexing ended. 1 files indexed in 0s.
[Info  - 7:32:09 AM] Indexing started.
[Info  - 7:32:09 AM] Indexing ended. 1 files indexed in 0s.
[Info  - 7:33:11 AM] Indexing started.
[Info  - 7:33:11 AM] Indexing ended. 3 files indexed in 0s.
[Info  - 7:35:51 AM] Indexing started.
[Info  - 7:35:51 AM] Indexing ended. 1 files indexed in 0s.
[Info  - 7:36:18 AM] Indexing started.
[Info  - 7:36:18 AM] Indexing ended. 1 files indexed in 0s.
[Info  - 7:36:25 AM] Indexing started.
[Info  - 7:36:25 AM] Indexing ended. 1 files indexed in 0s.
[Info  - 7:36:28 AM] Indexing started.
[Info  - 7:36:28 AM] Indexing ended. 1 files indexed in 0s.
[Info  - 7:36:32 AM] Indexing started.
[Info  - 7:36:32 AM] Indexing ended. 1 files indexed in 0s.
[Info  - 7:36:35 AM] Indexing started.
[Info  - 7:36:35 AM] Indexing ended. 1 files indexed in 0s.
[Info  - 7:39:33 AM] Indexing started.
[Info  - 7:39:33 AM] Indexing ended. 1 files indexed in 0s.
[Info  - 7:39:37 AM] Indexing started.
[Info  - 7:39:37 AM] Indexing ended. 1 files indexed in 0s.
[Info  - 7:40:28 AM] Indexing started.
[Info  - 7:40:28 AM] Indexing ended. 1 files indexed in 0s.
[Info  - 7:40:30 AM] Indexing started.
[Info  - 7:40:30 AM] Indexing ended. 1 files indexed in 0s.
[Info  - 7:40:37 AM] Indexing started.
[Info  - 7:40:37 AM] Indexing ended. 1 files indexed in 0s.
[Info  - 7:45:08 AM] Indexing started.
[Info  - 7:45:09 AM] Indexing ended. 1 files indexed in 0s.
[Info  - 7:45:11 AM] Indexing started.
[Info  - 7:45:11 AM] Indexing ended. 1 files indexed in 0s.
[Info  - 7:45:15 AM] Indexing started.
[Info  - 7:45:15 AM] Indexing ended. 1 files indexed in 0s.
[Info  - 7:45:32 AM] Indexing started.
[Info  - 7:45:32 AM] Indexing ended. 1 files indexed in 0s.
[Info  - 7:45:37 AM] Indexing started.
[Info  - 7:45:37 AM] Indexing ended. 1 files indexed in 0s.
[Info  - 7:45:54 AM] Indexing started.
[Info  - 7:45:55 AM] Indexing ended. 1 files indexed in 0s.
[Info  - 7:46:17 AM] Indexing started.
[Info  - 7:46:17 AM] Indexing ended. 1 files indexed in 0s.
[Info  - 7:46:20 AM] Indexing started.
[Info  - 7:46:20 AM] Indexing ended. 1 files indexed in 0s.
[Info  - 7:46:25 AM] Indexing started.
[Info  - 7:46:25 AM] Indexing ended. 1 files indexed in 0s.
[Info  - 7:46:36 AM] Indexing started.
[Info  - 7:46:37 AM] Indexing ended. 1 files indexed in 0s.
[Info  - 7:46:40 AM] Indexing started.
[Info  - 7:46:41 AM] Indexing ended. 1 files indexed in 0s.
[Info  - 7:46:46 AM] Indexing started.
[Info  - 7:46:46 AM] Indexing ended. 1 files indexed in 0s.
[Info  - 7:46:49 AM] Indexing started.
[Info  - 7:46:50 AM] Indexing ended. 1 files indexed in 0s.
[Info  - 7:46:53 AM] Indexing started.
[Info  - 7:46:53 AM] Indexing ended. 1 files indexed in 0s.
[Info  - 7:46:55 AM] Indexing started.
[Info  - 7:46:55 AM] Indexing ended. 1 files indexed in 0s.
[Info  - 7:47:20 AM] Indexing started.
[Info  - 7:47:20 AM] Indexing ended. 1 files indexed in 0s.
[Info  - 7:47:25 AM] Indexing started.
[Info  - 7:47:25 AM] Indexing ended. 1 files indexed in 0s.
[Info  - 7:47:31 AM] Indexing started.
[Info  - 7:47:31 AM] Indexing ended. 1 files indexed in 0s.
[Info  - 7:47:38 AM] Indexing started.
[Info  - 7:47:38 AM] Indexing ended. 1 files indexed in 0s.
[Info  - 7:47:40 AM] Indexing started.
[Info  - 7:47:41 AM] Indexing ended. 1 files indexed in 0s.
[Info  - 7:47:44 AM] Indexing started.
[Info  - 7:47:44 AM] Indexing ended. 1 files indexed in 0s.
[Info  - 7:47:45 AM] Indexing started.
[Info  - 7:47:45 AM] Indexing ended. 1 files indexed in 0s.
[Info  - 7:47:48 AM] Indexing started.
[Info  - 7:47:49 AM] Indexing ended. 1 files indexed in 0s.
[Info  - 7:47:51 AM] Indexing started.
[Info  - 7:47:51 AM] Indexing ended. 2 files indexed in 0s.
[Info  - 7:47:52 AM] Indexing started.
[Info  - 7:47:53 AM] Indexing ended. 1 files indexed in 0s.
[Info  - 7:47:54 AM] Indexing started.
[Info  - 7:47:54 AM] Indexing ended. 1 files indexed in 0s.
[Info  - 7:47:59 AM] Indexing started.
[Info  - 7:47:59 AM] Indexing ended. 3 files indexed in 0s.
[Info  - 7:48:01 AM] Indexing started.
[Info  - 7:48:02 AM] Indexing ended. 1 files indexed in 0s.
[Info  - 7:48:07 AM] Indexing started.
[Info  - 7:48:07 AM] Indexing ended. 1 files indexed in 0s.
[Info  - 7:48:12 AM] Indexing started.
[Info  - 7:48:12 AM] Indexing ended. 1 files indexed in 0s.
[Info  - 7:48:22 AM] Indexing started.
[Info  - 7:48:22 AM] Indexing ended. 1 files indexed in 0s.
[Info  - 7:48:25 AM] Indexing started.
[Info  - 7:48:25 AM] Indexing ended. 1 files indexed in 0s.
[Info  - 7:48:40 AM] Indexing started.
[Info  - 7:48:40 AM] Indexing ended. 2 files indexed in 0s.
[Info  - 7:48:41 AM] Indexing started.
[Info  - 7:48:41 AM] Indexing ended. 1 files indexed in 0s.
[Info  - 7:48:43 AM] Indexing started.
[Info  - 7:48:43 AM] Indexing ended. 1 files indexed in 0s.
[Info  - 7:48:48 AM] Indexing started.
[Info  - 7:48:48 AM] Indexing ended. 1 files indexed in 0s.
[Info  - 7:48:51 AM] Indexing started.
[Info  - 7:48:51 AM] Indexing ended. 1 files indexed in 0s.
[Info  - 7:48:51 AM] Indexing started.
[Info  - 7:48:52 AM] Indexing ended. 1 files indexed in 0s.
[Info  - 7:48:55 AM] Indexing started.
[Info  - 7:48:55 AM] Indexing ended. 1 files indexed in 0s.
[Info  - 7:49:21 AM] Indexing started.
[Info  - 7:49:21 AM] Indexing ended. 1 files indexed in 0s.
[Info  - 7:49:25 AM] Indexing started.
[Info  - 7:49:25 AM] Indexing ended. 1 files indexed in 0s.
[Info  - 7:49:27 AM] Indexing started.
[Info  - 7:49:27 AM] Indexing ended. 1 files indexed in 0s.
[Info  - 7:49:28 AM] Indexing started.
[Info  - 7:49:29 AM] Indexing ended. 1 files indexed in 0s.
[Info  - 7:49:30 AM] Indexing started.
[Info  - 7:49:30 AM] Indexing ended. 1 files indexed in 0s.
[Info  - 7:49:41 AM] Indexing started.
[Info  - 7:49:41 AM] Indexing ended. 1 files indexed in 0s.
[Info  - 7:49:53 AM] Indexing started.
[Info  - 7:49:53 AM] Indexing ended. 1 files indexed in 0s.
[Info  - 7:50:07 AM] Indexing started.
[Info  - 7:50:07 AM] Indexing ended. 1 files indexed in 0s.
[Info  - 7:50:11 AM] Indexing started.
[Info  - 7:50:11 AM] Indexing ended. 1 files indexed in 0s.
[Info  - 7:50:13 AM] Indexing started.
[Info  - 7:50:13 AM] Indexing ended. 1 files indexed in 0s.
[Info  - 7:50:29 AM] Indexing started.
[Info  - 7:50:29 AM] Indexing ended. 1 files indexed in 0s.
[Info  - 7:50:38 AM] Indexing started.
[Info  - 7:50:38 AM] Indexing ended. 1 files indexed in 0s.
[Info  - 7:50:41 AM] Indexing started.
[Info  - 7:50:41 AM] Indexing ended. 1 files indexed in 0s.
[Info  - 7:50:41 AM] Indexing started.
[Info  - 7:50:41 AM] Indexing ended. 1 files indexed in 0s.
[Info  - 7:50:45 AM] Indexing started.
[Info  - 7:50:45 AM] Indexing ended. 1 files indexed in 0s.
[Info  - 7:50:47 AM] Indexing started.
[Info  - 7:50:49 AM] Indexing ended. 1 files indexed in 0s.
[Info  - 7:50:52 AM] Indexing started.
[Info  - 7:50:52 AM] Indexing ended. 1 files indexed in 0s.
[Info  - 7:50:53 AM] Indexing started.
[Info  - 7:50:53 AM] Indexing ended. 1 files indexed in 0s.
[Info  - 7:50:55 AM] Indexing started.
[Info  - 7:50:57 AM] Indexing ended. 1 files indexed in 0s.
[Info  - 7:51:01 AM] Indexing started.
[Info  - 7:51:01 AM] Indexing ended. 1 files indexed in 0s.
[Info  - 7:51:05 AM] Indexing started.
[Info  - 7:51:06 AM] Indexing ended. 1 files indexed in 0s.
[Info  - 7:51:07 AM] Indexing started.
[Info  - 7:51:07 AM] Indexing ended. 1 files indexed in 0s.
[Info  - 7:51:15 AM] Indexing started.
[Info  - 7:51:15 AM] Indexing ended. 1 files indexed in 0s.
[Info  - 7:51:17 AM] Indexing started.
[Info  - 7:51:17 AM] Indexing ended. 1 files indexed in 0s.
[Info  - 7:51:30 AM] Indexing started.
[Info  - 7:51:30 AM] Indexing ended. 1 files indexed in 0s.
[Info  - 7:51:53 AM] Indexing started.
[Info  - 7:51:54 AM] Indexing ended. 1 files indexed in 0s.
[Info  - 7:51:57 AM] Indexing started.
[Info  - 7:51:57 AM] Indexing ended. 1 files indexed in 0s.
[Info  - 7:52:14 AM] Indexing started.
[Info  - 7:52:14 AM] Indexing ended. 2 files indexed in 0s.
[Info  - 7:53:22 AM] Indexing started.
[Info  - 7:53:22 AM] Indexing ended. 1 files indexed in 0s.
[Info  - 7:53:50 AM] Indexing started.
[Info  - 7:53:50 AM] Indexing ended. 1 files indexed in 0s.
[Info  - 7:53:56 AM] Indexing started.
[Info  - 7:53:56 AM] Indexing ended. 1 files indexed in 0s.
[Info  - 7:54:00 AM] Indexing started.
[Info  - 7:54:00 AM] Indexing ended. 1 files indexed in 0s.
[Info  - 7:54:07 AM] Indexing started.
[Info  - 7:54:07 AM] Indexing ended. 2 files indexed in 0s.
[Info  - 7:56:16 AM] Indexing started.
[Info  - 7:56:16 AM] Indexing ended. 2 files indexed in 0s.
[Info  - 7:56:51 AM] Indexing started.
[Info  - 7:56:51 AM] Indexing ended. 1 files indexed in 0s.
[Info  - 7:56:58 AM] Indexing started.
[Info  - 7:56:58 AM] Indexing ended. 1 files indexed in 0s.
[Info  - 7:57:25 AM] Indexing started.
[Info  - 7:57:25 AM] Indexing ended. 2 files indexed in 0s.
[Info  - 7:57:28 AM] Indexing started.
[Info  - 7:57:28 AM] Indexing ended. 1 files indexed in 0s.
[Info  - 7:57:34 AM] Indexing started.
[Info  - 7:57:34 AM] Indexing ended. 1 files indexed in 0s.
[Info  - 7:57:40 AM] Indexing started.
[Info  - 7:57:41 AM] Indexing ended. 1 files indexed in 0s.
[Info  - 7:57:44 AM] Indexing started.
[Info  - 7:57:44 AM] Indexing ended. 1 files indexed in 0s.
[Info  - 7:57:48 AM] Indexing started.
[Info  - 7:57:48 AM] Indexing ended. 1 files indexed in 0s.
[Info  - 7:57:51 AM] Indexing started.
[Info  - 7:57:51 AM] Indexing ended. 2 files indexed in 0s.
[Info  - 7:57:56 AM] Indexing started.
[Info  - 7:57:56 AM] Indexing ended. 1 files indexed in 0s.
[Info  - 7:57:58 AM] Indexing started.
[Info  - 7:57:58 AM] Indexing ended. 1 files indexed in 0s.
[Info  - 7:58:18 AM] Indexing started.
[Info  - 7:58:18 AM] Indexing ended. 1 files indexed in 0s.
[Info  - 7:58:43 AM] Indexing started.
[Info  - 7:58:43 AM] Indexing ended. 1 files indexed in 0s.
[Info  - 7:58:55 AM] Indexing started.
[Info  - 7:58:55 AM] Indexing ended. 1 files indexed in 0s.
[Info  - 7:59:00 AM] Indexing started.
[Info  - 7:59:00 AM] Indexing ended. 1 files indexed in 0s.
[Info  - 7:59:02 AM] Indexing started.
[Info  - 7:59:03 AM] Indexing ended. 1 files indexed in 0s.
[Info  - 7:59:04 AM] Indexing started.
[Info  - 7:59:04 AM] Indexing ended. 2 files indexed in 0s.
[Info  - 7:59:07 AM] Indexing started.
[Info  - 7:59:07 AM] Indexing ended. 1 files indexed in 0s.
[Info  - 7:59:08 AM] Indexing started.
[Info  - 7:59:08 AM] Indexing ended. 1 files indexed in 0s.
[Info  - 7:59:15 AM] Indexing started.
[Info  - 7:59:15 AM] Indexing ended. 1 files indexed in 0s.
[Info  - 7:59:51 AM] Indexing started.
[Info  - 7:59:51 AM] Indexing ended. 1 files indexed in 0s.
[Info  - 8:00:13 AM] Indexing started.
[Info  - 8:00:14 AM] Indexing ended. 1 files indexed in 0s.
[Info  - 8:01:07 AM] Indexing started.
[Info  - 8:01:07 AM] Indexing ended. 1 files indexed in 0s.
[Info  - 8:02:19 AM] Indexing started.
[Info  - 8:02:19 AM] Indexing ended. 1 files indexed in 0s.
[Info  - 8:02:44 AM] Indexing started.
[Info  - 8:02:44 AM] Indexing ended. 1 files indexed in 0s.
[Info  - 8:03:04 AM] Indexing started.
[Info  - 8:03:05 AM] Indexing ended. 1 files indexed in 0s.
[Info  - 8:03:08 AM] Indexing started.
[Info  - 8:03:09 AM] Indexing ended. 1 files indexed in 0s.
[Info  - 8:03:17 AM] Indexing started.
[Info  - 8:03:18 AM] Indexing ended. 1 files indexed in 0s.
[Info  - 8:03:43 AM] Indexing started.
[Info  - 8:03:44 AM] Indexing ended. 1 files indexed in 0s.
[Info  - 8:03:44 AM] Indexing started.
[Info  - 8:03:45 AM] Indexing ended. 1 files indexed in 0s.
[Info  - 8:04:06 AM] Indexing started.
[Info  - 8:04:06 AM] Indexing ended. 1 files indexed in 0s.
[Info  - 8:04:26 AM] Indexing started.
[Info  - 8:04:26 AM] Indexing ended. 1 files indexed in 0s.
[Info  - 8:04:31 AM] Indexing started.
[Info  - 8:04:31 AM] Indexing ended. 1 files indexed in 0s.
[Info  - 8:06:00 AM] Indexing started.
[Info  - 8:06:00 AM] Indexing ended. 1 files indexed in 0s.
[Info  - 8:06:04 AM] Indexing started.
[Info  - 8:06:05 AM] Indexing ended. 1 files indexed in 0s.
[Info  - 8:06:10 AM] Indexing started.
[Info  - 8:06:10 AM] Indexing ended. 1 files indexed in 0s.
[Info  - 8:11:03 AM] Indexing started.
[Info  - 8:11:03 AM] Indexing ended. 1 files indexed in 0s.
[Info  - 8:11:08 AM] Indexing started.
[Info  - 8:11:08 AM] Indexing ended. 1 files indexed in 0s.
[Info  - 8:11:11 AM] Indexing started.
[Info  - 8:11:11 AM] Indexing ended. 1 files indexed in 0s.
[Info  - 8:11:13 AM] Indexing started.
[Info  - 8:11:14 AM] Indexing ended. 1 files indexed in 0s.
[Info  - 8:11:21 AM] Indexing started.
[Info  - 8:11:21 AM] Indexing ended. 1 files indexed in 0s.
[Info  - 8:11:23 AM] Indexing started.
[Info  - 8:11:24 AM] Indexing ended. 1 files indexed in 0s.
[Info  - 8:11:25 AM] Indexing started.
[Info  - 8:11:25 AM] Indexing ended. 1 files indexed in 0s.
[Info  - 8:11:27 AM] Indexing started.
[Info  - 8:11:28 AM] Indexing ended. 1 files indexed in 0s.
[Info  - 8:12:23 AM] Indexing started.
[Info  - 8:12:23 AM] Indexing ended. 1 files indexed in 0s.
[Info  - 8:12:24 AM] Indexing started.
[Info  - 8:12:24 AM] Indexing ended. 1 files indexed in 0s.
[Info  - 8:12:26 AM] Indexing started.
[Info  - 8:12:26 AM] Indexing ended. 1 files indexed in 0s.
[Info  - 8:12:27 AM] Indexing started.
[Info  - 8:12:27 AM] Indexing ended. 1 files indexed in 0s.
[Info  - 8:12:32 AM] Indexing started.
[Info  - 8:12:32 AM] Indexing ended. 1 files indexed in 0s.
[Info  - 8:12:46 AM] Indexing started.
[Info  - 8:12:46 AM] Indexing ended. 1 files indexed in 0s.
[Info  - 8:12:48 AM] Indexing started.
[Info  - 8:12:48 AM] Indexing ended. 1 files indexed in 0s.
[Info  - 8:12:54 AM] Indexing started.
[Info  - 8:12:54 AM] Indexing ended. 1 files indexed in 0s.
[Info  - 8:13:15 AM] Indexing started.
[Info  - 8:13:15 AM] Indexing ended. 1 files indexed in 0s.
[Info  - 8:14:08 AM] Indexing started.
[Info  - 8:14:08 AM] Indexing ended. 1 files indexed in 0s.
[Info  - 8:14:24 AM] Indexing started.
[Info  - 8:14:24 AM] Indexing ended. 1 files indexed in 0s.
[Info  - 8:15:13 AM] Indexing started.
[Info  - 8:15:13 AM] Indexing ended. 1 files indexed in 0s.
[Info  - 8:15:15 AM] Indexing started.
[Info  - 8:15:15 AM] Indexing ended. 1 files indexed in 0s.
[Info  - 8:15:16 AM] Indexing started.
[Info  - 8:15:16 AM] Indexing ended. 1 files indexed in 0s.
[Info  - 8:15:31 AM] Indexing started.
[Info  - 8:15:31 AM] Indexing ended. 1 files indexed in 0s.
[Info  - 8:15:36 AM] Indexing started.
[Info  - 8:15:36 AM] Indexing ended. 1 files indexed in 0s.
[Info  - 8:15:39 AM] Indexing started.
[Info  - 8:15:39 AM] Indexing ended. 1 files indexed in 0s.
[Info  - 8:15:44 AM] Indexing started.
[Info  - 8:15:44 AM] Indexing ended. 1 files indexed in 0s.
[Info  - 8:15:47 AM] Indexing started.
[Info  - 8:15:48 AM] Indexing ended. 1 files indexed in 0s.
[Info  - 8:15:50 AM] Indexing started.
[Info  - 8:15:50 AM] Indexing ended. 1 files indexed in 0s.
[Info  - 8:16:11 AM] Indexing started.
[Info  - 8:16:12 AM] Indexing ended. 1 files indexed in 0s.
[Info  - 8:16:51 AM] Indexing started.
[Info  - 8:16:51 AM] Indexing ended. 1 files indexed in 0s.
[Info  - 8:16:55 AM] Indexing started.
[Info  - 8:16:55 AM] Indexing ended. 1 files indexed in 0s.
[Info  - 8:16:56 AM] Indexing started.
[Info  - 8:16:56 AM] Indexing ended. 1 files indexed in 0s.
[Info  - 8:17:00 AM] Indexing started.
[Info  - 8:17:01 AM] Indexing ended. 1 files indexed in 0s.
[Info  - 8:17:04 AM] Indexing started.
[Info  - 8:17:04 AM] Indexing ended. 1 files indexed in 0s.
[Info  - 8:17:19 AM] Indexing started.
[Info  - 8:17:19 AM] Indexing ended. 1 files indexed in 0s.
[Info  - 8:17:36 AM] Indexing started.
[Info  - 8:17:36 AM] Indexing ended. 1 files indexed in 0s.
[Info  - 8:18:22 AM] Indexing started.
[Info  - 8:18:22 AM] Indexing ended. 1 files indexed in 0s.
[Info  - 8:18:24 AM] Indexing started.
[Info  - 8:18:25 AM] Indexing ended. 1 files indexed in 0s.
[Info  - 8:18:40 AM] Indexing started.
[Info  - 8:18:40 AM] Indexing ended. 1 files indexed in 0s.
[Info  - 8:18:42 AM] Indexing started.
[Info  - 8:18:42 AM] Indexing ended. 1 files indexed in 0s.
[Info  - 8:19:12 AM] Indexing started.
[Info  - 8:19:12 AM] Indexing ended. 1 files indexed in 0s.
[Info  - 8:19:27 AM] Indexing started.
[Info  - 8:19:27 AM] Indexing ended. 1 files indexed in 0s.
[Info  - 8:19:29 AM] Indexing started.
[Info  - 8:19:29 AM] Indexing ended. 1 files indexed in 0s.
[Info  - 8:19:31 AM] Indexing started.
[Info  - 8:19:31 AM] Indexing ended. 1 files indexed in 0s.
[Info  - 8:20:25 AM] Indexing started.
[Info  - 8:20:26 AM] Indexing ended. 1 files indexed in 0s.
[Info  - 8:20:55 AM] Indexing started.
[Info  - 8:20:55 AM] Indexing ended. 1 files indexed in 0s.
[Info  - 8:20:58 AM] Indexing started.
[Info  - 8:20:58 AM] Indexing ended. 1 files indexed in 0s.
[Info  - 8:21:00 AM] Indexing started.
[Info  - 8:21:00 AM] Indexing ended. 1 files indexed in 0s.
[Info  - 8:22:26 AM] Indexing started.
[Info  - 8:22:26 AM] Indexing ended. 1 files indexed in 0s.
[Info  - 8:22:30 AM] Indexing started.
[Info  - 8:22:30 AM] Indexing ended. 1 files indexed in 0s.
[Info  - 8:22:39 AM] Indexing started.
[Info  - 8:22:39 AM] Indexing ended. 1 files indexed in 0s.
[Info  - 8:23:06 AM] Indexing started.
[Info  - 8:23:07 AM] Indexing ended. 1 files indexed in 0s.
[Info  - 8:23:10 AM] Indexing started.
[Info  - 8:23:10 AM] Indexing ended. 1 files indexed in 0s.
[Info  - 8:23:14 AM] Indexing started.
[Info  - 8:23:15 AM] Indexing ended. 1 files indexed in 0s.
[Info  - 8:23:17 AM] Indexing started.
[Info  - 8:23:17 AM] Indexing ended. 1 files indexed in 0s.
[Info  - 8:23:20 AM] Indexing started.
[Info  - 8:23:20 AM] Indexing ended. 1 files indexed in 0s.
[Info  - 8:23:25 AM] Indexing started.
[Info  - 8:23:25 AM] Indexing ended. 1 files indexed in 0s.
[Info  - 8:23:27 AM] Indexing started.
[Info  - 8:23:28 AM] Indexing ended. 1 files indexed in 0s.
[Info  - 8:23:28 AM] Indexing started.
[Info  - 8:23:28 AM] Indexing ended. 1 files indexed in 0s.
[Info  - 8:23:31 AM] Indexing started.
[Info  - 8:23:31 AM] Indexing ended. 1 files indexed in 0s.
[Info  - 8:23:36 AM] Indexing started.
[Info  - 8:23:36 AM] Indexing ended. 1 files indexed in 0s.
[Info  - 8:23:38 AM] Indexing started.
[Info  - 8:23:38 AM] Indexing ended. 1 files indexed in 0s.
[Info  - 8:23:43 AM] Indexing started.
[Info  - 8:23:44 AM] Indexing ended. 1 files indexed in 0s.
[Info  - 8:23:46 AM] Indexing started.
[Info  - 8:23:46 AM] Indexing ended. 1 files indexed in 0s.
[Info  - 8:23:50 AM] Indexing started.
[Info  - 8:23:50 AM] Indexing ended. 1 files indexed in 0s.
[Info  - 8:23:51 AM] Indexing started.
[Info  - 8:23:52 AM] Indexing ended. 1 files indexed in 0s.
[Info  - 8:23:56 AM] Indexing started.
[Info  - 8:23:56 AM] Indexing ended. 1 files indexed in 0s.
[Info  - 8:24:40 AM] Indexing started.
[Info  - 8:24:40 AM] Indexing ended. 1 files indexed in 0s.
[Info  - 8:25:08 AM] Indexing started.
[Info  - 8:25:08 AM] Indexing ended. 1 files indexed in 0s.
[Info  - 8:25:25 AM] Indexing started.
[Info  - 8:25:25 AM] Indexing ended. 1 files indexed in 0s.
[Info  - 8:25:39 AM] Indexing started.
[Info  - 8:25:39 AM] Indexing ended. 1 files indexed in 0s.
[Info  - 8:25:41 AM] Indexing started.
[Info  - 8:25:41 AM] Indexing ended. 1 files indexed in 0s.
[Info  - 8:25:43 AM] Indexing started.
[Info  - 8:25:44 AM] Indexing ended. 1 files indexed in 0s.
[Info  - 8:25:46 AM] Indexing started.
[Info  - 8:25:46 AM] Indexing ended. 1 files indexed in 0s.
[Info  - 8:25:47 AM] Indexing started.
[Info  - 8:25:47 AM] Indexing ended. 1 files indexed in 0s.
[Info  - 8:25:54 AM] Indexing started.
[Info  - 8:25:54 AM] Indexing ended. 1 files indexed in 0s.
[Info  - 8:25:55 AM] Indexing started.
[Info  - 8:25:55 AM] Indexing ended. 1 files indexed in 0s.
[Info  - 8:26:09 AM] Indexing started.
[Info  - 8:26:10 AM] Indexing ended. 1 files indexed in 0s.
[Info  - 8:26:12 AM] Indexing started.
[Info  - 8:26:12 AM] Indexing ended. 1 files indexed in 0s.
[Info  - 8:26:14 AM] Indexing started.
[Info  - 8:26:14 AM] Indexing ended. 1 files indexed in 0s.
[Info  - 8:26:17 AM] Indexing started.
[Info  - 8:26:17 AM] Indexing ended. 1 files indexed in 0s.
[Info  - 8:26:19 AM] Indexing started.
[Info  - 8:26:19 AM] Indexing ended. 1 files indexed in 0s.
[Info  - 8:26:30 AM] Indexing started.
[Info  - 8:26:30 AM] Indexing ended. 1 files indexed in 0s.
[Info  - 8:26:33 AM] Indexing started.
[Info  - 8:26:33 AM] Indexing ended. 1 files indexed in 0s.
[Info  - 8:26:50 AM] Indexing started.
[Info  - 8:26:50 AM] Indexing ended. 1 files indexed in 0s.
[Info  - 8:27:19 AM] Indexing started.
[Info  - 8:27:19 AM] Indexing ended. 1 files indexed in 0s.
[Info  - 8:27:22 AM] Indexing started.
[Info  - 8:27:22 AM] Indexing ended. 1 files indexed in 0s.
[Info  - 8:27:27 AM] Indexing started.
[Info  - 8:27:28 AM] Indexing ended. 1 files indexed in 0s.
[Info  - 8:27:45 AM] Indexing started.
[Info  - 8:27:45 AM] Indexing ended. 1 files indexed in 0s.
[Info  - 8:27:50 AM] Indexing started.
[Info  - 8:27:50 AM] Indexing ended. 1 files indexed in 0s.
[Info  - 8:27:53 AM] Indexing started.
[Info  - 8:27:54 AM] Indexing ended. 1 files indexed in 0s.
[Info  - 8:27:56 AM] Indexing started.
[Info  - 8:27:56 AM] Indexing ended. 1 files indexed in 0s.
[Info  - 8:27:59 AM] Indexing started.
[Info  - 8:27:59 AM] Indexing ended. 1 files indexed in 0s.
[Info  - 8:28:01 AM] Indexing started.
[Info  - 8:28:01 AM] Indexing ended. 1 files indexed in 0s.
[Info  - 8:28:08 AM] Indexing started.
[Info  - 8:28:08 AM] Indexing ended. 1 files indexed in 0s.
[Info  - 8:28:09 AM] Indexing started.
[Info  - 8:28:09 AM] Indexing ended. 1 files indexed in 0s.
[Info  - 8:28:11 AM] Indexing started.
[Info  - 8:28:11 AM] Indexing ended. 1 files indexed in 0s.
[Info  - 8:28:15 AM] Indexing started.
[Info  - 8:28:15 AM] Indexing ended. 1 files indexed in 0s.
[Info  - 8:28:17 AM] Indexing started.
[Info  - 8:28:17 AM] Indexing ended. 1 files indexed in 0s.
[Info  - 8:28:19 AM] Indexing started.
[Info  - 8:28:20 AM] Indexing ended. 1 files indexed in 0s.
[Info  - 8:28:34 AM] Indexing started.
[Info  - 8:28:35 AM] Indexing ended. 1 files indexed in 0s.
[Info  - 8:28:37 AM] Indexing started.
[Info  - 8:28:37 AM] Indexing ended. 1 files indexed in 0s.
[Info  - 8:28:58 AM] Indexing started.
[Info  - 8:28:58 AM] Indexing ended. 1 files indexed in 0s.
[Info  - 8:29:04 AM] Indexing started.
[Info  - 8:29:04 AM] Indexing ended. 1 files indexed in 0s.
[Info  - 8:29:07 AM] Indexing started.
[Info  - 8:29:07 AM] Indexing ended. 1 files indexed in 0s.
[Info  - 8:29:08 AM] Indexing started.
[Info  - 8:29:08 AM] Indexing ended. 1 files indexed in 0s.
[Info  - 8:29:14 AM] Indexing started.
[Info  - 8:29:14 AM] Indexing ended. 1 files indexed in 0s.
[Info  - 8:29:21 AM] Indexing started.
[Info  - 8:29:21 AM] Indexing ended. 1 files indexed in 0s.
[Info  - 8:29:27 AM] Indexing started.
[Info  - 8:29:27 AM] Indexing ended. 1 files indexed in 0s.
[Info  - 8:29:30 AM] Indexing started.
[Info  - 8:29:30 AM] Indexing ended. 1 files indexed in 0s.
[Info  - 8:29:41 AM] Indexing started.
[Info  - 8:29:41 AM] Indexing ended. 1 files indexed in 0s.
[Info  - 8:29:42 AM] Indexing started.
[Info  - 8:29:43 AM] Indexing ended. 1 files indexed in 0s.
[Info  - 8:29:44 AM] Indexing started.
[Info  - 8:29:44 AM] Indexing ended. 1 files indexed in 0s.
[Info  - 8:29:46 AM] Indexing started.
[Info  - 8:29:47 AM] Indexing ended. 1 files indexed in 0s.
[Info  - 8:29:48 AM] Indexing started.
[Info  - 8:29:49 AM] Indexing ended. 1 files indexed in 0s.
[Info  - 8:30:36 AM] Indexing started.
[Info  - 8:30:37 AM] Indexing ended. 1 files indexed in 0s.
[Info  - 8:30:39 AM] Indexing started.
[Info  - 8:30:39 AM] Indexing ended. 1 files indexed in 0s.
[Info  - 8:30:41 AM] Indexing started.
[Info  - 8:30:41 AM] Indexing ended. 1 files indexed in 0s.
[Info  - 8:30:42 AM] Indexing started.
[Info  - 8:30:42 AM] Indexing ended. 1 files indexed in 0s.
[Info  - 8:30:43 AM] Indexing started.
[Info  - 8:30:44 AM] Indexing ended. 1 files indexed in 0s.
[Info  - 8:30:47 AM] Indexing started.
[Info  - 8:30:48 AM] Indexing ended. 1 files indexed in 0s.
[Info  - 8:30:49 AM] Indexing started.
[Info  - 8:30:49 AM] Indexing ended. 1 files indexed in 0s.
[Info  - 8:30:52 AM] Indexing started.
[Info  - 8:30:52 AM] Indexing ended. 1 files indexed in 0s.
[Info  - 8:30:56 AM] Indexing started.
[Info  - 8:30:57 AM] Indexing ended. 1 files indexed in 0s.
[Info  - 8:31:12 AM] Indexing started.
[Info  - 8:31:12 AM] Indexing ended. 1 files indexed in 0s.
[Info  - 8:31:56 AM] Indexing started.
[Info  - 8:31:57 AM] Indexing ended. 1 files indexed in 0s.
[Info  - 8:32:40 AM] Indexing started.
[Info  - 8:32:40 AM] Indexing ended. 1 files indexed in 0s.
[Info  - 8:32:44 AM] Indexing started.
[Info  - 8:32:44 AM] Indexing ended. 1 files indexed in 0s.
[Info  - 8:32:46 AM] Indexing started.
[Info  - 8:32:46 AM] Indexing ended. 1 files indexed in 0s.
[Info  - 8:32:48 AM] Indexing started.
[Info  - 8:32:49 AM] Indexing ended. 1 files indexed in 0s.
[Info  - 8:32:51 AM] Indexing started.
[Info  - 8:32:51 AM] Indexing ended. 1 files indexed in 0s.
[Info  - 8:32:54 AM] Indexing started.
[Info  - 8:32:54 AM] Indexing ended. 1 files indexed in 0s.
[Info  - 8:32:55 AM] Indexing started.
[Info  - 8:32:56 AM] Indexing ended. 1 files indexed in 0s.
[Info  - 8:33:01 AM] Indexing started.
[Info  - 8:33:01 AM] Indexing ended. 1 files indexed in 0s.
[Info  - 8:33:07 AM] Indexing started.
[Info  - 8:33:07 AM] Indexing ended. 1 files indexed in 0s.
[Info  - 8:33:15 AM] Indexing started.
[Info  - 8:33:15 AM] Indexing ended. 1 files indexed in 0s.
[Info  - 8:33:19 AM] Indexing started.
[Info  - 8:33:19 AM] Indexing ended. 1 files indexed in 0s.
[Info  - 8:33:21 AM] Indexing started.
[Info  - 8:33:21 AM] Indexing ended. 1 files indexed in 0s.
[Info  - 8:33:27 AM] Indexing started.
[Info  - 8:33:27 AM] Indexing ended. 1 files indexed in 0s.
[Info  - 8:33:29 AM] Indexing started.
[Info  - 8:33:30 AM] Indexing ended. 1 files indexed in 0s.
[Info  - 8:33:31 AM] Indexing started.
[Info  - 8:33:31 AM] Indexing ended. 1 files indexed in 0s.
[Info  - 8:33:36 AM] Indexing started.
[Info  - 8:33:36 AM] Indexing ended. 1 files indexed in 0s.
[Info  - 8:33:43 AM] Indexing started.
[Info  - 8:33:43 AM] Indexing ended. 1 files indexed in 0s.
[Info  - 8:34:11 AM] Indexing started.
[Info  - 8:34:11 AM] Indexing ended. 1 files indexed in 0s.
[Info  - 8:34:14 AM] Indexing started.
[Info  - 8:34:14 AM] Indexing ended. 1 files indexed in 0s.
[Info  - 8:34:26 AM] Indexing started.
[Info  - 8:34:26 AM] Indexing ended. 1 files indexed in 0s.
[Info  - 8:34:29 AM] Indexing started.
[Info  - 8:34:29 AM] Indexing ended. 1 files indexed in 0s.
[Info  - 8:34:39 AM] Indexing started.
[Info  - 8:34:39 AM] Indexing ended. 1 files indexed in 0s.
[Info  - 8:34:45 AM] Indexing started.
[Info  - 8:34:45 AM] Indexing ended. 1 files indexed in 0s.
[Info  - 8:34:51 AM] Indexing started.
[Info  - 8:34:51 AM] Indexing ended. 1 files indexed in 0s.
[Info  - 8:35:32 AM] Indexing started.
[Info  - 8:35:32 AM] Indexing ended. 1 files indexed in 0s.
[Info  - 8:35:45 AM] Indexing started.
[Info  - 8:35:46 AM] Indexing ended. 1 files indexed in 0s.
[Info  - 8:35:47 AM] Indexing started.
[Info  - 8:35:47 AM] Indexing ended. 1 files indexed in 0s.
[Info  - 8:36:04 AM] Indexing started.
[Info  - 8:36:04 AM] Indexing ended. 1 files indexed in 0s.
[Info  - 8:36:11 AM] Indexing started.
[Info  - 8:36:12 AM] Indexing ended. 1 files indexed in 0s.
[Info  - 8:36:23 AM] Indexing started.
[Info  - 8:36:23 AM] Indexing ended. 1 files indexed in 0s.
[Info  - 8:40:33 AM] Indexing started.
[Info  - 8:40:34 AM] Indexing ended. 1 files indexed in 0s.
[Info  - 8:43:36 AM] Indexing started.
[Info  - 8:43:36 AM] Indexing ended. 1 files indexed in 0s.
[Info  - 8:43:40 AM] Indexing started.
[Info  - 8:43:41 AM] Indexing ended. 1 files indexed in 0s.
[Info  - 8:43:48 AM] Indexing started.
[Info  - 8:43:48 AM] Indexing ended. 1 files indexed in 0s.
[Info  - 8:43:50 AM] Indexing started.
[Info  - 8:43:50 AM] Indexing ended. 1 files indexed in 0s.
[Info  - 8:43:52 AM] Indexing started.
[Info  - 8:43:53 AM] Indexing ended. 1 files indexed in 0s.
[Info  - 8:44:02 AM] Indexing started.
[Info  - 8:44:02 AM] Indexing ended. 1 files indexed in 0s.
[Info  - 8:44:07 AM] Indexing started.
[Info  - 8:44:07 AM] Indexing ended. 1 files indexed in 0s.
[Info  - 8:44:10 AM] Indexing started.
[Info  - 8:44:10 AM] Indexing ended. 1 files indexed in 0s.
[Info  - 8:44:34 AM] Indexing started.
[Info  - 8:44:34 AM] Indexing ended. 1 files indexed in 0s.
[Info  - 8:44:35 AM] Indexing started.
[Info  - 8:44:36 AM] Indexing ended. 1 files indexed in 0s.
[Info  - 8:44:37 AM] Indexing started.
[Info  - 8:44:38 AM] Indexing ended. 1 files indexed in 0s.
[Info  - 8:44:41 AM] Indexing started.
[Info  - 8:44:41 AM] Indexing ended. 1 files indexed in 0s.
[Info  - 8:44:43 AM] Indexing started.
[Info  - 8:44:43 AM] Indexing ended. 1 files indexed in 0s.
[Info  - 8:44:44 AM] Indexing started.
[Info  - 8:44:44 AM] Indexing ended. 1 files indexed in 0s.
[Info  - 8:44:49 AM] Indexing started.
[Info  - 8:44:49 AM] Indexing ended. 1 files indexed in 0s.
[Info  - 8:44:51 AM] Indexing started.
[Info  - 8:44:51 AM] Indexing ended. 1 files indexed in 0s.
[Info  - 8:45:09 AM] Indexing started.
[Info  - 8:45:09 AM] Indexing ended. 1 files indexed in 0s.
[Info  - 8:45:15 AM] Indexing started.
[Info  - 8:45:15 AM] Indexing ended. 1 files indexed in 0s.
[Info  - 8:45:50 AM] Indexing started.
[Info  - 8:45:50 AM] Indexing ended. 1 files indexed in 0s.
[Info  - 8:45:54 AM] Indexing started.
[Info  - 8:45:54 AM] Indexing ended. 1 files indexed in 0s.
[Info  - 8:46:51 AM] Indexing started.
[Info  - 8:46:51 AM] Indexing ended. 1 files indexed in 0s.
[Info  - 8:46:52 AM] Indexing started.
[Info  - 8:46:52 AM] Indexing ended. 1 files indexed in 0s.
[Info  - 8:46:53 AM] Indexing started.
[Info  - 8:46:54 AM] Indexing ended. 1 files indexed in 0s.
[Info  - 8:46:57 AM] Indexing started.
[Info  - 8:46:57 AM] Indexing ended. 1 files indexed in 0s.
[Info  - 8:46:58 AM] Indexing started.
[Info  - 8:46:58 AM] Indexing ended. 1 files indexed in 0s.
[Info  - 8:47:01 AM] Indexing started.
[Info  - 8:47:01 AM] Indexing ended. 1 files indexed in 0s.
[Info  - 8:47:03 AM] Indexing started.
[Info  - 8:47:03 AM] Indexing ended. 1 files indexed in 0s.
[Info  - 8:47:04 AM] Indexing started.
[Info  - 8:47:04 AM] Indexing ended. 1 files indexed in 0s.
[Info  - 8:47:08 AM] Indexing started.
[Info  - 8:47:08 AM] Indexing ended. 1 files indexed in 0s.
[Info  - 8:47:09 AM] Indexing started.
[Info  - 8:47:09 AM] Indexing ended. 1 files indexed in 0s.
[Info  - 8:47:16 AM] Indexing started.
[Info  - 8:47:16 AM] Indexing ended. 1 files indexed in 0s.
[Info  - 8:47:29 AM] Indexing started.
[Info  - 8:47:29 AM] Indexing ended. 1 files indexed in 0s.
[Info  - 8:47:30 AM] Indexing started.
[Info  - 8:47:30 AM] Indexing ended. 1 files indexed in 0s.
[Info  - 8:47:50 AM] Indexing started.
[Info  - 8:47:51 AM] Indexing ended. 1 files indexed in 0s.
[Info  - 8:48:47 AM] Indexing started.
[Info  - 8:48:48 AM] Indexing ended. 1 files indexed in 0s.
[Info  - 8:48:51 AM] Indexing started.
[Info  - 8:48:52 AM] Indexing ended. 1 files indexed in 0s.
[Info  - 8:48:53 AM] Indexing started.
[Info  - 8:48:53 AM] Indexing ended. 1 files indexed in 0s.
[Info  - 8:50:23 AM] Indexing started.
[Info  - 8:50:23 AM] Indexing ended. 1 files indexed in 0s.
[Info  - 8:50:28 AM] Indexing started.
[Info  - 8:50:28 AM] Indexing ended. 1 files indexed in 0s.
[Info  - 8:51:10 AM] Indexing started.
[Info  - 8:51:10 AM] Indexing ended. 1 files indexed in 0s.
[Info  - 8:51:20 AM] Indexing started.
[Info  - 8:51:20 AM] Indexing ended. 1 files indexed in 0s.
[Info  - 8:51:24 AM] Indexing started.
[Info  - 8:51:24 AM] Indexing ended. 1 files indexed in 0s.
[Info  - 8:51:37 AM] Indexing started.
[Info  - 8:51:37 AM] Indexing ended. 1 files indexed in 0s.
[Info  - 8:51:40 AM] Indexing started.
[Info  - 8:51:41 AM] Indexing ended. 1 files indexed in 0s.
[Info  - 8:51:43 AM] Indexing started.
[Info  - 8:51:43 AM] Indexing ended. 1 files indexed in 0s.
[Info  - 8:52:00 AM] Indexing started.
[Info  - 8:52:00 AM] Indexing ended. 1 files indexed in 0s.
[Info  - 8:52:05 AM] Indexing started.
[Info  - 8:52:05 AM] Indexing ended. 1 files indexed in 0s.
[Info  - 8:52:07 AM] Indexing started.
[Info  - 8:52:08 AM] Indexing ended. 1 files indexed in 0s.
[Info  - 8:52:14 AM] Indexing started.
[Info  - 8:52:14 AM] Indexing ended. 1 files indexed in 0s.
[Info  - 8:52:16 AM] Indexing started.
[Info  - 8:52:16 AM] Indexing ended. 1 files indexed in 0s.
[Info  - 8:52:18 AM] Indexing started.
[Info  - 8:52:22 AM] Indexing ended. 1 files indexed in 4s.
[Info  - 8:52:23 AM] Indexing started.
[Info  - 8:52:23 AM] Indexing ended. 1 files indexed in 0s.
[Info  - 8:52:46 AM] Indexing started.
[Info  - 8:52:46 AM] Indexing ended. 1 files indexed in 0s.
[Info  - 8:52:49 AM] Indexing started.
[Info  - 8:52:49 AM] Indexing ended. 1 files indexed in 0s.
[Info  - 8:52:51 AM] Indexing started.
[Info  - 8:52:51 AM] Indexing ended. 1 files indexed in 0s.
[Info  - 8:52:52 AM] Indexing started.
[Info  - 8:52:52 AM] Indexing ended. 1 files indexed in 0s.
[Info  - 8:53:18 AM] Indexing started.
[Info  - 8:53:18 AM] Indexing ended. 1 files indexed in 0s.
[Info  - 8:53:22 AM] Indexing started.
[Info  - 8:53:22 AM] Indexing ended. 1 files indexed in 0s.
[Info  - 8:53:25 AM] Indexing started.
[Info  - 8:53:25 AM] Indexing ended. 1 files indexed in 0s.
[Info  - 8:53:27 AM] Indexing started.
[Info  - 8:53:28 AM] Indexing ended. 1 files indexed in 0s.
[Info  - 8:53:29 AM] Indexing started.
[Info  - 8:53:29 AM] Indexing ended. 1 files indexed in 0s.
[Info  - 8:53:38 AM] Indexing started.
[Info  - 8:53:38 AM] Indexing ended. 1 files indexed in 0s.
[Info  - 8:56:18 AM] Indexing started.
[Info  - 8:56:18 AM] Indexing ended. 1 files indexed in 0s.
[Info  - 8:56:20 AM] Indexing started.
[Info  - 8:56:20 AM] Indexing ended. 1 files indexed in 0s.
[Info  - 8:56:24 AM] Indexing started.
[Info  - 8:56:25 AM] Indexing ended. 1 files indexed in 0s.
[Info  - 8:56:25 AM] Indexing started.
[Info  - 8:56:25 AM] Indexing ended. 1 files indexed in 0s.
[Info  - 8:56:26 AM] Indexing started.
[Info  - 8:56:27 AM] Indexing ended. 1 files indexed in 0s.
[Info  - 8:57:21 AM] Indexing started.
[Info  - 8:57:21 AM] Indexing ended. 1 files indexed in 0s.
[Info  - 9:00:34 AM] Indexing started.
[Info  - 9:00:34 AM] Indexing ended. 1 files indexed in 0s.
[Info  - 9:00:35 AM] Indexing started.
[Info  - 9:00:35 AM] Indexing ended. 1 files indexed in 0s.
[Info  - 9:24:48 AM] Indexing started.
[Info  - 9:24:49 AM] Indexing ended. 1 files indexed in 0s.
[Info  - 9:30:26 AM] Indexing started.
[Info  - 9:30:26 AM] Indexing ended. 1 files indexed in 0s.
[Info  - 9:32:47 AM] Indexing started.
[Info  - 9:32:47 AM] Indexing ended. 1 files indexed in 0s.
[Info  - 10:18:22 AM] Indexing started.
[Info  - 10:18:22 AM] Indexing ended. 1 files indexed in 0s.
[Info  - 10:18:30 AM] Indexing started.
[Info  - 10:18:30 AM] Indexing ended. 4 files indexed in 0s.
[Info  - 10:18:39 AM] Indexing started.
[Info  - 10:18:39 AM] Indexing ended. 1 files indexed in 0s.
[Info  - 10:18:48 AM] Indexing started.
[Info  - 10:18:48 AM] Indexing ended. 1 files indexed in 0s.
[Info  - 10:18:51 AM] Indexing started.
[Info  - 10:18:51 AM] Indexing ended. 1 files indexed in 0s.
